-----------------------------------------------------------------------------

Input images    : 15504_f090w_data.fits,15504_f115w_data.fits,15504_f150w_data.fits,15504_f277w_data.fits,15504_f356w_data.fits,15504_f410m_data.fits,15504_f444w_data.fits [25:75,25:75] 
Init. par. file : 15504_galfitm.feedme 
Restart file    : 15504_result.galfit.01 
Output image    : 15504_result.fits 

 F090W: psf       : (   50.70,    49.64)   29.24
                  (    0.03,     0.04)    0.00
 F115W: psf       : (   50.70,    49.69)   29.07
                  (    0.03,     0.04)    0.00
 F150W: psf       : (   50.70,    49.78)   28.94
                  (    0.03,     0.04)    0.00
 F277W: psf       : (   50.70,    50.07)   28.49
                  (    0.03,     0.04)    0.00
 F356W: psf       : (   50.70,    50.26)   27.31
                  (    0.03,     0.04)    0.00
 F410M: psf       : (   50.70,    50.39)   26.26
                  (    0.03,     0.04)    0.00
 F444W: psf       : (   50.71,    50.46)   26.19
                  (    0.03,     0.04)    0.00
 F090W: sersic    : (   50.27,    51.88)  *38.36*     6.46    4.17    0.17    -9.35
                  (    0.03,     0.04)   *0.00*     0.00    0.00    0.04     0.00
 F115W: sersic    : (   50.30,    51.78)   29.80      5.61    3.32    0.34    -3.70
                  (    0.03,     0.04)    0.00      0.00    0.00    0.04     0.00
 F150W: sersic    : (   50.33,    51.63)   28.65      4.56    2.31    0.54     4.21
                  (    0.03,     0.04)    0.00      0.00    0.00    0.04     0.00
 F277W: sersic    : (   50.46,    51.09)   29.47      2.12    0.31    0.81    32.91
                  (    0.03,     0.04)    0.00      0.00    0.00    0.04     0.00
 F356W: sersic    : (   50.55,    50.75)   28.03      1.71    0.41    0.62    50.76
                  (    0.03,     0.04)    0.00      0.00    0.00    0.04     0.00
 F410M: sersic    : (   50.60,    50.52)  *31.50*     1.92    1.06    0.35    62.97
                  (    0.03,     0.04)   *0.00*     0.00    0.00    0.04     0.00
 F444W: sersic    : (   50.64,    50.37)  *31.03*     2.25    1.72    0.11    70.65
                  (    0.03,     0.04)   *0.00*     0.00    0.00    0.04     0.00
 Chi^2 = 6962.88676,  ndof = 18174
 Chi^2/nu = 0.383 

-----------------------------------------------------------------------------
