-----------------------------------------------------------------------------

Input images    : 16321_f090w_data.fits,16321_f115w_data.fits,16321_f150w_data.fits,16321_f277w_data.fits,16321_f356w_data.fits,16321_f410m_data.fits,16321_f444w_data.fits [25:75,25:75] 
Init. par. file : 16321_galfitm.feedme 
Restart file    : 16321_result.galfit.01 
Output image    : 16321_result.fits 

 F090W: psf       : (   51.64,    49.70)   29.47
                  (    0.04,     0.06)    0.00
 F115W: psf       : (   51.60,    49.73)   29.81
                  (    0.04,     0.06)    0.00
 F150W: psf       : (   51.54,    49.76)   29.61
                  (    0.04,     0.06)    0.00
 F277W: psf       : (   51.33,    49.88)   28.34
                  (    0.04,     0.06)    0.00
 F356W: psf       : (   51.19,    49.96)   27.84
                  (    0.04,     0.06)    0.00
 F410M: psf       : (   51.10,    50.01)   26.76
                  (    0.04,     0.06)    0.00
 F444W: psf       : (   51.04,    50.05)   26.87
                  (    0.04,     0.06)    0.00
 F090W: sersic    : (   51.64,    48.07)  *31.02*     7.11    5.29    0.47    95.57
                  (    0.04,     0.06)   *0.00*     0.00    0.00    0.05     0.00
 F115W: sersic    : (   51.50,    48.28)  *30.06*     6.04    4.97    0.49    92.44
                  (    0.04,     0.06)   *0.00*     0.00    0.00    0.05     0.00
 F150W: sersic    : (   51.31,    48.58)   28.71      4.71    4.65    0.51    88.05
                  (    0.04,     0.06)    0.00      0.00    0.00    0.05     0.00
 F277W: sersic    : (   50.61,    49.67)   29.57      1.53    4.61    0.47    72.12
                  (    0.04,     0.06)    0.00      0.00    0.00    0.05     0.00
 F356W: sersic    : (   50.17,    50.35)   27.86      0.85    5.50    0.37    62.22
                  (    0.04,     0.06)    0.00      0.00    0.00    0.05     0.00
 F410M: sersic    : (   49.87,    50.82)   27.87      0.96    6.51    0.27    55.44
                  (    0.04,     0.06)    0.00      0.00    0.00    0.05     0.00
 F444W: sersic    : (   49.69,    51.11)   27.98      1.27    7.31    0.19    51.18
                  (    0.04,     0.06)    0.00      0.00    0.00    0.05     0.00
 Chi^2 = 7056.77866,  ndof = 18174
 Chi^2/nu = 0.388 

-----------------------------------------------------------------------------
-----------------------------------------------------------------------------

Input images    : 16321_f090w_data.fits,16321_f115w_data.fits,16321_f150w_data.fits,16321_f277w_data.fits,16321_f356w_data.fits,16321_f410m_data.fits,16321_f444w_data.fits [25:75,25:75] 
Init. par. file : 16321_galfitm.feedme 
Restart file    : 16321_result.galfit.02 
Output image    : 16321_result.fits 

 F090W: psf       : (   51.74,    49.91)   29.80
                  (    0.06,     0.10)    0.00
 F115W: psf       : (   51.69,    49.91)   29.85
                  (    0.06,     0.10)    0.00
 F150W: psf       : (   51.62,    49.90)   29.56
                  (    0.06,     0.10)    0.00
 F277W: psf       : (   51.36,    49.88)   28.38
                  (    0.06,     0.10)    0.00
 F356W: psf       : (   51.20,    49.86)   28.27
                  (    0.06,     0.10)    0.00
 F410M: psf       : (   51.09,    49.85)   27.52
                  (    0.06,     0.10)    0.00
 F444W: psf       : (   51.02,    49.84)   27.70
                  (    0.06,     0.10)    0.00
 F090W: sersic    : (   50.40,    49.12)  *30.20*     4.47    4.57    0.35    92.60
                  (    0.06,     0.10)   *0.00*     0.00    0.00    0.13     0.00
 F115W: sersic    : (   50.41,    49.22)  *30.08*     4.23    4.57    0.39    89.61
                  (    0.06,     0.10)   *0.00*     0.00    0.00    0.13     0.00
 F150W: sersic    : (   50.43,    49.37)   29.43      3.88    4.57    0.44    85.41
                  (    0.06,     0.10)    0.00      0.00    0.00    0.13     0.00
 F277W: sersic    : (   50.51,    49.89)   29.11      2.52    4.57    0.45    70.20
                  (    0.06,     0.10)    0.00      0.00    0.00    0.13     0.00
 F356W: sersic    : (   50.56,    50.21)   27.38      1.60    4.57    0.33    60.74
                  (    0.06,     0.10)    0.00      0.00    0.00    0.13     0.00
 F410M: sersic    : (   50.59,    50.43)   26.85      0.93    4.57    0.20    54.27
                  (    0.06,     0.10)    0.00      0.00    0.00    0.13     0.00
 F444W: sersic    : (   50.61,    50.57)   27.00      0.50    4.57    0.10    50.20
                  (    0.06,     0.10)    0.00      0.00    0.00    0.13     0.00
 Chi^2 = 18999.37616,  ndof = 18174
 Chi^2/nu = 1.045 

-----------------------------------------------------------------------------
-----------------------------------------------------------------------------

Input images    : 16321_f090w_data.fits,16321_f115w_data.fits,16321_f150w_data.fits,16321_f277w_data.fits,16321_f356w_data.fits,16321_f410m_data.fits,16321_f444w_data.fits [25:75,25:75] 
Init. par. file : 16321_galfitm.feedme 
Restart file    : 16321_result.galfit.03 
Output image    : 16321_result.fits 

 F090W: psf       : (   51.74,    49.91)   29.80
                  (    0.06,     0.10)    0.00
 F115W: psf       : (   51.69,    49.91)   29.85
                  (    0.06,     0.10)    0.00
 F150W: psf       : (   51.62,    49.90)   29.56
                  (    0.06,     0.10)    0.00
 F277W: psf       : (   51.36,    49.88)   28.38
                  (    0.06,     0.10)    0.00
 F356W: psf       : (   51.20,    49.86)   28.27
                  (    0.06,     0.10)    0.00
 F410M: psf       : (   51.09,    49.85)   27.52
                  (    0.06,     0.10)    0.00
 F444W: psf       : (   51.02,    49.84)   27.70
                  (    0.06,     0.10)    0.00
 F090W: sersic    : (   50.40,    49.12)  *30.20*     4.47    4.57    0.35    92.60
                  (    0.06,     0.10)   *0.00*     0.00    0.00    0.13     0.00
 F115W: sersic    : (   50.41,    49.22)  *30.08*     4.23    4.57    0.39    89.61
                  (    0.06,     0.10)   *0.00*     0.00    0.00    0.13     0.00
 F150W: sersic    : (   50.43,    49.37)   29.43      3.88    4.57    0.44    85.41
                  (    0.06,     0.10)    0.00      0.00    0.00    0.13     0.00
 F277W: sersic    : (   50.51,    49.89)   29.11      2.52    4.57    0.45    70.20
                  (    0.06,     0.10)    0.00      0.00    0.00    0.13     0.00
 F356W: sersic    : (   50.56,    50.21)   27.38      1.60    4.57    0.33    60.74
                  (    0.06,     0.10)    0.00      0.00    0.00    0.13     0.00
 F410M: sersic    : (   50.59,    50.43)   26.85      0.93    4.57    0.20    54.27
                  (    0.06,     0.10)    0.00      0.00    0.00    0.13     0.00
 F444W: sersic    : (   50.61,    50.57)   27.00      0.50    4.57    0.10    50.20
                  (    0.06,     0.10)    0.00      0.00    0.00    0.13     0.00
 Chi^2 = 18999.37616,  ndof = 18174
 Chi^2/nu = 1.045 

-----------------------------------------------------------------------------
-----------------------------------------------------------------------------

Input images    : 16321_f090w_data.fits,16321_f115w_data.fits,16321_f150w_data.fits,16321_f277w_data.fits,16321_f356w_data.fits,16321_f410m_data.fits,16321_f444w_data.fits [25:75,25:75] 
Init. par. file : 16321_galfitm.feedme 
Restart file    : 16321_result.galfit.04 
Output image    : 16321_result.fits 

 F090W: psf       : (   51.78,    49.84)   29.80
                  (    0.05,     0.07)    0.00
 F115W: psf       : (   51.72,    49.85)   29.87
                  (    0.05,     0.07)    0.00
 F150W: psf       : (   51.63,    49.87)   29.55
                  (    0.05,     0.07)    0.00
 F277W: psf       : (   51.32,    49.92)   28.37
                  (    0.05,     0.07)    0.00
 F356W: psf       : (   51.13,    49.96)   28.11
                  (    0.05,     0.07)    0.00
 F410M: psf       : (   51.00,    49.98)   27.32
                  (    0.05,     0.07)    0.00
 F444W: psf       : (   50.91,    50.00)   27.35
                  (    0.05,     0.07)    0.00
 F090W: sersic    : (   50.42,    49.05)  *30.19*     4.71    4.57    0.35    93.36
                  (    0.05,     0.07)   *0.00*     0.00    0.00    0.10     0.00
 F115W: sersic    : (   50.43,    49.16)  *30.07*     4.39    4.57    0.39    89.92
                  (    0.05,     0.07)   *0.00*     0.00    0.00    0.10     0.00
 F150W: sersic    : (   50.44,    49.32)   29.41      3.98    4.57    0.43    85.11
                  (    0.05,     0.07)    0.00      0.00    0.00    0.10     0.00
 F277W: sersic    : (   50.50,    49.87)   29.11      2.92    4.57    0.44    67.67
                  (    0.05,     0.07)    0.00      0.00    0.00    0.10     0.00
 F356W: sersic    : (   50.53,    50.22)   27.36      2.58    4.57    0.33    56.81
                  (    0.05,     0.07)    0.00      0.00    0.00    0.10     0.00
 F410M: sersic    : (   50.56,    50.45)   26.82      2.50    4.57    0.21    49.40
                  (    0.05,     0.07)    0.00      0.00    0.00    0.10     0.00
 F444W: sersic    : (   50.57,    50.60)   27.00      2.51    4.57    0.10    44.72
                  (    0.05,     0.07)    0.00      0.00    0.00    0.10     0.00
 Chi^2 = 19081.87258,  ndof = 18174
 Chi^2/nu = 1.050 

-----------------------------------------------------------------------------
-----------------------------------------------------------------------------

Input images    : 16321_f090w_data.fits,16321_f115w_data.fits,16321_f150w_data.fits,16321_f277w_data.fits,16321_f356w_data.fits,16321_f410m_data.fits,16321_f444w_data.fits [25:75,25:75] 
Init. par. file : 16321_galfitm_psf.feedme 
Restart file    : 16321_result.galfit.05 
Output image    : 16321_result.fits 

 F090W: psf       : (   51.63,    49.68)   29.40
                  (    0.03,     0.05)    0.00
 F115W: psf       : (   51.56,    49.71)   29.71
                  (    0.03,     0.05)    0.00
 F150W: psf       : (   51.47,    49.77)   29.18
                  (    0.03,     0.05)    0.00
 F277W: psf       : (   51.14,    49.96)   28.12
                  (    0.03,     0.05)    0.00
 F356W: psf       : (   50.93,    50.08)   27.21
                  (    0.03,     0.05)    0.00
 F410M: psf       : (   50.79,    50.17)   26.49
                  (    0.03,     0.05)    0.00
 F444W: psf       : (   50.70,    50.22)   26.60
                  (    0.03,     0.05)    0.00
 Chi^2 = 18868.43703,  ndof = 18196
 Chi^2/nu = 1.037 

-----------------------------------------------------------------------------
-----------------------------------------------------------------------------

Input images    : 16321_f090w_data.fits,16321_f115w_data.fits,16321_f150w_data.fits,16321_f277w_data.fits,16321_f356w_data.fits,16321_f410m_data.fits,16321_f444w_data.fits [25:75,25:75] 
Init. par. file : 16321_galfitm_psf.feedme 
Restart file    : 16321_result_psf.galfit.01 
Output image    : 16321_result_psf.fits 

 F090W: psf       : (   51.63,    49.68)   29.40
                  (    0.03,     0.05)    0.00
 F115W: psf       : (   51.56,    49.71)   29.71
                  (    0.03,     0.05)    0.00
 F150W: psf       : (   51.47,    49.77)   29.18
                  (    0.03,     0.05)    0.00
 F277W: psf       : (   51.14,    49.96)   28.12
                  (    0.03,     0.05)    0.00
 F356W: psf       : (   50.93,    50.08)   27.21
                  (    0.03,     0.05)    0.00
 F410M: psf       : (   50.79,    50.17)   26.49
                  (    0.03,     0.05)    0.00
 F444W: psf       : (   50.70,    50.22)   26.60
                  (    0.03,     0.05)    0.00
 Chi^2 = 18868.43703,  ndof = 18196
 Chi^2/nu = 1.037 

-----------------------------------------------------------------------------
-----------------------------------------------------------------------------

Input images    : 16321_f150w_data.fits,16321_f277w_data.fits,16321_f356w_data.fits,16321_f410m_data.fits,16321_f444w_data.fits [25:75,25:75] 
Init. par. file : 16321_galfitm_psf.feedme 
Restart file    : 16321_result_psf.galfit.02 
Output image    : 16321_result_psf.fits 

 F150W: psf       : (   51.39,    49.68)   29.19
                  (    0.03,     0.05)    0.00
 F277W: psf       : (   51.10,    49.92)   28.12
                  (    0.03,     0.05)    0.00
 F356W: psf       : (   50.92,    50.07)   27.21
                  (    0.03,     0.05)    0.00
 F410M: psf       : (   50.79,    50.17)   26.49
                  (    0.03,     0.05)    0.00
 F444W: psf       : (   50.72,    50.23)   26.60
                  (    0.03,     0.05)    0.00
 Chi^2 = 13492.64382,  ndof = 12996
 Chi^2/nu = 1.038 

-----------------------------------------------------------------------------
-----------------------------------------------------------------------------

Input images    : 16321_f150w_data.fits,16321_f277w_data.fits,16321_f356w_data.fits,16321_f410m_data.fits,16321_f444w_data.fits [25:75,25:75] 
Init. par. file : 16321_galfitm.feedme 
Restart file    : 16321_result.galfit.06 
Output image    : 16321_result.fits 

 F150W: psf       : (   51.63,    50.38)   29.54
                  (    0.04,     0.09)    0.00
 F277W: psf       : (   50.59,    49.49)   29.52
                  (    0.04,     0.09)    0.00
 F356W: psf       : (   50.23,    49.18)  *30.31*
                  (    0.04,     0.09)   *0.00*
 F410M: psf       : (   49.98,    48.97)   29.73
                  (    0.04,     0.09)    0.00
 F444W: psf       : (   49.83,    48.84)   28.47
                  (    0.04,     0.09)    0.00
 F150W: sersic    : (   51.08,    49.75)  *30.01*     4.53    6.00    0.10    76.02
                  (    0.04,     0.09)   *0.00*     0.00    0.00    0.00     0.00
 F277W: sersic    : (   50.99,    50.16)   28.86      2.55    2.36    0.94    64.03
                  (    0.04,     0.09)    0.00      0.00    0.00    0.00     0.00
 F356W: sersic    : (   50.97,    50.31)   27.24      2.20    3.10    0.77    59.86
                  (    0.04,     0.09)    0.00      0.00    0.00    0.00     0.00
 F410M: sersic    : (   50.95,    50.40)   26.41      2.06    4.19    0.52    57.00
                  (    0.04,     0.09)    0.00      0.00    0.00    0.00     0.00
 F444W: sersic    : (   50.93,    50.47)   26.54      2.01    5.13    0.31    55.21
                  (    0.04,     0.09)    0.00      0.00    0.00    0.00     0.00
 Chi^2 = 13939.27846,  ndof = 12976
 Chi^2/nu = 1.074 

-----------------------------------------------------------------------------
-----------------------------------------------------------------------------

Input images    : 16321_f150w_data.fits,16321_f277w_data.fits,16321_f356w_data.fits,16321_f410m_data.fits,16321_f444w_data.fits [25:75,25:75] 
Init. par. file : 16321_galfitm.feedme 
Restart file    : 16321_result.galfit.07 
Output image    : 16321_result.fits 

 F150W: psf       : (   51.62,    50.09)   29.35
                  (    0.05,     0.07)    0.00
 F277W: psf       : (   51.14,    50.14)   28.46
                  (    0.05,     0.07)    0.00
 F356W: psf       : (   50.98,    50.16)   27.66
                  (    0.05,     0.07)    0.00
 F410M: psf       : (   50.87,    50.17)   26.73
                  (    0.05,     0.07)    0.00
 F444W: psf       : (   50.80,    50.18)   26.63
                  (    0.05,     0.07)    0.00
 F150W: sersic    : (   51.74,    46.24)   28.38      6.83    2.04    0.16    76.94
                  (    0.05,     0.07)    0.00      0.00    0.00    0.00     0.00
 F277W: sersic    : (   50.85,    49.00)   28.92      2.02    5.80    0.32    60.11
                  (    0.05,     0.07)    0.00      0.00    0.00    0.00     0.00
 F356W: sersic    : (   50.54,    49.96)   27.86      2.87    5.94    0.26    54.26
                  (    0.05,     0.07)    0.00      0.00    0.00    0.00     0.00
 F410M: sersic    : (   50.33,    50.62)   27.64      4.20    5.68    0.18    50.25
                  (    0.05,     0.07)    0.00      0.00    0.00    0.00     0.00
 F444W: sersic    : (   50.20,    51.03)   29.71      5.34    5.38    0.11    47.73
                  (    0.05,     0.07)    0.00      0.00    0.00    0.00     0.00
 Chi^2 = 13428.50426,  ndof = 12976
 Chi^2/nu = 1.035 

-----------------------------------------------------------------------------
-----------------------------------------------------------------------------

Input images    : 16321_f150w_data.fits,16321_f277w_data.fits,16321_f356w_data.fits,16321_f410m_data.fits,16321_f444w_data.fits [25:75,25:75] 
Init. par. file : 16321_galfitm.feedme 
Restart file    : 16321_result.galfit.08 
Output image    : 16321_result.fits 

 F150W: psf       : (   51.68,    49.72)   29.60
                  (    0.05,     0.06)    0.00
 F277W: psf       : (   51.17,    49.99)   28.43
                  (    0.05,     0.06)    0.00
 F356W: psf       : (   50.99,    50.09)   27.59
                  (    0.05,     0.06)    0.00
 F410M: psf       : (   50.87,    50.15)   26.66
                  (    0.05,     0.06)    0.00
 F444W: psf       : (   50.80,    50.19)   26.62
                  (    0.05,     0.06)    0.00
 F150W: sersic    : (   51.98,    48.05)   28.05      6.61    0.30    0.51    79.63
                  (    0.05,     0.06)    0.00      0.00    0.00    0.00     0.00
 F277W: sersic    : (   50.83,    49.65)   29.18      2.00    5.86    0.29    63.63
                  (    0.05,     0.06)    0.00      0.00    0.00    0.00     0.00
 F356W: sersic    : (   50.43,    50.21)   28.04      2.61    6.00    0.21    58.06
                  (    0.05,     0.06)    0.00      0.00    0.00    0.00     0.00
 F410M: sersic    : (   50.16,    50.59)   28.04      3.69    5.56    0.14    54.25
                  (    0.05,     0.06)    0.00      0.00    0.00    0.00     0.00
 F444W: sersic    : (   49.99,    50.83)  *30.50*     4.64    5.05    0.10    51.85
                  (    0.05,     0.06)   *0.00*     0.00    0.00    0.00     0.00
 Chi^2 = 13412.36523,  ndof = 12976
 Chi^2/nu = 1.034 

-----------------------------------------------------------------------------
