-----------------------------------------------------------------------------

Input images    : 22015_f090w_data.fits,22015_f115w_data.fits,22015_f150w_data.fits,22015_f277w_data.fits,22015_f356w_data.fits,22015_f410m_data.fits,22015_f444w_data.fits [25:75,25:75] 
Init. par. file : 22015_galfitm.feedme 
Restart file    : 22015_result.galfit.01 
Output image    : 22015_result.fits 

 F090W: psf       : (   50.40,    50.40)   28.53
                  (    0.04,     0.06)    0.00
 F115W: psf       : (   50.41,    50.43)   29.19
                  (    0.04,     0.06)    0.00
 F150W: psf       : (   50.44,    50.49)   29.29
                  (    0.04,     0.06)    0.00
 F277W: psf       : (   50.54,    50.68)   27.95
                  (    0.04,     0.06)    0.00
 F356W: psf       : (   50.60,    50.80)   27.76
                  (    0.04,     0.06)    0.00
 F410M: psf       : (   50.64,    50.88)   26.87
                  (    0.04,     0.06)    0.00
 F444W: psf       : (   50.66,    50.93)   26.85
                  (    0.04,     0.06)    0.00
 F090W: sersic    : (   48.00,    50.36)   29.05      4.82    0.30    0.90  -132.96
                  (    0.04,     0.06)    0.00      0.00    0.00    0.07     0.00
 F115W: sersic    : (   48.12,    50.19)   28.88      4.56    0.39    0.68  -122.84
                  (    0.04,     0.06)    0.00      0.00    0.00    0.07     0.00
 F150W: sersic    : (   48.29,    49.96)   28.70      4.46    0.53    0.44  -108.68
                  (    0.04,     0.06)    0.00      0.00    0.00    0.07     0.00
 F277W: sersic    : (   48.91,    49.12)   27.86      6.50    1.34    0.10   -57.30
                  (    0.04,     0.06)    0.00      0.00    0.00    0.07     0.00
 F356W: sersic    : (   49.29,    48.59)   27.69      9.70    2.06    0.34   -25.34
                  (    0.04,     0.06)    0.00      0.00    0.00    0.07     0.00
 F410M: sersic    : (   49.55,    48.23)   26.25     12.73    2.66    0.69    -3.50
                  (    0.04,     0.06)    0.00      0.00    0.00    0.07     0.00
 F444W: sersic    : (   49.72,    48.01)   26.26     15.00    3.07    1.00    10.26
                  (    0.04,     0.06)    0.00      0.00    0.00    0.07     0.00
 Chi^2 = 14461.09385,  ndof = 18174
 Chi^2/nu = 0.796 

-----------------------------------------------------------------------------
-----------------------------------------------------------------------------

Input images    : 22015_f090w_data.fits,22015_f115w_data.fits,22015_f150w_data.fits,22015_f277w_data.fits,22015_f356w_data.fits,22015_f410m_data.fits,22015_f444w_data.fits [25:75,25:75] 
Init. par. file : 22015_galfitm.feedme 
Restart file    : 22015_result.galfit.02 
Output image    : 22015_result.fits 

 F090W: psf       : (   50.41,    50.35)   28.40
                  (    0.04,     0.05)    0.00
 F115W: psf       : (   50.42,    50.39)   28.90
                  (    0.04,     0.05)    0.00
 F150W: psf       : (   50.43,    50.43)   28.73
                  (    0.04,     0.05)    0.00
 F277W: psf       : (   50.47,    50.61)   27.79
                  (    0.04,     0.05)    0.00
 F356W: psf       : (   50.50,    50.71)   27.69
                  (    0.04,     0.05)    0.00
 F410M: psf       : (   50.51,    50.79)   26.79
                  (    0.04,     0.05)    0.00
 F444W: psf       : (   50.52,    50.83)   26.82
                  (    0.04,     0.05)    0.00
 F090W: sersic    : (   48.00,    48.67)   28.21     10.83    1.37    0.92    -8.11
                  (    0.04,     0.05)    0.00      0.00    0.00    0.05     0.00
 F115W: sersic    : (   48.23,    48.62)   27.85     11.87    1.15    0.86    -9.46
                  (    0.04,     0.05)    0.00      0.00    0.00    0.05     0.00
 F150W: sersic    : (   48.55,    48.56)   27.73     13.08    0.88    0.79   -11.35
                  (    0.04,     0.05)    0.00      0.00    0.00    0.05     0.00
 F277W: sersic    : (   49.70,    48.32)   26.59     15.00    0.45    0.58   -18.20
                  (    0.04,     0.05)    0.00      0.00    0.00    0.05     0.00
 F356W: sersic    : (   50.42,    48.17)   27.01     14.26    0.59    0.51   -22.46
                  (    0.04,     0.05)    0.00      0.00    0.00    0.05     0.00
 F410M: sersic    : (   50.91,    48.07)   26.32     12.90    0.87    0.48   -25.37
                  (    0.04,     0.05)    0.00      0.00    0.00    0.05     0.00
 F444W: sersic    : (   51.22,    48.00)   26.65     11.70    1.12    0.48   -27.21
                  (    0.04,     0.05)    0.00      0.00    0.00    0.05     0.00
 Chi^2 = 34118.33922,  ndof = 18174
 Chi^2/nu = 1.877 

-----------------------------------------------------------------------------
-----------------------------------------------------------------------------

Input images    : 22015_f090w_data.fits,22015_f115w_data.fits,22015_f150w_data.fits,22015_f277w_data.fits,22015_f356w_data.fits,22015_f410m_data.fits,22015_f444w_data.fits [25:75,25:75] 
Init. par. file : 22015_galfitm.feedme 
Restart file    : 22015_result.galfit.03 
Output image    : 22015_result.fits 

 F090W: psf       : (   50.41,    50.35)   28.41
                  (    0.04,     0.05)    0.00
 F115W: psf       : (   50.42,    50.39)   28.92
                  (    0.04,     0.05)    0.00
 F150W: psf       : (   50.43,    50.43)   28.75
                  (    0.04,     0.05)    0.00
 F277W: psf       : (   50.47,    50.61)   27.79
                  (    0.04,     0.05)    0.00
 F356W: psf       : (   50.50,    50.71)   27.69
                  (    0.04,     0.05)    0.00
 F410M: psf       : (   50.51,    50.79)   26.79
                  (    0.04,     0.05)    0.00
 F444W: psf       : (   50.53,    50.83)   26.82
                  (    0.04,     0.05)    0.00
 F090W: sersic    : (   48.00,    48.64)   28.23     10.84    1.38    0.91    -7.47
                  (    0.04,     0.05)    0.00      0.00    0.00    0.05     0.00
 F115W: sersic    : (   48.23,    48.59)   27.84     11.87    1.15    0.86    -8.87
                  (    0.04,     0.05)    0.00      0.00    0.00    0.05     0.00
 F150W: sersic    : (   48.54,    48.53)   27.72     13.08    0.88    0.79   -10.83
                  (    0.04,     0.05)    0.00      0.00    0.00    0.05     0.00
 F277W: sersic    : (   49.68,    48.30)   26.57     15.00    0.44    0.60   -17.94
                  (    0.04,     0.05)    0.00      0.00    0.00    0.05     0.00
 F356W: sersic    : (   50.39,    48.16)   26.98     14.26    0.58    0.52   -22.37
                  (    0.04,     0.05)    0.00      0.00    0.00    0.05     0.00
 F410M: sersic    : (   50.88,    48.06)   26.32     12.91    0.86    0.48   -25.39
                  (    0.04,     0.05)    0.00      0.00    0.00    0.05     0.00
 F444W: sersic    : (   51.19,    48.00)   26.66     11.70    1.11    0.47   -27.29
                  (    0.04,     0.05)    0.00      0.00    0.00    0.05     0.00
 Chi^2 = 34113.57381,  ndof = 18174
 Chi^2/nu = 1.877 

-----------------------------------------------------------------------------
-----------------------------------------------------------------------------

Input images    : 22015_f090w_data.fits,22015_f115w_data.fits,22015_f150w_data.fits,22015_f277w_data.fits,22015_f356w_data.fits,22015_f410m_data.fits,22015_f444w_data.fits [25:75,25:75] 
Init. par. file : 22015_galfitm.feedme 
Restart file    : 22015_result.galfit.04 
Output image    : 22015_result.fits 

 F090W: psf       : (   50.41,    50.35)   28.41
                  (    0.04,     0.05)    0.00
 F115W: psf       : (   50.42,    50.39)   28.92
                  (    0.04,     0.05)    0.00
 F150W: psf       : (   50.43,    50.43)   28.75
                  (    0.04,     0.05)    0.00
 F277W: psf       : (   50.47,    50.61)   27.79
                  (    0.04,     0.05)    0.00
 F356W: psf       : (   50.50,    50.71)   27.69
                  (    0.04,     0.05)    0.00
 F410M: psf       : (   50.51,    50.79)   26.79
                  (    0.04,     0.05)    0.00
 F444W: psf       : (   50.53,    50.83)   26.82
                  (    0.04,     0.05)    0.00
 F090W: sersic    : (   48.00,    48.64)   28.23     10.84    1.38    0.91    -7.47
                  (    0.04,     0.05)    0.00      0.00    0.00    0.05     0.00
 F115W: sersic    : (   48.23,    48.59)   27.84     11.87    1.15    0.86    -8.87
                  (    0.04,     0.05)    0.00      0.00    0.00    0.05     0.00
 F150W: sersic    : (   48.54,    48.53)   27.72     13.08    0.88    0.79   -10.83
                  (    0.04,     0.05)    0.00      0.00    0.00    0.05     0.00
 F277W: sersic    : (   49.68,    48.30)   26.57     15.00    0.44    0.60   -17.94
                  (    0.04,     0.05)    0.00      0.00    0.00    0.05     0.00
 F356W: sersic    : (   50.39,    48.16)   26.98     14.26    0.58    0.52   -22.37
                  (    0.04,     0.05)    0.00      0.00    0.00    0.05     0.00
 F410M: sersic    : (   50.88,    48.06)   26.32     12.91    0.86    0.48   -25.39
                  (    0.04,     0.05)    0.00      0.00    0.00    0.05     0.00
 F444W: sersic    : (   51.19,    48.00)   26.66     11.70    1.11    0.47   -27.29
                  (    0.04,     0.05)    0.00      0.00    0.00    0.05     0.00
 Chi^2 = 34113.57381,  ndof = 18174
 Chi^2/nu = 1.877 

-----------------------------------------------------------------------------
-----------------------------------------------------------------------------

Input images    : 22015_f090w_data.fits,22015_f115w_data.fits,22015_f150w_data.fits,22015_f277w_data.fits,22015_f356w_data.fits,22015_f410m_data.fits,22015_f444w_data.fits [25:75,25:75] 
Init. par. file : 22015_galfitm_my.feedme 
Restart file    : 22015_result.galfit.05 
Output image    : 22015_result.fits 

 F090W: psf       : (   50.42,    50.36)   28.49
                  (    0.03,     0.04)    0.00
 F115W: psf       : (   50.43,    50.40)   29.06
                  (    0.03,     0.04)    0.00
 F150W: psf       : (   50.44,    50.45)   29.06
                  (    0.03,     0.04)    0.00
 F277W: psf       : (   50.49,    50.63)   27.75
                  (    0.03,     0.04)    0.00
 F356W: psf       : (   50.52,    50.74)   27.58
                  (    0.03,     0.04)    0.00
 F410M: psf       : (   50.55,    50.81)   26.76
                  (    0.03,     0.04)    0.00
 F444W: psf       : (   50.56,    50.86)   26.77
                  (    0.03,     0.04)    0.00
 F090W: sersic    : (   46.03,    48.47)   28.23      8.97    3.93    0.35    -2.76
                  (    0.03,     0.04)    0.00      0.00    0.00    0.04     0.00
 F115W: sersic    : (   46.36,    48.29)   28.20      9.30    3.47    0.51    -5.66
                  (    0.03,     0.04)    0.00      0.00    0.00    0.04     0.00
 F150W: sersic    : (   46.84,    48.05)   28.18      9.66    2.88    0.69    -9.71
                  (    0.03,     0.04)    0.00      0.00    0.00    0.04     0.00
 F277W: sersic    : (   48.55,    47.16)   27.45     10.00    1.35    1.00   -24.41
                  (    0.03,     0.04)    0.00      0.00    0.00    0.04     0.00
 F356W: sersic    : (   49.62,    46.61)   28.26      9.44    0.86    0.91   -33.56
                  (    0.03,     0.04)    0.00      0.00    0.00    0.04     0.00
 F410M: sersic    : (   50.35,    46.24)   26.80      8.73    0.74    0.71   -39.81
                  (    0.03,     0.04)    0.00      0.00    0.00    0.04     0.00
 F444W: sersic    : (   50.81,    46.00)   27.22      8.14    0.75    0.54   -43.75
                  (    0.03,     0.04)    0.00      0.00    0.00    0.04     0.00
 Chi^2 = 17727.56960,  ndof = 17415
 Chi^2/nu = 1.018 

-----------------------------------------------------------------------------
-----------------------------------------------------------------------------

Input images    : 22015_f090w_data.fits,22015_f115w_data.fits,22015_f150w_data.fits,22015_f277w_data.fits,22015_f356w_data.fits,22015_f410m_data.fits,22015_f444w_data.fits [25:75,25:75] 
Init. par. file : 22015_galfitm_my.feedme 
Restart file    : 22015_result.galfit.06 
Output image    : 22015_result.fits 

 F090W: psf       : (   50.41,    50.40)   28.47
                  (    0.03,     0.04)    0.00
 F115W: psf       : (   50.43,    50.43)   29.01
                  (    0.03,     0.04)    0.00
 F150W: psf       : (   50.45,    50.48)   29.02
                  (    0.03,     0.04)    0.00
 F277W: psf       : (   50.52,    50.65)   27.75
                  (    0.03,     0.04)    0.00
 F356W: psf       : (   50.56,    50.75)   27.59
                  (    0.03,     0.04)    0.00
 F410M: psf       : (   50.59,    50.82)   26.76
                  (    0.03,     0.04)    0.00
 F444W: psf       : (   50.61,    50.87)   26.76
                  (    0.03,     0.04)    0.00
 F090W: sersic    : (   46.01,    48.74)   28.46     10.00    3.40    1.00  [-81.78]
                  (    0.03,     0.04)    0.00      0.00    0.00    0.03    [0.00]
 F115W: sersic    : (   46.35,    48.54)   28.18      9.87    3.23    1.00  [-81.78]
                  (    0.03,     0.04)    0.00      0.00    0.00    0.03    [0.00]
 F150W: sersic    : (   46.83,    48.27)   28.03      9.68    2.99    1.00  [-81.78]
                  (    0.03,     0.04)    0.00      0.00    0.00    0.03    [0.00]
 F277W: sersic    : (   48.59,    47.29)   27.58      9.01    2.11    1.00  [-81.78]
                  (    0.03,     0.04)    0.00      0.00    0.00    0.03    [0.00]
 F356W: sersic    : (   49.68,    46.68)   28.28      8.59    1.57    1.00  [-81.78]
                  (    0.03,     0.04)    0.00      0.00    0.00    0.03    [0.00]
 F410M: sersic    : (   50.42,    46.27)   26.69      8.30    1.20    1.00  [-81.78]
                  (    0.03,     0.04)    0.00      0.00    0.00    0.03    [0.00]
 F444W: sersic    : (   50.89,    46.01)   27.02      8.12    0.97    1.00  [-81.78]
                  (    0.03,     0.04)    0.00      0.00    0.00    0.03    [0.00]
 Chi^2 = 17754.63016,  ndof = 17421
 Chi^2/nu = 1.019 

-----------------------------------------------------------------------------
-----------------------------------------------------------------------------

Input images    : 22015_f090w_data.fits,22015_f115w_data.fits,22015_f150w_data.fits,22015_f277w_data.fits,22015_f356w_data.fits,22015_f410m_data.fits,22015_f444w_data.fits [25:75,25:75] 
Init. par. file : 22015_galfitm_my.feedme 
Restart file    : 22015_result.galfit.07 
Output image    : 22015_result.fits 

 F090W: psf       : (   50.44,    50.25)  *31.04*
                  (    0.12,     0.13)   *0.00*
 F115W: psf       : (   50.46,    50.29)  *30.79*
                  (    0.12,     0.13)   *0.00*
 F150W: psf       : (   50.48,    50.34)  *30.91*
                  (    0.12,     0.13)   *0.00*
 F277W: psf       : (   50.54,    50.54)   29.08
                  (    0.12,     0.13)    0.00
 F356W: psf       : (   50.58,    50.65)   27.70
                  (    0.12,     0.13)    0.00
 F410M: psf       : (   50.61,    50.74)   27.35
                  (    0.12,     0.13)    0.00
 F444W: psf       : (   50.63,    50.79)   26.63
                  (    0.12,     0.13)    0.00
 F090W: sersic    : (   50.38,    50.64)   28.12      2.00    3.15    0.40  [-81.78]
                  (    0.12,     0.13)    0.00      0.00    0.00    0.16    [0.00]
 F115W: sersic    : (   50.37,    50.62)   28.91      2.02    3.35    0.40  [-81.78]
                  (    0.12,     0.13)    0.00      0.00    0.00    0.16    [0.00]
 F150W: sersic    : (   50.36,    50.59)   29.90      2.05    3.63    0.40  [-81.78]
                  (    0.12,     0.13)    0.00      0.00    0.00    0.16    [0.00]
 F277W: sersic    : (   50.33,    50.49)   27.45      2.16    4.65    0.40  [-81.78]
                  (    0.12,     0.13)    0.00      0.00    0.00    0.16    [0.00]
 F356W: sersic    : (   50.31,    50.43)   28.91      2.22    5.28    0.40  [-81.78]
                  (    0.12,     0.13)    0.00      0.00    0.00    0.16    [0.00]
 F410M: sersic    : (   50.29,    50.39)   26.84      2.26    5.71    0.40  [-81.78]
                  (    0.12,     0.13)    0.00      0.00    0.00    0.16    [0.00]
 F444W: sersic    : (   50.28,    50.36)  *31.19*     2.29    5.98    0.40  [-81.78]
                  (    0.12,     0.13)   *0.00*     0.00    0.00    0.16    [0.00]
 Chi^2 = 17912.20901,  ndof = 17421
 Chi^2/nu = 1.028 

-----------------------------------------------------------------------------
-----------------------------------------------------------------------------

Input images    : 22015_f090w_data.fits,22015_f115w_data.fits,22015_f150w_data.fits,22015_f277w_data.fits,22015_f356w_data.fits,22015_f410m_data.fits,22015_f444w_data.fits [25:75,25:75] 
Init. par. file : 22015_galfitm_my.feedme 
Restart file    : 22015_result.galfit.08 
Output image    : 22015_result.fits 

 F090W: psf       : (   50.40,    50.39)   28.51
                  (    0.03,     0.04)    0.00
 F115W: psf       : (   50.42,    50.42)   29.04
                  (    0.03,     0.04)    0.00
 F150W: psf       : (   50.44,    50.47)   29.69
                  (    0.03,     0.04)    0.00
 F277W: psf       : (   50.52,    50.64)   27.76
                  (    0.03,     0.04)    0.00
 F356W: psf       : (   50.56,    50.75)   27.57
                  (    0.03,     0.04)    0.00
 F410M: psf       : (   50.60,    50.82)   26.75
                  (    0.03,     0.04)    0.00
 F444W: psf       : (   50.62,    50.86)   26.76
                  (    0.03,     0.04)    0.00
 F090W: sersic    : (   46.01,    49.10)   29.91      5.48    2.89    0.99  [-81.78]
                  (    0.03,     0.04)    0.00      0.00    0.00    0.04    [0.00]
 F115W: sersic    : (   46.33,    48.89)   28.39      5.79    2.76    0.99  [-81.78]
                  (    0.03,     0.04)    0.00      0.00    0.00    0.04    [0.00]
 F150W: sersic    : (   46.78,    48.58)   28.42      6.24    2.59    0.99  [-81.78]
                  (    0.03,     0.04)    0.00      0.00    0.00    0.04    [0.00]
 F277W: sersic    : (   48.42,    47.49)   27.69      7.86    1.96    0.99  [-81.78]
                  (    0.03,     0.04)    0.00      0.00    0.00    0.04    [0.00]
 F356W: sersic    : (   49.44,    46.81)   28.39      8.87    1.57    0.99  [-81.78]
                  (    0.03,     0.04)    0.00      0.00    0.00    0.04    [0.00]
 F410M: sersic    : (   50.13,    46.34)   26.60      9.56    1.31    0.99  [-81.78]
                  (    0.03,     0.04)    0.00      0.00    0.00    0.04    [0.00]
 F444W: sersic    : (   50.57,    46.05)   26.84     10.00    1.14    0.99  [-81.78]
                  (    0.03,     0.04)    0.00      0.00    0.00    0.04    [0.00]
 Chi^2 = 17742.91743,  ndof = 17421
 Chi^2/nu = 1.018 

-----------------------------------------------------------------------------
-----------------------------------------------------------------------------

Input images    : 22015_f115w_data.fits,22015_f150w_data.fits,22015_f277w_data.fits,22015_f356w_data.fits,22015_f410m_data.fits,22015_f444w_data.fits [25:75,25:75] 
Init. par. file : 22015_galfitm_my.feedme 
Restart file    : 22015_result.galfit.09 
Output image    : 22015_result.fits 

 F115W: psf       : (   50.79,    50.64)   29.09
                  (    0.05,     0.07)    0.00
 F150W: psf       : (   50.76,    50.66)   29.86
                  (    0.05,     0.07)    0.00
 F277W: psf       : (   50.64,    50.73)   27.95
                  (    0.05,     0.07)    0.00
 F356W: psf       : (   50.56,    50.77)   27.79
                  (    0.05,     0.07)    0.00
 F410M: psf       : (   50.51,    50.80)   26.78
                  (    0.05,     0.07)    0.00
 F444W: psf       : (   50.48,    50.82)   27.63
                  (    0.05,     0.07)    0.00
 F115W: sersic    : (   48.00,    48.95)   28.94      6.31    0.30    0.44  [-81.78]
                  (    0.05,     0.07)    0.00      0.00    0.00    0.00    [0.00]
 F150W: sersic    : (   48.29,    49.12)   28.73      5.92    0.46    0.44  [-81.78]
                  (    0.05,     0.07)    0.00      0.00    0.00    0.00    [0.00]
 F277W: sersic    : (   49.34,    49.72)   28.09      4.51    1.01    0.44  [-81.78]
                  (    0.05,     0.07)    0.00      0.00    0.00    0.00    [0.00]
 F356W: sersic    : (   50.00,    50.10)   28.44      3.63    1.36    0.44  [-81.78]
                  (    0.05,     0.07)    0.00      0.00    0.00    0.00    [0.00]
 F410M: sersic    : (   50.44,    50.35)   28.07      3.02    1.60    0.44  [-81.78]
                  (    0.05,     0.07)    0.00      0.00    0.00    0.00    [0.00]
 F444W: sersic    : (   50.73,    50.51)   26.79      2.64    1.75    0.44  [-81.78]
                  (    0.05,     0.07)    0.00      0.00    0.00    0.00    [0.00]
 Chi^2 = 15264.91102,  ndof = 14876
 Chi^2/nu = 1.026 

-----------------------------------------------------------------------------
-----------------------------------------------------------------------------

Input images    : 22015_f115w_data.fits,22015_f150w_data.fits,22015_f277w_data.fits,22015_f356w_data.fits,22015_f410m_data.fits,22015_f444w_data.fits [25:75,25:75] 
Init. par. file : 22015_galfitm_psf.feedme 
Restart file    : 22015_result_psf.galfit.01 
Output image    : 22015_result_psf.fits 

 F115W: psf       : (   50.57,    50.53)   28.87
                  (    0.03,     0.05)    0.00
 F150W: psf       : (   50.56,    50.55)   29.47
                  (    0.03,     0.05)    0.00
 F277W: psf       : (   50.56,    50.62)   27.61
                  (    0.03,     0.05)    0.00
 F356W: psf       : (   50.55,    50.66)   27.50
                  (    0.03,     0.05)    0.00
 F410M: psf       : (   50.55,    50.69)   26.58
                  (    0.03,     0.05)    0.00
 F444W: psf       : (   50.55,    50.71)   26.62
                  (    0.03,     0.05)    0.00
 Chi^2 = 15369.69088,  ndof = 14891
 Chi^2/nu = 1.032 

-----------------------------------------------------------------------------
