!       **** Bootstrap Histogram for 2000_8000 ************
!           From       To        Ctr        Freq     Cum.
         -4.633e-06 -4.620e-06 -4.626e-06     0       0
         -4.620e-06 -4.608e-06 -4.614e-06     0       0
         -4.608e-06 -4.595e-06 -4.601e-06   143     143
         -4.595e-06 -4.583e-06 -4.589e-06     0     143
         -4.583e-06 -4.570e-06 -4.576e-06     0     143
         -4.570e-06 -4.558e-06 -4.564e-06     0     143
         -4.558e-06 -4.545e-06 -4.551e-06     0     143
         -4.545e-06 -4.532e-06 -4.539e-06     0     143
         -4.532e-06 -4.520e-06 -4.526e-06     0     143
         -4.520e-06 -4.507e-06 -4.514e-06     0     143
         -4.507e-06 -4.495e-06 -4.501e-06   243     386
         -4.495e-06 -4.482e-06 -4.489e-06     0     386
         -4.482e-06 -4.470e-06 -4.476e-06     0     386
         -4.470e-06 -4.457e-06 -4.464e-06     0     386
         -4.457e-06 -4.445e-06 -4.451e-06     0     386
         -4.445e-06 -4.432e-06 -4.438e-06     0     386
         -4.432e-06 -4.420e-06 -4.426e-06     0     386
         -4.420e-06 -4.407e-06 -4.413e-06     0     386
         -4.407e-06 -4.395e-06 -4.401e-06     0     386
         -4.395e-06 -4.382e-06 -4.388e-06     0     386
         -4.382e-06 -4.369e-06 -4.376e-06     0     386
         -4.369e-06 -4.357e-06 -4.363e-06     0     386
         -4.357e-06 -4.344e-06 -4.351e-06   114     500
         -4.344e-06 -4.332e-06 -4.338e-06     0     500
         -4.332e-06 -4.319e-06 -4.326e-06     0     500
         -4.319e-06 -4.307e-06 -4.313e-06     0     500
!Created by ./stackanalysis_v4.pl in Users/nalrd_kR826SV
