!       **** Bootstrap Histogram for 500_2000 ************
!           From       To        Ctr        Freq     Cum.
         -9.042e-07 -8.855e-07 -8.948e-07     0       0
         -8.855e-07 -8.668e-07 -8.762e-07     0       0
         -8.668e-07 -8.482e-07 -8.575e-07   143     143
         -8.482e-07 -8.295e-07 -8.388e-07     0     143
         -8.295e-07 -8.109e-07 -8.202e-07     0     143
         -8.109e-07 -7.922e-07 -8.015e-07     0     143
         -7.922e-07 -7.735e-07 -7.829e-07     0     143
         -7.735e-07 -7.549e-07 -7.642e-07     0     143
         -7.549e-07 -7.362e-07 -7.455e-07     0     143
         -7.362e-07 -7.175e-07 -7.269e-07     0     143
         -7.175e-07 -6.989e-07 -7.082e-07   243     386
         -6.989e-07 -6.802e-07 -6.895e-07     0     386
         -6.802e-07 -6.615e-07 -6.709e-07     0     386
         -6.615e-07 -6.429e-07 -6.522e-07     0     386
         -6.429e-07 -6.242e-07 -6.335e-07     0     386
         -6.242e-07 -6.056e-07 -6.149e-07     0     386
         -6.056e-07 -5.869e-07 -5.962e-07     0     386
         -5.869e-07 -5.682e-07 -5.776e-07     0     386
         -5.682e-07 -5.496e-07 -5.589e-07     0     386
         -5.496e-07 -5.309e-07 -5.402e-07     0     386
         -5.309e-07 -5.122e-07 -5.216e-07     0     386
         -5.122e-07 -4.936e-07 -5.029e-07     0     386
         -4.936e-07 -4.749e-07 -4.842e-07   114     500
         -4.749e-07 -4.562e-07 -4.656e-07     0     500
         -4.562e-07 -4.376e-07 -4.469e-07     0     500
         -4.376e-07 -4.189e-07 -4.283e-07     0     500
!Created by ./stackanalysis_v4.pl in Users/nalrd_kR826SV
