!Sorted Bootstrap Resuls for 500_2000
!No     rate_boot
   1    -8.594e-07
   2    -8.594e-07
   3    -8.594e-07
   4    -8.594e-07
   5    -8.594e-07
   6    -8.594e-07
   7    -8.594e-07
   8    -8.594e-07
   9    -8.594e-07
  10    -8.594e-07
  11    -8.594e-07
  12    -8.594e-07
  13    -8.594e-07
  14    -8.594e-07
  15    -8.594e-07
  16    -8.594e-07
  17    -8.594e-07
  18    -8.594e-07
  19    -8.594e-07
  20    -8.594e-07
  21    -8.594e-07
  22    -8.594e-07
  23    -8.594e-07
  24    -8.594e-07
  25    -8.594e-07
  26    -8.594e-07
  27    -8.594e-07
  28    -8.594e-07
  29    -8.594e-07
  30    -8.594e-07
  31    -8.594e-07
  32    -8.594e-07
  33    -8.594e-07
  34    -8.594e-07
  35    -8.594e-07
  36    -8.594e-07
  37    -8.594e-07
  38    -8.594e-07
  39    -8.594e-07
  40    -8.594e-07
  41    -8.594e-07
  42    -8.594e-07
  43    -8.594e-07
  44    -8.594e-07
  45    -8.594e-07
  46    -8.594e-07
  47    -8.594e-07
  48    -8.594e-07
  49    -8.594e-07
  50    -8.594e-07
  51    -8.594e-07
  52    -8.594e-07
  53    -8.594e-07
  54    -8.594e-07
  55    -8.594e-07
  56    -8.594e-07
  57    -8.594e-07
  58    -8.594e-07
  59    -8.594e-07
  60    -8.594e-07
  61    -8.594e-07
  62    -8.594e-07
  63    -8.594e-07
  64    -8.594e-07
  65    -8.594e-07
  66    -8.594e-07
  67    -8.594e-07
  68    -8.594e-07
  69    -8.594e-07
  70    -8.594e-07
  71    -8.594e-07
  72    -8.594e-07
  73    -8.594e-07
  74    -8.594e-07
  75    -8.594e-07
  76    -8.594e-07
  77    -8.594e-07
  78    -8.594e-07
  79    -8.594e-07
  80    -8.594e-07
  81    -8.594e-07
  82    -8.594e-07
  83    -8.594e-07
  84    -8.594e-07
  85    -8.594e-07
  86    -8.594e-07
  87    -8.594e-07
  88    -8.594e-07
  89    -8.594e-07
  90    -8.594e-07
  91    -8.594e-07
  92    -8.594e-07
  93    -8.594e-07
  94    -8.594e-07
  95    -8.594e-07
  96    -8.594e-07
  97    -8.594e-07
  98    -8.594e-07
  99    -8.594e-07
 100    -8.594e-07
 101    -8.594e-07
 102    -8.594e-07
 103    -8.594e-07
 104    -8.594e-07
 105    -8.594e-07
 106    -8.594e-07
 107    -8.594e-07
 108    -8.594e-07
 109    -8.594e-07
 110    -8.594e-07
 111    -8.594e-07
 112    -8.594e-07
 113    -8.594e-07
 114    -8.594e-07
 115    -8.594e-07
 116    -8.594e-07
 117    -8.594e-07
 118    -8.594e-07
 119    -8.594e-07
 120    -8.594e-07
 121    -8.594e-07
 122    -8.594e-07
 123    -8.594e-07
 124    -8.594e-07
 125    -8.594e-07
 126    -8.594e-07
 127    -8.594e-07
 128    -8.594e-07
 129    -8.594e-07
 130    -8.594e-07
 131    -8.594e-07
 132    -8.594e-07
 133    -8.594e-07
 134    -8.594e-07
 135    -8.594e-07
 136    -8.594e-07
 137    -8.594e-07
 138    -8.594e-07
 139    -8.594e-07
 140    -8.594e-07
 141    -8.594e-07
 142    -8.594e-07
 143    -8.594e-07
 144    -7.027e-07
 145    -7.027e-07
 146    -7.027e-07
 147    -7.027e-07
 148    -7.027e-07
 149    -7.027e-07
 150    -7.027e-07
 151    -7.027e-07
 152    -7.027e-07
 153    -7.027e-07
 154    -7.027e-07
 155    -7.027e-07
 156    -7.027e-07
 157    -7.027e-07
 158    -7.027e-07
 159    -7.027e-07
 160    -7.027e-07
 161    -7.027e-07
 162    -7.027e-07
 163    -7.027e-07
 164    -7.027e-07
 165    -7.027e-07
 166    -7.027e-07
 167    -7.027e-07
 168    -7.027e-07
 169    -7.027e-07
 170    -7.027e-07
 171    -7.027e-07
 172    -7.027e-07
 173    -7.027e-07
 174    -7.027e-07
 175    -7.027e-07
 176    -7.027e-07
 177    -7.027e-07
 178    -7.027e-07
 179    -7.027e-07
 180    -7.027e-07
 181    -7.027e-07
 182    -7.027e-07
 183    -7.027e-07
 184    -7.027e-07
 185    -7.027e-07
 186    -7.027e-07
 187    -7.027e-07
 188    -7.027e-07
 189    -7.027e-07
 190    -7.027e-07
 191    -7.027e-07
 192    -7.027e-07
 193    -7.027e-07
 194    -7.027e-07
 195    -7.027e-07
 196    -7.027e-07
 197    -7.027e-07
 198    -7.027e-07
 199    -7.027e-07
 200    -7.027e-07
 201    -7.027e-07
 202    -7.027e-07
 203    -7.027e-07
 204    -7.027e-07
 205    -7.027e-07
 206    -7.027e-07
 207    -7.027e-07
 208    -7.027e-07
 209    -7.027e-07
 210    -7.027e-07
 211    -7.027e-07
 212    -7.027e-07
 213    -7.027e-07
 214    -7.027e-07
 215    -7.027e-07
 216    -7.027e-07
 217    -7.027e-07
 218    -7.027e-07
 219    -7.027e-07
 220    -7.027e-07
 221    -7.027e-07
 222    -7.027e-07
 223    -7.027e-07
 224    -7.027e-07
 225    -7.027e-07
 226    -7.027e-07
 227    -7.027e-07
 228    -7.027e-07
 229    -7.027e-07
 230    -7.027e-07
 231    -7.027e-07
 232    -7.027e-07
 233    -7.027e-07
 234    -7.027e-07
 235    -7.027e-07
 236    -7.027e-07
 237    -7.027e-07
 238    -7.027e-07
 239    -7.027e-07
 240    -7.027e-07
 241    -7.027e-07
 242    -7.027e-07
 243    -7.027e-07
 244    -7.027e-07
 245    -7.027e-07
 246    -7.027e-07
 247    -7.027e-07
 248    -7.027e-07
 249    -7.027e-07
 250    -7.027e-07
 251    -7.027e-07
 252    -7.027e-07
 253    -7.027e-07
 254    -7.027e-07
 255    -7.027e-07
 256    -7.027e-07
 257    -7.027e-07
 258    -7.027e-07
 259    -7.027e-07
 260    -7.027e-07
 261    -7.027e-07
 262    -7.027e-07
 263    -7.027e-07
 264    -7.027e-07
 265    -7.027e-07
 266    -7.027e-07
 267    -7.027e-07
 268    -7.027e-07
 269    -7.027e-07
 270    -7.027e-07
 271    -7.027e-07
 272    -7.027e-07
 273    -7.027e-07
 274    -7.027e-07
 275    -7.027e-07
 276    -7.027e-07
 277    -7.027e-07
 278    -7.027e-07
 279    -7.027e-07
 280    -7.027e-07
 281    -7.027e-07
 282    -7.027e-07
 283    -7.027e-07
 284    -7.027e-07
 285    -7.027e-07
 286    -7.027e-07
 287    -7.027e-07
 288    -7.027e-07
 289    -7.027e-07
 290    -7.027e-07
 291    -7.027e-07
 292    -7.027e-07
 293    -7.027e-07
 294    -7.027e-07
 295    -7.027e-07
 296    -7.027e-07
 297    -7.027e-07
 298    -7.027e-07
 299    -7.027e-07
 300    -7.027e-07
 301    -7.027e-07
 302    -7.027e-07
 303    -7.027e-07
 304    -7.027e-07
 305    -7.027e-07
 306    -7.027e-07
 307    -7.027e-07
 308    -7.027e-07
 309    -7.027e-07
 310    -7.027e-07
 311    -7.027e-07
 312    -7.027e-07
 313    -7.027e-07
 314    -7.027e-07
 315    -7.027e-07
 316    -7.027e-07
 317    -7.027e-07
 318    -7.027e-07
 319    -7.027e-07
 320    -7.027e-07
 321    -7.027e-07
 322    -7.027e-07
 323    -7.027e-07
 324    -7.027e-07
 325    -7.027e-07
 326    -7.027e-07
 327    -7.027e-07
 328    -7.027e-07
 329    -7.027e-07
 330    -7.027e-07
 331    -7.027e-07
 332    -7.027e-07
 333    -7.027e-07
 334    -7.027e-07
 335    -7.027e-07
 336    -7.027e-07
 337    -7.027e-07
 338    -7.027e-07
 339    -7.027e-07
 340    -7.027e-07
 341    -7.027e-07
 342    -7.027e-07
 343    -7.027e-07
 344    -7.027e-07
 345    -7.027e-07
 346    -7.027e-07
 347    -7.027e-07
 348    -7.027e-07
 349    -7.027e-07
 350    -7.027e-07
 351    -7.027e-07
 352    -7.027e-07
 353    -7.027e-07
 354    -7.027e-07
 355    -7.027e-07
 356    -7.027e-07
 357    -7.027e-07
 358    -7.027e-07
 359    -7.027e-07
 360    -7.027e-07
 361    -7.027e-07
 362    -7.027e-07
 363    -7.027e-07
 364    -7.027e-07
 365    -7.027e-07
 366    -7.027e-07
 367    -7.027e-07
 368    -7.027e-07
 369    -7.027e-07
 370    -7.027e-07
 371    -7.027e-07
 372    -7.027e-07
 373    -7.027e-07
 374    -7.027e-07
 375    -7.027e-07
 376    -7.027e-07
 377    -7.027e-07
 378    -7.027e-07
 379    -7.027e-07
 380    -7.027e-07
 381    -7.027e-07
 382    -7.027e-07
 383    -7.027e-07
 384    -7.027e-07
 385    -7.027e-07
 386    -7.027e-07
 387    -4.861e-07
 388    -4.861e-07
 389    -4.861e-07
 390    -4.861e-07
 391    -4.861e-07
 392    -4.861e-07
 393    -4.861e-07
 394    -4.861e-07
 395    -4.861e-07
 396    -4.861e-07
 397    -4.861e-07
 398    -4.861e-07
 399    -4.861e-07
 400    -4.861e-07
 401    -4.861e-07
 402    -4.861e-07
 403    -4.861e-07
 404    -4.861e-07
 405    -4.861e-07
 406    -4.861e-07
 407    -4.861e-07
 408    -4.861e-07
 409    -4.861e-07
 410    -4.861e-07
 411    -4.861e-07
 412    -4.861e-07
 413    -4.861e-07
 414    -4.861e-07
 415    -4.861e-07
 416    -4.861e-07
 417    -4.861e-07
 418    -4.861e-07
 419    -4.861e-07
 420    -4.861e-07
 421    -4.861e-07
 422    -4.861e-07
 423    -4.861e-07
 424    -4.861e-07
 425    -4.861e-07
 426    -4.861e-07
 427    -4.861e-07
 428    -4.861e-07
 429    -4.861e-07
 430    -4.861e-07
 431    -4.861e-07
 432    -4.861e-07
 433    -4.861e-07
 434    -4.861e-07
 435    -4.861e-07
 436    -4.861e-07
 437    -4.861e-07
 438    -4.861e-07
 439    -4.861e-07
 440    -4.861e-07
 441    -4.861e-07
 442    -4.861e-07
 443    -4.861e-07
 444    -4.861e-07
 445    -4.861e-07
 446    -4.861e-07
 447    -4.861e-07
 448    -4.861e-07
 449    -4.861e-07
 450    -4.861e-07
 451    -4.861e-07
 452    -4.861e-07
 453    -4.861e-07
 454    -4.861e-07
 455    -4.861e-07
 456    -4.861e-07
 457    -4.861e-07
 458    -4.861e-07
 459    -4.861e-07
 460    -4.861e-07
 461    -4.861e-07
 462    -4.861e-07
 463    -4.861e-07
 464    -4.861e-07
 465    -4.861e-07
 466    -4.861e-07
 467    -4.861e-07
 468    -4.861e-07
 469    -4.861e-07
 470    -4.861e-07
 471    -4.861e-07
 472    -4.861e-07
 473    -4.861e-07
 474    -4.861e-07
 475    -4.861e-07
 476    -4.861e-07
 477    -4.861e-07
 478    -4.861e-07
 479    -4.861e-07
 480    -4.861e-07
 481    -4.861e-07
 482    -4.861e-07
 483    -4.861e-07
 484    -4.861e-07
 485    -4.861e-07
 486    -4.861e-07
 487    -4.861e-07
 488    -4.861e-07
 489    -4.861e-07
 490    -4.861e-07
 491    -4.861e-07
 492    -4.861e-07
 493    -4.861e-07
 494    -4.861e-07
 495    -4.861e-07
 496    -4.861e-07
 497    -4.861e-07
 498    -4.861e-07
 499    -4.861e-07
 500    -4.861e-07
!Created by ./stackanalysis_v4.pl in Users/nalrd_kR826SV
