-----------------------------------------------------------------------------

Input images    : 12329_F090W_data.fits,12329_F115W_data.fits,12329_F150W_data.fits,12329_F200W_data.fits,12329_F277W_data.fits,12329_F356W_data.fits,12329_F410M_data.fits,12329_F444W_data.fits [25:75,25:75] 
Init. par. file : 12329_galfitm.feedme 
Restart file    : 12329_result.galfit.01 
Output image    : 12329_result.fits 

 F090W: psf       : (   49.55,    51.42)   29.43
                  (    0.01,     0.03)    0.00
 F115W: psf       : (   49.54,    51.43)   29.20
                  (    0.01,     0.03)    0.00
 F150W: psf       : (   49.53,    51.43)   28.85
                  (    0.01,     0.03)    0.00
 F200W: psf       : (   49.51,    51.44)   28.60
                  (    0.01,     0.03)    0.00
 F277W: psf       : (   49.47,    51.45)   28.41
                  (    0.01,     0.03)    0.00
 F356W: psf       : (   49.44,    51.47)   26.89
                  (    0.01,     0.03)    0.00
 F410M: psf       : (   49.42,    51.48)   26.47
                  (    0.01,     0.03)    0.00
 F444W: psf       : (   49.40,    51.48)   27.37
                  (    0.01,     0.03)    0.00
 F090W: sersic    : (   52.00,    48.14)   28.37      2.70    0.30    1.00   142.84
                  (    0.01,     0.03)    0.00      0.00    0.00    0.01     0.03
 F115W: sersic    : (   51.77,    48.40)   27.89      3.50    0.57    0.94   133.01
                  (    0.01,     0.03)    0.00      0.00    0.00    0.01     0.03
 F150W: sersic    : (   51.46,    48.76)   28.64      4.39    0.91    0.87   119.26
                  (    0.01,     0.03)    0.00      0.00    0.00    0.01     0.03
 F200W: sersic    : (   51.01,    49.28)   27.99      5.18    1.30    0.78    99.60
                  (    0.01,     0.03)    0.00      0.00    0.00    0.01     0.03
 F277W: sersic    : (   50.31,    50.08)   27.04      5.29    1.70    0.68    69.33
                  (    0.01,     0.03)    0.00      0.00    0.00    0.01     0.03
 F356W: sersic    : (   49.60,    50.90)   26.63      4.01    1.86    0.64    38.27
                  (    0.01,     0.03)    0.00      0.00    0.00    0.01     0.03
 F410M: sersic    : (   49.12,    51.46)   27.90      2.32    1.81    0.63    17.05
                  (    0.01,     0.03)    0.00      0.00    0.00    0.01     0.03
 F444W: sersic    : (   48.81,    51.82)   26.09      0.92    1.73    0.64     3.68
                  (    0.01,     0.03)    0.00      0.00    0.00    0.01     0.03
 Chi^2 = 9572.07197,  ndof = 20773
 Chi^2/nu = 0.461 

-----------------------------------------------------------------------------
-----------------------------------------------------------------------------

Input images    : 12329_F090W_data.fits,12329_F115W_data.fits,12329_F150W_data.fits,12329_F200W_data.fits,12329_F277W_data.fits,12329_F356W_data.fits,12329_F410M_data.fits,12329_F444W_data.fits [25:75,25:75] 
Init. par. file : 12329_galfitm.feedme 
Restart file    : 12329_result.galfit.02 
Output image    : 12329_result.fits 

 F090W: psf       : (   49.55,    51.42)   29.43
                  (    0.01,     0.03)    0.00
 F115W: psf       : (   49.54,    51.43)   29.20
                  (    0.01,     0.03)    0.00
 F150W: psf       : (   49.53,    51.43)   28.85
                  (    0.01,     0.03)    0.00
 F200W: psf       : (   49.51,    51.44)   28.60
                  (    0.01,     0.03)    0.00
 F277W: psf       : (   49.47,    51.45)   28.41
                  (    0.01,     0.03)    0.00
 F356W: psf       : (   49.44,    51.47)   26.89
                  (    0.01,     0.03)    0.00
 F410M: psf       : (   49.42,    51.48)   26.47
                  (    0.01,     0.03)    0.00
 F444W: psf       : (   49.40,    51.48)   27.37
                  (    0.01,     0.03)    0.00
 F090W: sersic    : (   52.00,    48.14)   28.37      2.70    0.30    1.00   142.84
                  (    0.01,     0.03)    0.00      0.00    0.00    0.01     0.03
 F115W: sersic    : (   51.77,    48.40)   27.89      3.50    0.57    0.94   133.01
                  (    0.01,     0.03)    0.00      0.00    0.00    0.01     0.03
 F150W: sersic    : (   51.46,    48.76)   28.64      4.39    0.91    0.87   119.26
                  (    0.01,     0.03)    0.00      0.00    0.00    0.01     0.03
 F200W: sersic    : (   51.01,    49.28)   27.99      5.18    1.30    0.78    99.60
                  (    0.01,     0.03)    0.00      0.00    0.00    0.01     0.03
 F277W: sersic    : (   50.31,    50.08)   27.04      5.29    1.70    0.68    69.33
                  (    0.01,     0.03)    0.00      0.00    0.00    0.01     0.03
 F356W: sersic    : (   49.60,    50.90)   26.63      4.01    1.86    0.64    38.27
                  (    0.01,     0.03)    0.00      0.00    0.00    0.01     0.03
 F410M: sersic    : (   49.12,    51.46)   27.90      2.32    1.81    0.63    17.05
                  (    0.01,     0.03)    0.00      0.00    0.00    0.01     0.03
 F444W: sersic    : (   48.81,    51.82)   26.09      0.92    1.73    0.64     3.68
                  (    0.01,     0.03)    0.00      0.00    0.00    0.01     0.03
 Chi^2 = 9572.07196,  ndof = 20773
 Chi^2/nu = 0.461 

-----------------------------------------------------------------------------
-----------------------------------------------------------------------------

Input images    : 12329_F090W_data.fits,12329_F115W_data.fits,12329_F150W_data.fits,12329_F200W_data.fits,12329_F277W_data.fits,12329_F356W_data.fits,12329_F410M_data.fits,12329_F444W_data.fits [25:75,25:75] 
Init. par. file : 12329_galfitm.feedme 
Restart file    : 12329_result.galfit.03 
Output image    : 12329_result.fits 

 F090W: psf       : (   49.55,    51.42)   29.43
                  (    0.01,     0.03)    0.00
 F115W: psf       : (   49.54,    51.43)   29.20
                  (    0.01,     0.03)    0.00
 F150W: psf       : (   49.53,    51.43)   28.85
                  (    0.01,     0.03)    0.00
 F200W: psf       : (   49.51,    51.44)   28.60
                  (    0.01,     0.03)    0.00
 F277W: psf       : (   49.47,    51.45)   28.41
                  (    0.01,     0.03)    0.00
 F356W: psf       : (   49.44,    51.47)   26.89
                  (    0.01,     0.03)    0.00
 F410M: psf       : (   49.42,    51.48)   26.47
                  (    0.01,     0.03)    0.00
 F444W: psf       : (   49.40,    51.48)   27.37
                  (    0.01,     0.03)    0.00
 F090W: sersic    : (   52.00,    48.14)   28.37      2.70    0.30    1.00   142.84
                  (    0.01,     0.03)    0.00      0.00    0.00    0.01     0.03
 F115W: sersic    : (   51.77,    48.40)   27.89      3.50    0.57    0.94   133.01
                  (    0.01,     0.03)    0.00      0.00    0.00    0.01     0.03
 F150W: sersic    : (   51.46,    48.76)   28.64      4.39    0.91    0.87   119.26
                  (    0.01,     0.03)    0.00      0.00    0.00    0.01     0.03
 F200W: sersic    : (   51.01,    49.28)   27.99      5.18    1.30    0.78    99.60
                  (    0.01,     0.03)    0.00      0.00    0.00    0.01     0.03
 F277W: sersic    : (   50.31,    50.08)   27.04      5.29    1.70    0.68    69.33
                  (    0.01,     0.03)    0.00      0.00    0.00    0.01     0.03
 F356W: sersic    : (   49.60,    50.90)   26.63      4.01    1.86    0.64    38.27
                  (    0.01,     0.03)    0.00      0.00    0.00    0.01     0.03
 F410M: sersic    : (   49.12,    51.46)   27.90      2.32    1.81    0.63    17.05
                  (    0.01,     0.03)    0.00      0.00    0.00    0.01     0.03
 F444W: sersic    : (   48.81,    51.82)   26.09      0.92    1.73    0.64     3.68
                  (    0.01,     0.03)    0.00      0.00    0.00    0.01     0.03
 Chi^2 = 9572.07196,  ndof = 20773
 Chi^2/nu = 0.461 

-----------------------------------------------------------------------------
-----------------------------------------------------------------------------

Input images    : 12329_F090W_data.fits,12329_F115W_data.fits,12329_F150W_data.fits,12329_F200W_data.fits,12329_F277W_data.fits,12329_F356W_data.fits,12329_F410M_data.fits,12329_F444W_data.fits [25:75,25:75] 
Init. par. file : 12329_galfitm.feedme 
Restart file    : 12329_result.galfit.04 
Output image    : 12329_result.fits 

 F090W: psf       : (   49.46,    51.31)   29.53
                  (    0.02,     0.03)    0.00
 F115W: psf       : (   49.47,    51.38)   29.18
                  (    0.02,     0.03)    0.00
 F150W: psf       : (   49.49,    51.48)   28.97
                  (    0.02,     0.03)    0.00
 F200W: psf       : (   49.51,    51.62)   28.67
                  (    0.02,     0.03)    0.00
 F277W: psf       : (   49.55,    51.84)   28.65
                  (    0.02,     0.03)    0.00
 F356W: psf       : (   49.59,    52.06)   27.27
                  (    0.02,     0.03)    0.00
 F410M: psf       : (   49.61,    52.22)   26.87
                  (    0.02,     0.03)    0.00
 F444W: psf       : (   49.63,    52.31)   26.76
                  (    0.02,     0.03)    0.00
 F090W: sersic    : (   52.00,    48.99)   27.43     10.41    1.18    0.24    10.24
                  (    0.02,     0.03)    0.00      0.00    0.00    0.02     0.03
 F115W: sersic    : (   51.76,    49.14)   27.26      9.71    1.52    0.38    -2.47
                  (    0.02,     0.03)    0.00      0.00    0.00    0.02     0.03
 F150W: sersic    : (   51.43,    49.36)   27.46      8.73    2.00    0.54   -20.26
                  (    0.02,     0.03)    0.00      0.00    0.00    0.02     0.03
 F200W: sersic    : (   50.96,    49.67)   27.59      7.33    2.69    0.70   -45.68
                  (    0.02,     0.03)    0.00      0.00    0.00    0.02     0.03
 F277W: sersic    : (   50.23,    50.15)   26.89      5.17    3.75    0.75   -84.82
                  (    0.02,     0.03)    0.00      0.00    0.00    0.02     0.03
 F356W: sersic    : (   49.48,    50.64)   26.32      2.96    4.84    0.57  -124.98
                  (    0.02,     0.03)    0.00      0.00    0.00    0.02     0.03
 F410M: sersic    : (   48.97,    50.97)   26.88      1.45    5.58    0.32  -152.44
                  (    0.02,     0.03)    0.00      0.00    0.00    0.02     0.03
 F444W: sersic    : (   48.65,    51.19)   26.32      0.50    6.05    0.10  -169.72
                  (    0.02,     0.03)    0.00      0.00    0.00    0.02     0.03
 Chi^2 = 9581.03862,  ndof = 20775
 Chi^2/nu = 0.461 

-----------------------------------------------------------------------------
-----------------------------------------------------------------------------

Input images    : 12329_F090W_data.fits,12329_F115W_data.fits,12329_F150W_data.fits,12329_F200W_data.fits,12329_F277W_data.fits,12329_F356W_data.fits,12329_F410M_data.fits,12329_F444W_data.fits [25:75,25:75] 
Init. par. file : 12329_galfitm.feedme 
Restart file    : 12329_result.galfit.05 
Output image    : 12329_result.fits 

 F090W: psf       : (   49.58,    51.43)   29.34
                  (    0.01,     0.03)    0.00
 F115W: psf       : (   49.58,    51.45)   29.11
                  (    0.01,     0.03)    0.00
 F150W: psf       : (   49.57,    51.47)   28.82
                  (    0.01,     0.03)    0.00
 F200W: psf       : (   49.57,    51.51)   28.53
                  (    0.01,     0.03)    0.00
 F277W: psf       : (   49.55,    51.57)   28.70
                  (    0.01,     0.03)    0.00
 F356W: psf       : (   49.54,    51.63)   26.99
                  (    0.01,     0.03)    0.00
 F410M: psf       : (   49.54,    51.67)   26.42
                  (    0.01,     0.03)    0.00
 F444W: psf       : (   49.53,    51.69)   27.46
                  (    0.01,     0.03)    0.00
 F090W: sersic    : (   52.00,    48.28)   29.48      2.40    0.30    0.39    58.70
                  (    0.01,     0.03)    0.00      0.00    0.00    0.02     0.02
 F115W: sersic    : (   51.77,    48.52)   28.62      3.23    0.59    0.41    57.61
                  (    0.01,     0.03)    0.00      0.00    0.00    0.02     0.02
 F150W: sersic    : (   51.46,    48.85)   29.71      4.15    0.94    0.43    56.09
                  (    0.01,     0.03)    0.00      0.00    0.00    0.02     0.02
 F200W: sersic    : (   51.00,    49.34)   28.76      4.97    1.36    0.47    53.92
                  (    0.01,     0.03)    0.00      0.00    0.00    0.02     0.02
 F277W: sersic    : (   50.31,    50.08)   26.97      5.12    1.80    0.53    50.57
                  (    0.01,     0.03)    0.00      0.00    0.00    0.02     0.02
 F356W: sersic    : (   49.59,    50.84)   26.54      3.85    2.00    0.59    47.13
                  (    0.01,     0.03)    0.00      0.00    0.00    0.02     0.02
 F410M: sersic    : (   49.11,    51.36)   28.19      2.16    1.99    0.63    44.79
                  (    0.01,     0.03)    0.00      0.00    0.00    0.02     0.02
 F444W: sersic    : (   48.80,    51.68)   26.08      0.75    1.92    0.66    43.31
                  (    0.01,     0.03)    0.00      0.00    0.00    0.02     0.02
 Chi^2 = 9612.96680,  ndof = 20774
 Chi^2/nu = 0.463 

-----------------------------------------------------------------------------
-----------------------------------------------------------------------------

Input images    : 12329_F090W_data.fits,12329_F115W_data.fits,12329_F150W_data.fits,12329_F200W_data.fits,12329_F277W_data.fits,12329_F356W_data.fits,12329_F410M_data.fits,12329_F444W_data.fits [25:75,25:75] 
Init. par. file : 12329_galfitm.feedme 
Restart file    : 12329_result.galfit.06 
Output image    : 12329_result.fits 

 F090W: psf       : (   49.59,    51.39)   29.34
                  (    0.02,     0.03)    0.00
 F115W: psf       : (   49.59,    51.41)   29.11
                  (    0.02,     0.03)    0.00
 F150W: psf       : (   49.59,    51.44)   28.86
                  (    0.02,     0.03)    0.00
 F200W: psf       : (   49.59,    51.48)   28.60
                  (    0.02,     0.03)    0.00
 F277W: psf       : (   49.58,    51.55)   29.39
                  (    0.02,     0.03)    0.00
 F356W: psf       : (   49.58,    51.61)   27.84
                  (    0.02,     0.03)    0.00
 F410M: psf       : (   49.58,    51.66)   26.41
                  (    0.02,     0.03)    0.00
 F444W: psf       : (   49.57,    51.69)   27.06
                  (    0.02,     0.03)    0.00
 F090W: sersic    : (   52.00,    49.34)   29.63      4.81    0.30    0.60    13.79
                  (    0.02,     0.03)    0.00      0.00    0.00    0.02     0.03
 F115W: sersic    : (   51.77,    49.51)   28.53      4.52    0.48    0.63    18.63
                  (    0.02,     0.03)    0.00      0.00    0.00    0.02     0.03
 F150W: sersic    : (   51.44,    49.75)   29.70      4.11    0.73    0.67    25.42
                  (    0.02,     0.03)    0.00      0.00    0.00    0.02     0.03
 F200W: sersic    : (   50.97,    50.09)   28.84      3.53    1.09    0.72    35.11
                  (    0.02,     0.03)    0.00      0.00    0.00    0.02     0.03
 F277W: sersic    : (   50.25,    50.62)   27.11      2.63    1.64    0.81    50.04
                  (    0.02,     0.03)    0.00      0.00    0.00    0.02     0.03
 F356W: sersic    : (   49.51,    51.16)   26.31      1.71    2.20    0.90    65.35
                  (    0.02,     0.03)    0.00      0.00    0.00    0.02     0.03
 F410M: sersic    : (   49.00,    51.53)   28.37      1.08    2.59    0.96    75.82
                  (    0.02,     0.03)    0.00      0.00    0.00    0.02     0.03
 F444W: sersic    : (   48.68,    51.76)   26.18      0.68    2.83    1.00    82.41
                  (    0.02,     0.03)    0.00      0.00    0.00    0.02     0.03
 Chi^2 = 9695.13366,  ndof = 20776
 Chi^2/nu = 0.467 

-----------------------------------------------------------------------------
-----------------------------------------------------------------------------

Input images    : 12329_F090W_data.fits,12329_F115W_data.fits,12329_F150W_data.fits,12329_F200W_data.fits,12329_F277W_data.fits,12329_F356W_data.fits,12329_F410M_data.fits,12329_F444W_data.fits [25:75,25:75] 
Init. par. file : 12329_galfitm.feedme 
Restart file    : 12329_result.galfit.07 
Output image    : 12329_result.fits 

 F090W: psf       : (   49.59,    51.39)   29.34
                  (    0.02,     0.03)    0.00
 F115W: psf       : (   49.59,    51.41)   29.11
                  (    0.02,     0.03)    0.00
 F150W: psf       : (   49.59,    51.44)   28.86
                  (    0.02,     0.03)    0.00
 F200W: psf       : (   49.59,    51.48)   28.60
                  (    0.02,     0.03)    0.00
 F277W: psf       : (   49.58,    51.55)   29.39
                  (    0.02,     0.03)    0.00
 F356W: psf       : (   49.58,    51.61)   27.84
                  (    0.02,     0.03)    0.00
 F410M: psf       : (   49.58,    51.66)   26.41
                  (    0.02,     0.03)    0.00
 F444W: psf       : (   49.57,    51.69)   27.06
                  (    0.02,     0.03)    0.00
 F090W: sersic    : (   52.00,    49.34)   29.63      4.81    0.30    0.60    13.79
                  (    0.02,     0.03)    0.00      0.00    0.00    0.02     0.03
 F115W: sersic    : (   51.77,    49.51)   28.53      4.52    0.48    0.63    18.63
                  (    0.02,     0.03)    0.00      0.00    0.00    0.02     0.03
 F150W: sersic    : (   51.44,    49.75)   29.70      4.11    0.73    0.67    25.42
                  (    0.02,     0.03)    0.00      0.00    0.00    0.02     0.03
 F200W: sersic    : (   50.97,    50.09)   28.84      3.53    1.09    0.72    35.11
                  (    0.02,     0.03)    0.00      0.00    0.00    0.02     0.03
 F277W: sersic    : (   50.25,    50.62)   27.11      2.63    1.64    0.81    50.04
                  (    0.02,     0.03)    0.00      0.00    0.00    0.02     0.03
 F356W: sersic    : (   49.51,    51.16)   26.31      1.71    2.20    0.90    65.35
                  (    0.02,     0.03)    0.00      0.00    0.00    0.02     0.03
 F410M: sersic    : (   49.00,    51.53)   28.37      1.08    2.59    0.96    75.82
                  (    0.02,     0.03)    0.00      0.00    0.00    0.02     0.03
 F444W: sersic    : (   48.68,    51.76)   26.18      0.68    2.83    1.00    82.41
                  (    0.02,     0.03)    0.00      0.00    0.00    0.02     0.03
 Chi^2 = 9695.13366,  ndof = 20776
 Chi^2/nu = 0.467 

-----------------------------------------------------------------------------
-----------------------------------------------------------------------------

Input images    : 12329_F090W_data.fits,12329_F115W_data.fits,12329_F150W_data.fits,12329_F200W_data.fits,12329_F277W_data.fits,12329_F356W_data.fits,12329_F410M_data.fits,12329_F444W_data.fits [25:75,25:75] 
Init. par. file : 12329_galfitm.feedme 
Restart file    : 12329_result.galfit.08 
Output image    : 12329_result.fits 

 F090W: psf       : (   49.59,    51.39)   29.34
                  (    0.02,     0.03)    0.00
 F115W: psf       : (   49.59,    51.41)   29.11
                  (    0.02,     0.03)    0.00
 F150W: psf       : (   49.59,    51.44)   28.86
                  (    0.02,     0.03)    0.00
 F200W: psf       : (   49.59,    51.48)   28.60
                  (    0.02,     0.03)    0.00
 F277W: psf       : (   49.58,    51.55)   29.39
                  (    0.02,     0.03)    0.00
 F356W: psf       : (   49.58,    51.61)   27.84
                  (    0.02,     0.03)    0.00
 F410M: psf       : (   49.58,    51.66)   26.41
                  (    0.02,     0.03)    0.00
 F444W: psf       : (   49.57,    51.69)   27.06
                  (    0.02,     0.03)    0.00
 F090W: sersic    : (   52.00,    49.34)   29.63      4.81    0.30    0.60    13.79
                  (    0.02,     0.03)    0.00      0.00    0.00    0.02     0.03
 F115W: sersic    : (   51.77,    49.51)   28.53      4.52    0.48    0.63    18.63
                  (    0.02,     0.03)    0.00      0.00    0.00    0.02     0.03
 F150W: sersic    : (   51.44,    49.75)   29.70      4.11    0.73    0.67    25.42
                  (    0.02,     0.03)    0.00      0.00    0.00    0.02     0.03
 F200W: sersic    : (   50.97,    50.09)   28.84      3.53    1.09    0.72    35.11
                  (    0.02,     0.03)    0.00      0.00    0.00    0.02     0.03
 F277W: sersic    : (   50.25,    50.62)   27.11      2.63    1.64    0.81    50.04
                  (    0.02,     0.03)    0.00      0.00    0.00    0.02     0.03
 F356W: sersic    : (   49.51,    51.16)   26.31      1.71    2.20    0.90    65.35
                  (    0.02,     0.03)    0.00      0.00    0.00    0.02     0.03
 F410M: sersic    : (   49.00,    51.53)   28.37      1.08    2.59    0.96    75.82
                  (    0.02,     0.03)    0.00      0.00    0.00    0.02     0.03
 F444W: sersic    : (   48.68,    51.76)   26.18      0.68    2.83    1.00    82.41
                  (    0.02,     0.03)    0.00      0.00    0.00    0.02     0.03
 Chi^2 = 9695.13366,  ndof = 20776
 Chi^2/nu = 0.467 

-----------------------------------------------------------------------------
-----------------------------------------------------------------------------

Input images    : 12329_F090W_data.fits,12329_F115W_data.fits,12329_F150W_data.fits,12329_F200W_data.fits,12329_F277W_data.fits,12329_F356W_data.fits,12329_F410M_data.fits,12329_F444W_data.fits [25:75,25:75] 
Init. par. file : 12329_galfitm_sersic.feedme 
Restart file    : 12329_result.galfit.09 
Output image    : 12329_result.fits 

 F090W: sersic    : (   50.98,    50.16)   29.58      2.03    0.31    0.45  -130.28
                  (    0.04,     0.05)    0.00      0.00    0.00    0.04     0.06
 F115W: sersic    : (   50.85,    50.27)   29.14      2.04    0.70    0.56  -122.28
                  (    0.04,     0.05)    0.00      0.00    0.00    0.04     0.06
 F150W: sersic    : (   50.66,    50.42)  *30.08*     2.02    1.17    0.70  -111.09
                  (    0.04,     0.05)   *0.00*     0.00    0.00    0.04     0.06
 F200W: sersic    : (   50.39,    50.64)   28.71      1.93    1.70    0.85   -95.10
                  (    0.04,     0.05)    0.00      0.00    0.00    0.04     0.06
 F277W: sersic    : (   49.98,    50.98)   27.08      1.67    2.21    0.98   -70.47
                  (    0.04,     0.05)    0.00      0.00    0.00    0.04     0.06
 F356W: sersic    : (   49.56,    51.33)   26.08      1.24    2.33    1.00   -45.20
                  (    0.04,     0.05)    0.00      0.00    0.00    0.04     0.06
 F410M: sersic    : (   49.27,    51.56)   26.15      0.86    2.17    0.94   -27.93
                  (    0.04,     0.05)    0.00      0.00    0.00    0.04     0.06
 F444W: sersic    : (   49.09,    51.71)   25.81      0.58    1.97    0.87   -17.05
                  (    0.04,     0.05)    0.00      0.00    0.00    0.04     0.06
 Chi^2 = 9958.17038,  ndof = 20785
 Chi^2/nu = 0.479 

-----------------------------------------------------------------------------
-----------------------------------------------------------------------------

Input images    : 12329_F090W_data.fits,12329_F115W_data.fits,12329_F150W_data.fits,12329_F200W_data.fits,12329_F277W_data.fits,12329_F356W_data.fits,12329_F410M_data.fits,12329_F444W_data.fits [25:75,25:75] 
Init. par. file : 12329_galfitm_sersic.feedme 
Restart file    : 12329_result_sersic.galfit.01 
Output image    : 12329_result_sersic.fits 

 F090W: sersic    : (   50.98,    50.16)   29.58      2.03    0.31    0.45  -130.28
                  (    0.04,     0.05)    0.00      0.00    0.00    0.04     0.06
 F115W: sersic    : (   50.85,    50.27)   29.14      2.04    0.70    0.56  -122.28
                  (    0.04,     0.05)    0.00      0.00    0.00    0.04     0.06
 F150W: sersic    : (   50.66,    50.42)  *30.08*     2.02    1.17    0.70  -111.09
                  (    0.04,     0.05)   *0.00*     0.00    0.00    0.04     0.06
 F200W: sersic    : (   50.39,    50.64)   28.71      1.93    1.70    0.85   -95.10
                  (    0.04,     0.05)    0.00      0.00    0.00    0.04     0.06
 F277W: sersic    : (   49.98,    50.98)   27.08      1.67    2.21    0.98   -70.47
                  (    0.04,     0.05)    0.00      0.00    0.00    0.04     0.06
 F356W: sersic    : (   49.56,    51.33)   26.08      1.24    2.33    1.00   -45.20
                  (    0.04,     0.05)    0.00      0.00    0.00    0.04     0.06
 F410M: sersic    : (   49.27,    51.56)   26.15      0.86    2.17    0.94   -27.93
                  (    0.04,     0.05)    0.00      0.00    0.00    0.04     0.06
 F444W: sersic    : (   49.09,    51.71)   25.81      0.58    1.97    0.87   -17.05
                  (    0.04,     0.05)    0.00      0.00    0.00    0.04     0.06
 Chi^2 = 9958.17038,  ndof = 20785
 Chi^2/nu = 0.479 

-----------------------------------------------------------------------------
-----------------------------------------------------------------------------

Input images    : 12329_F090W_data.fits,12329_F115W_data.fits,12329_F150W_data.fits,12329_F200W_data.fits,12329_F277W_data.fits,12329_F356W_data.fits,12329_F410M_data.fits,12329_F444W_data.fits [25:75,25:75] 
Init. par. file : 12329_galfitm.feedme 
Restart file    : 12329_result_sersic.galfit.02 
Output image    : 12329_result_sersic.fits 

 F090W: psf       : (   49.54,    51.41)   29.39
                  (    0.02,     0.03)    0.00
 F115W: psf       : (   49.54,    51.44)   29.14
                  (    0.02,     0.03)    0.00
 F150W: psf       : (   49.54,    51.47)   28.85
                  (    0.02,     0.03)    0.00
 F200W: psf       : (   49.54,    51.51)   28.53
                  (    0.02,     0.03)    0.00
 F277W: psf       : (   49.54,    51.58)   28.77
                  (    0.02,     0.03)    0.00
 F356W: psf       : (   49.55,    51.64)   27.08
                  (    0.02,     0.03)    0.00
 F410M: psf       : (   49.55,    51.69)   26.46
                  (    0.02,     0.03)    0.00
 F444W: psf       : (   49.55,    51.72)   27.25
                  (    0.02,     0.03)    0.00
 F090W: sersic    : (   52.00,    48.53)   29.13      2.02    0.30    1.00   110.00
                  (    0.02,     0.03)    0.00      0.00    0.00    0.02     0.03
 F115W: sersic    : (   51.77,    48.75)   28.41      2.71    0.60    0.96   103.57
                  (    0.02,     0.03)    0.00      0.00    0.00    0.02     0.03
 F150W: sersic    : (   51.45,    49.06)   29.43      3.47    0.97    0.91    94.57
                  (    0.02,     0.03)    0.00      0.00    0.00    0.02     0.03
 F200W: sersic    : (   50.99,    49.50)   28.61      4.16    1.40    0.84    81.72
                  (    0.02,     0.03)    0.00      0.00    0.00    0.02     0.03
 F277W: sersic    : (   50.29,    50.19)   26.98      4.32    1.84    0.75    61.92
                  (    0.02,     0.03)    0.00      0.00    0.00    0.02     0.03
 F356W: sersic    : (   49.56,    50.89)   26.51      3.32    2.02    0.67    41.61
                  (    0.02,     0.03)    0.00      0.00    0.00    0.02     0.03
 F410M: sersic    : (   49.07,    51.37)   27.99      1.97    1.98    0.63    27.72
                  (    0.02,     0.03)    0.00      0.00    0.00    0.02     0.03
 F444W: sersic    : (   48.76,    51.67)   26.14      0.84    1.88    0.60    18.98
                  (    0.02,     0.03)    0.00      0.00    0.00    0.02     0.03
 Chi^2 = 9620.97043,  ndof = 20773
 Chi^2/nu = 0.463 

-----------------------------------------------------------------------------
-----------------------------------------------------------------------------

Input images    : 12329_F090W_data.fits,12329_F115W_data.fits,12329_F150W_data.fits,12329_F200W_data.fits,12329_F277W_data.fits,12329_F356W_data.fits,12329_F410M_data.fits,12329_F444W_data.fits [25:75,25:75] 
Init. par. file : 12329_galfitm.feedme 
Restart file    : 12329_result_sersic.galfit.03 
Output image    : 12329_result_sersic.fits 

 F090W: psf       : (   49.54,    51.41)   29.39
                  (    0.02,     0.03)    0.00
 F115W: psf       : (   49.54,    51.44)   29.14
                  (    0.02,     0.03)    0.00
 F150W: psf       : (   49.54,    51.47)   28.85
                  (    0.02,     0.03)    0.00
 F200W: psf       : (   49.54,    51.51)   28.53
                  (    0.02,     0.03)    0.00
 F277W: psf       : (   49.54,    51.58)   28.77
                  (    0.02,     0.03)    0.00
 F356W: psf       : (   49.55,    51.64)   27.08
                  (    0.02,     0.03)    0.00
 F410M: psf       : (   49.55,    51.69)   26.46
                  (    0.02,     0.03)    0.00
 F444W: psf       : (   49.55,    51.72)   27.25
                  (    0.02,     0.03)    0.00
 F090W: sersic    : (   52.00,    48.53)   29.13      2.02    0.30    1.00   110.00
                  (    0.02,     0.03)    0.00      0.00    0.00    0.02     0.03
 F115W: sersic    : (   51.77,    48.75)   28.41      2.71    0.60    0.96   103.57
                  (    0.02,     0.03)    0.00      0.00    0.00    0.02     0.03
 F150W: sersic    : (   51.45,    49.06)   29.43      3.47    0.97    0.91    94.57
                  (    0.02,     0.03)    0.00      0.00    0.00    0.02     0.03
 F200W: sersic    : (   50.99,    49.50)   28.61      4.16    1.40    0.84    81.72
                  (    0.02,     0.03)    0.00      0.00    0.00    0.02     0.03
 F277W: sersic    : (   50.29,    50.19)   26.98      4.32    1.84    0.75    61.92
                  (    0.02,     0.03)    0.00      0.00    0.00    0.02     0.03
 F356W: sersic    : (   49.56,    50.89)   26.51      3.32    2.02    0.67    41.61
                  (    0.02,     0.03)    0.00      0.00    0.00    0.02     0.03
 F410M: sersic    : (   49.07,    51.37)   27.99      1.97    1.98    0.63    27.72
                  (    0.02,     0.03)    0.00      0.00    0.00    0.02     0.03
 F444W: sersic    : (   48.76,    51.67)   26.14      0.84    1.88    0.60    18.98
                  (    0.02,     0.03)    0.00      0.00    0.00    0.02     0.03
 Chi^2 = 9620.97043,  ndof = 20773
 Chi^2/nu = 0.463 

-----------------------------------------------------------------------------
-----------------------------------------------------------------------------

Input images    : 12329_F090W_data.fits,12329_F115W_data.fits,12329_F150W_data.fits,12329_F200W_data.fits,12329_F277W_data.fits,12329_F356W_data.fits,12329_F410M_data.fits,12329_F444W_data.fits [25:75,25:75] 
Init. par. file : 12329_galfitm.feedme 
Restart file    : 12329_result_sersic.galfit.04 
Output image    : 12329_result_sersic.fits 

 F090W: psf       : (   49.63,    51.41)   29.19
                  (    0.01,     0.03)    0.00
 F115W: psf       : (   49.61,    51.41)   28.94
                  (    0.01,     0.03)    0.00
 F150W: psf       : (   49.58,    51.42)   28.71
                  (    0.01,     0.03)    0.00
 F200W: psf       : (   49.54,    51.43)   28.45
                  (    0.01,     0.03)    0.00
 F277W: psf       : (   49.48,    51.44)   28.40
                  (    0.01,     0.03)    0.00
 F356W: psf       : (   49.42,    51.45)   26.84
                  (    0.01,     0.03)    0.00
 F410M: psf       : (   49.37,    51.46)   26.41
                  (    0.01,     0.03)    0.00
 F444W: psf       : (   49.34,    51.47)   27.28
                  (    0.01,     0.03)    0.00
 F090W: sersic    : (   52.00,    48.00)   29.18      2.01    0.30    1.00    83.45
                  (    0.01,     0.03)    0.00      0.00    0.00    0.01     0.03
 F115W: sersic    : (   51.78,    48.27)   28.47      2.96    0.54    0.90    79.70
                  (    0.01,     0.03)    0.00      0.00    0.00    0.01     0.03
 F150W: sersic    : (   51.48,    48.65)   29.53      4.04    0.83    0.79    74.44
                  (    0.01,     0.03)    0.00      0.00    0.00    0.01     0.03
 F200W: sersic    : (   51.04,    49.19)   28.63      5.04    1.18    0.67    66.93
                  (    0.01,     0.03)    0.00      0.00    0.00    0.01     0.03
 F277W: sersic    : (   50.37,    50.02)   27.08      5.35    1.52    0.58    55.37
                  (    0.01,     0.03)    0.00      0.00    0.00    0.01     0.03
 F356W: sersic    : (   49.68,    50.88)   26.70      4.12    1.65    0.61    43.50
                  (    0.01,     0.03)    0.00      0.00    0.00    0.01     0.03
 F410M: sersic    : (   49.21,    51.46)   28.25      2.38    1.60    0.70    35.39
                  (    0.01,     0.03)    0.00      0.00    0.00    0.01     0.03
 F444W: sersic    : (   48.91,    51.83)   26.12      0.90    1.51    0.79    30.29
                  (    0.01,     0.03)    0.00      0.00    0.00    0.01     0.03
 Chi^2 = 9597.80141,  ndof = 20773
 Chi^2/nu = 0.462 

-----------------------------------------------------------------------------
-----------------------------------------------------------------------------

Input images    : 12329_F090W_data.fits,12329_F115W_data.fits,12329_F150W_data.fits,12329_F200W_data.fits,12329_F277W_data.fits,12329_F356W_data.fits,12329_F410M_data.fits,12329_F444W_data.fits [25:75,25:75] 
Init. par. file : 12329_galfitm.feedme 
Restart file    : 12329_result_sersic.galfit.05 
Output image    : 12329_result_sersic.fits 

 F090W: psf       : (   50.19,    50.09)  *46.01*
                  (    0.03,     0.04)   *0.00*
 F115W: psf       : (   50.09,    50.21)  *37.55*
                  (    0.03,     0.04)   *0.00*
 F150W: psf       : (   49.96,    50.38)  *41.82*
                  (    0.03,     0.04)   *0.00*
 F200W: psf       : (   49.78,    50.61)  *38.33*
                  (    0.03,     0.04)   *0.00*
 F277W: psf       : (   49.49,    50.98)  *35.69*
                  (    0.03,     0.04)   *0.00*
 F356W: psf       : (   49.20,    51.35)   26.62
                  (    0.03,     0.04)    0.00
 F410M: psf       : (   49.00,    51.60)  *34.55*
                  (    0.03,     0.04)   *0.00*
 F444W: psf       : (   48.87,    51.76)   25.98
                  (    0.03,     0.04)    0.00
 F090W: sersic    : (   50.96,    51.12)   27.47      6.06    1.79    0.43    43.04
                  (    0.03,     0.04)    0.00      0.00    0.00    0.02     0.03
 F115W: sersic    : (   51.03,    51.02)   27.29      5.01    1.43    0.52    42.89
                  (    0.03,     0.04)    0.00      0.00    0.00    0.02     0.03
 F150W: sersic    : (   51.13,    50.88)   27.43      3.87    1.02    0.63    42.68
                  (    0.03,     0.04)    0.00      0.00    0.00    0.02     0.03
 F200W: sersic    : (   51.28,    50.68)   27.61      2.94    0.59    0.72    42.38
                  (    0.03,     0.04)    0.00      0.00    0.00    0.02     0.03
 F277W: sersic    : (   51.50,    50.37)  *39.93*     3.11    0.32    0.72    41.92
                  (    0.03,     0.04)   *0.00*     0.00    0.00    0.02     0.03
 F356W: sersic    : (   51.73,    50.06)   26.96      5.29    0.52    0.55    41.45
                  (    0.03,     0.04)    0.00      0.00    0.00    0.02     0.03
 F410M: sersic    : (   51.89,    49.84)  *48.07*     7.95    0.94    0.34    41.12
                  (    0.03,     0.04)   *0.00*     0.00    0.00    0.02     0.03
 F444W: sersic    : (   51.99,    49.70)   27.21     10.12    1.33    0.17    40.92
                  (    0.03,     0.04)    0.00      0.00    0.00    0.02     0.03
 Chi^2 = 14158.91270,  ndof = 20773
 Chi^2/nu = 0.682 

-----------------------------------------------------------------------------
-----------------------------------------------------------------------------

Input images    : 12329_F090W_data.fits,12329_F115W_data.fits,12329_F150W_data.fits,12329_F200W_data.fits,12329_F277W_data.fits,12329_F356W_data.fits,12329_F410M_data.fits,12329_F444W_data.fits [25:75,25:75] 
Init. par. file : 12329_galfitm.feedme 
Restart file    : 12329_result_sersic.galfit.06 
Output image    : 12329_result_sersic.fits 

 F090W: psf       : (   49.66,    51.42)   29.89
                  (    0.03,     0.03)    0.00
 F115W: psf       : (   49.61,    51.45)   29.00
                  (    0.03,     0.03)    0.00
 F150W: psf       : (   49.55,    51.48)   29.07
                  (    0.03,     0.03)    0.00
 F200W: psf       : (   49.45,    51.52)   29.08
                  (    0.03,     0.03)    0.00
 F277W: psf       : (   49.30,    51.60)   29.86
                  (    0.03,     0.03)    0.00
 F356W: psf       : (   49.14,    51.67)   28.95
                  (    0.03,     0.03)    0.00
 F410M: psf       : (   49.03,    51.72)   29.55
                  (    0.03,     0.03)    0.00
 F444W: psf       : (   48.97,    51.75)   25.87
                  (    0.03,     0.03)    0.00
 F090W: sersic    : (   51.27,    49.83)   28.12      2.90    0.34    0.85    33.04
                  (    0.03,     0.03)    0.00      0.00    0.00    0.03     0.03
 F115W: sersic    : (   51.12,    49.96)   29.88      2.87    0.69    0.80    35.11
                  (    0.03,     0.03)    0.00      0.00    0.00    0.03     0.03
 F150W: sersic    : (   50.91,    50.15)   28.54      2.78    1.16    0.74    37.99
                  (    0.03,     0.03)    0.00      0.00    0.00    0.03     0.03
 F200W: sersic    : (   50.61,    50.41)   28.20      2.59    1.78    0.69    42.12
                  (    0.03,     0.03)    0.00      0.00    0.00    0.03     0.03
 F277W: sersic    : (   50.15,    50.82)   27.12      2.14    2.62    0.68    48.48
                  (    0.03,     0.03)    0.00      0.00    0.00    0.03     0.03
 F356W: sersic    : (   49.67,    51.24)   26.13      1.48    3.35    0.76    55.00
                  (    0.03,     0.03)    0.00      0.00    0.00    0.03     0.03
 F410M: sersic    : (   49.34,    51.53)   26.14      0.91    3.76    0.87    59.45
                  (    0.03,     0.03)    0.00      0.00    0.00    0.03     0.03
 F444W: sersic    : (   49.14,    51.71)  *32.38*     0.50    3.99    0.95    62.26
                  (    0.03,     0.03)   *0.00*     0.00    0.00    0.03     0.03
 Chi^2 = 9759.52815,  ndof = 20773
 Chi^2/nu = 0.470 

-----------------------------------------------------------------------------
-----------------------------------------------------------------------------

Input images    : 12329_F090W_data.fits,12329_F115W_data.fits,12329_F150W_data.fits,12329_F200W_data.fits [25:75,25:75] 
Init. par. file : 12329_galfitm_sersic_SW.feedme 
Restart file    : 12329_result_sersic_SW.galfit.01 
Output image    : 12329_result_sersic_SW.fits 

 F090W: sersic    : (   52.00,    49.94)   27.62      4.58    0.49    0.53    26.62
                  (    0.06,     0.10)    0.00      0.00    0.09    0.08     0.10
 F115W: sersic    : (   51.58,    50.27)   27.59      3.70    0.32    0.52    31.96
                  (    0.06,     0.10)    0.00      0.00    0.09    0.08     0.10
 F150W: sersic    : (   51.00,    50.72)   27.37      4.63    1.31    0.48    39.43
                  (    0.06,     0.10)    0.00      0.00    0.09    0.08     0.10
 F200W: sersic    : (   50.18,    51.37)   26.90     10.36    5.19    0.35    50.11
                  (    0.06,     0.10)    0.00      0.00    0.09    0.08     0.10
 Chi^2 = 2959.51117,  ndof = 10385
 Chi^2/nu = 0.285 

-----------------------------------------------------------------------------
-----------------------------------------------------------------------------

Input images    : 12329_F090W_data.fits,12329_F115W_data.fits,12329_F150W_data.fits,12329_F200W_data.fits,12329_F277W_data.fits,12329_F356W_data.fits,12329_F410M_data.fits,12329_F444W_data.fits [25:75,25:75] 
Init. par. file : 12329_galfitm.feedme 
Restart file    : 12329_result.galfit.10 
Output image    : 12329_result.fits 

 F090W: psf       : (   49.55,    51.46)   29.80
                  (    0.01,     0.03)    0.00
 F115W: psf       : (   49.54,    51.46)   29.35
                  (    0.01,     0.03)    0.00
 F150W: psf       : (   49.52,    51.46)   28.96
                  (    0.01,     0.03)    0.00
 F200W: psf       : (   49.50,    51.45)   28.73
                  (    0.01,     0.03)    0.00
 F277W: psf       : (   49.46,    51.45)   28.63
                  (    0.01,     0.03)    0.00
 F356W: psf       : (   49.43,    51.44)   26.88
                  (    0.01,     0.03)    0.00
 F410M: psf       : (   49.40,    51.44)   26.42
                  (    0.01,     0.03)    0.00
 F444W: psf       : (   49.39,    51.43)   27.95
                  (    0.01,     0.03)    0.00
 F090W: sersic    : (   52.00,    48.77)   27.89      3.34    0.30    1.00   125.73
                  (    0.01,     0.03)    0.00      0.00    0.00    0.01     0.03
 F115W: sersic    : (   51.78,    48.98)   27.62      3.90    0.62    0.95   117.14
                  (    0.01,     0.03)    0.00      0.00    0.00    0.01     0.03
 F150W: sersic    : (   51.46,    49.28)   28.03      4.50    1.00    0.88   105.11
                  (    0.01,     0.03)    0.00      0.00    0.00    0.01     0.03
 F200W: sersic    : (   51.02,    49.70)   27.80      4.98    1.38    0.80    87.93
                  (    0.01,     0.03)    0.00      0.00    0.00    0.01     0.03
 F277W: sersic    : (   50.33,    50.36)   26.97      4.88    1.61    0.72    61.47
                  (    0.01,     0.03)    0.00      0.00    0.00    0.01     0.03
 F356W: sersic    : (   49.63,    51.03)   26.70      3.70    1.40    0.68    34.33
                  (    0.01,     0.03)    0.00      0.00    0.00    0.01     0.03
 F410M: sersic    : (   49.14,    51.49)   28.30      2.27    1.00    0.67    15.77
                  (    0.01,     0.03)    0.00      0.00    0.00    0.01     0.03
 F444W: sersic    : (   48.84,    51.77)   25.97      1.11    0.64    0.68     4.09
                  (    0.01,     0.03)    0.00      0.00    0.00    0.01     0.03
 Chi^2 = 26530.74390,  ndof = 20773
 Chi^2/nu = 1.277 

-----------------------------------------------------------------------------
-----------------------------------------------------------------------------

Input images    : 12329_F090W_data.fits,12329_F115W_data.fits,12329_F150W_data.fits,12329_F200W_data.fits,12329_F277W_data.fits,12329_F356W_data.fits,12329_F410M_data.fits,12329_F444W_data.fits [25:75,25:75] 
Init. par. file : 12329_galfitm.feedme 
Restart file    : 12329_result.galfit.11 
Output image    : 12329_result.fits 

 F090W: psf       : (   49.55,    51.46)   29.81
                  (    0.01,     0.02)    0.00
 F115W: psf       : (   49.54,    51.46)   29.35
                  (    0.01,     0.02)    0.00
 F150W: psf       : (   49.52,    51.46)   28.97
                  (    0.01,     0.02)    0.00
 F200W: psf       : (   49.50,    51.45)   28.73
                  (    0.01,     0.02)    0.00
 F277W: psf       : (   49.47,    51.45)   28.64
                  (    0.01,     0.02)    0.00
 F356W: psf       : (   49.43,    51.44)   26.88
                  (    0.01,     0.02)    0.00
 F410M: psf       : (   49.40,    51.44)   26.42
                  (    0.01,     0.02)    0.00
 F444W: psf       : (   49.39,    51.43)   27.95
                  (    0.01,     0.02)    0.00
 F090W: sersic    : (   52.00,    48.77)   27.89      3.33    0.30    1.00   118.35
                  (    0.01,     0.02)    0.00      0.00    0.00    0.01     0.03
 F115W: sersic    : (   51.78,    48.98)   27.61      3.90    0.62    0.95   110.50
                  (    0.01,     0.02)    0.00      0.00    0.00    0.01     0.03
 F150W: sersic    : (   51.46,    49.28)   28.03      4.50    1.00    0.88    99.50
                  (    0.01,     0.02)    0.00      0.00    0.00    0.01     0.03
 F200W: sersic    : (   51.02,    49.70)   27.79      4.99    1.38    0.80    83.79
                  (    0.01,     0.02)    0.00      0.00    0.00    0.01     0.03
 F277W: sersic    : (   50.33,    50.36)   26.97      4.89    1.61    0.72    59.59
                  (    0.01,     0.02)    0.00      0.00    0.00    0.01     0.03
 F356W: sersic    : (   49.63,    51.03)   26.70      3.71    1.40    0.68    34.77
                  (    0.01,     0.02)    0.00      0.00    0.00    0.01     0.03
 F410M: sersic    : (   49.15,    51.49)   28.29      2.27    1.00    0.68    17.80
                  (    0.01,     0.02)    0.00      0.00    0.00    0.01     0.03
 F444W: sersic    : (   48.84,    51.77)   25.97      1.10    0.64    0.69     7.11
                  (    0.01,     0.02)    0.00      0.00    0.00    0.01     0.03
 Chi^2 = 26527.87363,  ndof = 20773
 Chi^2/nu = 1.277 

-----------------------------------------------------------------------------
-----------------------------------------------------------------------------

Input images    : 12329_F090W_data.fits,12329_F115W_data.fits,12329_F150W_data.fits,12329_F200W_data.fits,12329_F277W_data.fits,12329_F356W_data.fits,12329_F410M_data.fits,12329_F444W_data.fits [25:75,25:75] 
Init. par. file : 12329_galfitm.feedme 
Restart file    : 12329_result.galfit.12 
Output image    : 12329_result.fits 

 F090W: psf       : (   49.54,    51.44)   29.48
                  (    0.01,     0.02)    0.00
 F115W: psf       : (   49.52,    51.44)   29.10
                  (    0.01,     0.02)    0.00
 F150W: psf       : (   49.49,    51.45)   29.00
                  (    0.01,     0.02)    0.00
 F200W: psf       : (   49.45,    51.46)   28.73
                  (    0.01,     0.02)    0.00
 F277W: psf       : (   49.39,    51.48)   28.88
                  (    0.01,     0.02)    0.00
 F356W: psf       : (   49.33,    51.50)   27.03
                  (    0.01,     0.02)    0.00
 F410M: psf       : (   49.29,    51.51)   26.45
                  (    0.01,     0.02)    0.00
 F444W: psf       : (   49.26,    51.52)   26.73
                  (    0.01,     0.02)    0.00
 F090W: sersic    : (   51.99,    49.06)   28.32      2.43    1.01    0.92   166.27
                  (    0.01,     0.02)    0.00      0.00    0.00    0.02     0.02
 F115W: sersic    : (   51.77,    49.25)   28.14      2.43    1.09    0.95   153.56
                  (    0.01,     0.02)    0.00      0.00    0.00    0.02     0.02
 F150W: sersic    : (   51.47,    49.53)   28.70      2.43    1.17    0.98   135.77
                  (    0.01,     0.02)    0.00      0.00    0.00    0.02     0.02
 F200W: sersic    : (   51.05,    49.92)   28.21      2.43    1.21    1.00   110.34
                  (    0.01,     0.02)    0.00      0.00    0.00    0.02     0.02
 F277W: sersic    : (   50.39,    50.52)   27.22      2.43    1.12    0.96    71.19
                  (    0.01,     0.02)    0.00      0.00    0.00    0.02     0.02
 F356W: sersic    : (   49.71,    51.14)   26.74      2.43    0.84    0.83    31.02
                  (    0.01,     0.02)    0.00      0.00    0.00    0.02     0.02
 F410M: sersic    : (   49.25,    51.56)   28.12      2.43    0.54    0.69     3.56
                  (    0.01,     0.02)    0.00      0.00    0.00    0.02     0.02
 F444W: sersic    : (   48.96,    51.82)   26.34      2.43    0.30    0.58   -13.72
                  (    0.01,     0.02)    0.00      0.00    0.00    0.02     0.02
 Chi^2 = 26909.70814,  ndof = 20773
 Chi^2/nu = 1.295 

-----------------------------------------------------------------------------
-----------------------------------------------------------------------------

Input images    : 12329_F090W_data.fits,12329_F115W_data.fits,12329_F150W_data.fits,12329_F200W_data.fits,12329_F277W_data.fits,12329_F356W_data.fits,12329_F410M_data.fits,12329_F444W_data.fits [25:75,25:75] 
Init. par. file : 12329_galfitm.feedme 
Restart file    : 12329_result.galfit.13 
Output image    : 12329_result.fits 

 F090W: psf       : (   49.51,    51.46)   29.46
                  (    0.01,     0.03)    0.00
 F115W: psf       : (   49.49,    51.47)   29.12
                  (    0.01,     0.03)    0.00
 F150W: psf       : (   49.47,    51.47)   28.95
                  (    0.01,     0.03)    0.00
 F200W: psf       : (   49.44,    51.47)   28.72
                  (    0.01,     0.03)    0.00
 F277W: psf       : (   49.40,    51.48)   29.00
                  (    0.01,     0.03)    0.00
 F356W: psf       : (   49.35,    51.48)   27.12
                  (    0.01,     0.03)    0.00
 F410M: psf       : (   49.32,    51.49)   26.43
                  (    0.01,     0.03)    0.00
 F444W: psf       : (   49.30,    51.49)   27.18
                  (    0.01,     0.03)    0.00
 F090W: sersic    : (   52.00,    49.12)   28.49      2.42    0.61    0.80   161.45
                  (    0.01,     0.03)    0.00      0.00    0.00    0.02     0.03
 F115W: sersic    : (   51.78,    49.32)   28.21      2.46    0.87    0.87   148.74
                  (    0.01,     0.03)    0.00      0.00    0.00    0.02     0.03
 F150W: sersic    : (   51.48,    49.58)   28.93      2.49    1.17    0.94   130.94
                  (    0.01,     0.03)    0.00      0.00    0.00    0.02     0.03
 F200W: sersic    : (   51.05,    49.96)   28.30      2.50    1.45    1.00   105.52
                  (    0.01,     0.03)    0.00      0.00    0.00    0.02     0.03
 F277W: sersic    : (   50.39,    50.55)   27.17      2.44    1.54    0.99    66.37
                  (    0.01,     0.03)    0.00      0.00    0.00    0.02     0.03
 F356W: sersic    : (   49.71,    51.16)   26.65      2.29    1.19    0.86    26.20
                  (    0.01,     0.03)    0.00      0.00    0.00    0.02     0.03
 F410M: sersic    : (   49.25,    51.57)   28.26      2.13    0.71    0.69    -1.26
                  (    0.01,     0.03)    0.00      0.00    0.00    0.02     0.03
 F444W: sersic    : (   48.95,    51.83)   26.13      2.00    0.30    0.56   -18.55
                  (    0.01,     0.03)    0.00      0.00    0.00    0.02     0.03
 Chi^2 = 26849.61314,  ndof = 20773
 Chi^2/nu = 1.293 

-----------------------------------------------------------------------------
-----------------------------------------------------------------------------

Input images    : 12329_F090W_data.fits,12329_F115W_data.fits,12329_F150W_data.fits,12329_F200W_data.fits,12329_F277W_data.fits,12329_F356W_data.fits,12329_F410M_data.fits,12329_F444W_data.fits [25:75,25:75] 
Init. par. file : 12329_galfitm.feedme 
Restart file    : 12329_result.galfit.14 
Output image    : 12329_result.fits 

 F090W: psf       : (   49.60,    51.48)   29.68
                  (    0.02,     0.03)    0.00
 F115W: psf       : (   49.57,    51.48)   29.06
                  (    0.02,     0.03)    0.00
 F150W: psf       : (   49.53,    51.48)   28.86
                  (    0.02,     0.03)    0.00
 F200W: psf       : (   49.47,    51.49)   28.94
                  (    0.02,     0.03)    0.00
 F277W: psf       : (   49.38,    51.50)   28.44
                  (    0.02,     0.03)    0.00
 F356W: psf       : (   49.29,    51.51)   27.16
                  (    0.02,     0.03)    0.00
 F410M: psf       : (   49.23,    51.51)   26.67
                  (    0.02,     0.03)    0.00
 F444W: psf       : (   49.19,    51.52)   26.79
                  (    0.02,     0.03)    0.00
 F090W: sersic    : (   52.00,    48.59)   28.50      2.41    0.30    0.93   167.96
                  (    0.02,     0.03)    0.00      0.00    0.00    0.02     0.03
 F115W: sersic    : (   51.79,    48.83)   28.00      2.46    0.63    0.96   155.25
                  (    0.02,     0.03)    0.00      0.00    0.00    0.02     0.03
 F150W: sersic    : (   51.51,    49.15)   28.40      2.52    1.00    0.99   137.45
                  (    0.02,     0.03)    0.00      0.00    0.00    0.02     0.03
 F200W: sersic    : (   51.10,    49.62)   28.79      2.56    1.39    1.00   112.03
                  (    0.02,     0.03)    0.00      0.00    0.00    0.02     0.03
 F277W: sersic    : (   50.46,    50.34)   27.32      2.52    1.62    0.95    72.88
                  (    0.02,     0.03)    0.00      0.00    0.00    0.02     0.03
 F356W: sersic    : (   49.81,    51.08)   26.61      2.35    1.39    0.83    32.71
                  (    0.02,     0.03)    0.00      0.00    0.00    0.02     0.03
 F410M: sersic    : (   49.37,    51.58)   27.26      2.15    0.98    0.69     5.25
                  (    0.02,     0.03)    0.00      0.00    0.00    0.02     0.03
 F444W: sersic    : (   49.09,    51.90)   26.31      2.00    0.60    0.59   -12.03
                  (    0.02,     0.03)    0.00      0.00    0.00    0.02     0.03
 Chi^2 = 26859.55682,  ndof = 20777
 Chi^2/nu = 1.293 

-----------------------------------------------------------------------------
-----------------------------------------------------------------------------

Input images    : 12329_F090W_data.fits,12329_F115W_data.fits,12329_F150W_data.fits,12329_F200W_data.fits,12329_F277W_data.fits,12329_F356W_data.fits,12329_F410M_data.fits,12329_F444W_data.fits [25:75,25:75] 
Init. par. file : 12329_galfitm.feedme 
Restart file    : 12329_result.galfit.15 
Output image    : 12329_result.fits 

 F090W: psf       : (   49.53,    50.74)   29.59
                  (    0.02,     0.03)    0.00
 F115W: psf       : (   49.49,    50.80)   29.37
                  (    0.02,     0.03)    0.00
 F150W: psf       : (   49.44,    50.89)   29.33
                  (    0.02,     0.03)    0.00
 F200W: psf       : (   49.36,    51.02)   28.85
                  (    0.02,     0.03)    0.00
 F277W: psf       : (   49.25,    51.21)   28.11
                  (    0.02,     0.03)    0.00
 F356W: psf       : (   49.13,    51.42)   26.57
                  (    0.02,     0.03)    0.00
 F410M: psf       : (   49.04,    51.55)   26.46
                  (    0.02,     0.03)    0.00
 F444W: psf       : (   48.99,    51.64)   25.96
                  (    0.02,     0.03)    0.00
 F090W: sersic    : (   52.80,    49.51)   27.99      4.88    0.31    0.30    21.40
                  (    0.02,     0.03)    0.00      0.00    0.00    0.02     0.03
 F115W: sersic    : (   52.76,    49.54)   27.72      4.50    0.37    0.35    22.74
                  (    0.02,     0.03)    0.00      0.00    0.00    0.02     0.03
 F150W: sersic    : (   52.70,    49.60)   27.79      4.25    0.49    0.41    24.62
                  (    0.02,     0.03)    0.00      0.00    0.00    0.02     0.03
 F200W: sersic    : (   52.61,    49.67)   27.82      4.46    0.77    0.45    27.30
                  (    0.02,     0.03)    0.00      0.00    0.00    0.02     0.03
 F277W: sersic    : (   52.47,    49.79)   27.13      6.07    1.41    0.44    31.44
                  (    0.02,     0.03)    0.00      0.00    0.00    0.02     0.03
 F356W: sersic    : (   52.33,    49.91)   26.68      9.37    2.33    0.33    35.67
                  (    0.02,     0.03)    0.00      0.00    0.00    0.02     0.03
 F410M: sersic    : (   52.23,    50.00)   26.89     12.58    3.11    0.21    38.57
                  (    0.02,     0.03)    0.00      0.00    0.00    0.02     0.03
 F444W: sersic    : (   52.17,    50.05)   27.08     14.99    3.67    0.10    40.40
                  (    0.02,     0.03)    0.00      0.00    0.00    0.02     0.03
 Chi^2 = 25821.91858,  ndof = 20773
 Chi^2/nu = 1.243 

-----------------------------------------------------------------------------
-----------------------------------------------------------------------------

Input images    : 12329_F090W_data.fits,12329_F115W_data.fits,12329_F150W_data.fits,12329_F200W_data.fits,12329_F277W_data.fits,12329_F356W_data.fits,12329_F410M_data.fits,12329_F444W_data.fits [25:75,25:75] 
Init. par. file : 12329_galfitm.feedme 
Restart file    : 12329_result.galfit.16 
Output image    : 12329_result.fits 

 F090W: psf       : (   49.93,    51.21)   29.79
                  (    0.02,     0.04)    0.00
 F115W: psf       : (   49.87,    51.24)   29.28
                  (    0.02,     0.04)    0.00
 F150W: psf       : (   49.79,    51.29)   29.23
                  (    0.02,     0.04)    0.00
 F200W: psf       : (   49.67,    51.36)   28.76
                  (    0.02,     0.04)    0.00
 F277W: psf       : (   49.49,    51.46)   28.11
                  (    0.02,     0.04)    0.00
 F356W: psf       : (   49.31,    51.57)   26.57
                  (    0.02,     0.04)    0.00
 F410M: psf       : (   49.19,    51.65)   26.41
                  (    0.02,     0.04)    0.00
 F444W: psf       : (   49.11,    51.70)   25.94
                  (    0.02,     0.04)    0.00
 F090W: sersic    : (   52.86,    49.25)   27.83      3.92    0.58    0.81   [70.96]
                  (    0.02,     0.04)    0.00      0.00    0.00    0.02    [0.03]
 F115W: sersic    : (   52.81,    49.22)   27.63      4.00    0.56    0.80   [70.96]
                  (    0.02,     0.04)    0.00      0.00    0.00    0.02    [0.03]
 F150W: sersic    : (   52.72,    49.18)   27.73      4.12    0.54    0.78   [70.96]
                  (    0.02,     0.04)    0.00      0.00    0.00    0.02    [0.03]
 F200W: sersic    : (   52.61,    49.13)   27.79      4.29    0.50    0.76   [70.96]
                  (    0.02,     0.04)    0.00      0.00    0.00    0.02    [0.03]
 F277W: sersic    : (   52.43,    49.05)   27.29      4.55    0.44    0.72   [70.96]
                  (    0.02,     0.04)    0.00      0.00    0.00    0.02    [0.03]
 F356W: sersic    : (   52.25,    48.96)   27.06      4.82    0.38    0.68   [70.96]
                  (    0.02,     0.04)    0.00      0.00    0.00    0.02    [0.03]
 F410M: sersic    : (   52.12,    48.90)   27.65      5.00    0.34    0.65   [70.96]
                  (    0.02,     0.04)    0.00      0.00    0.00    0.02    [0.03]
 F444W: sersic    : (   52.04,    48.87)   27.84      5.12    0.31    0.64   [70.96]
                  (    0.02,     0.04)    0.00      0.00    0.00    0.02    [0.03]
 Chi^2 = 25833.64521,  ndof = 20778
 Chi^2/nu = 1.243 

-----------------------------------------------------------------------------
-----------------------------------------------------------------------------

Input images    : 12329_F090W_data.fits,12329_F115W_data.fits,12329_F150W_data.fits,12329_F200W_data.fits,12329_F277W_data.fits,12329_F356W_data.fits,12329_F410M_data.fits,12329_F444W_data.fits [25:75,25:75] 
Init. par. file : 12329_galfitm_psf.feedme 
Restart file    : 12329_result.galfit.17 
Output image    : 12329_result.fits 

 F090W: psf       : (   50.43,    50.82)   29.32
                  (    0.01,     0.02)    0.00
 F115W: psf       : (   50.33,    50.88)   28.88
                  (    0.01,     0.02)    0.00
 F150W: psf       : (   50.20,    50.96)   28.97
                  (    0.01,     0.02)    0.00
 F200W: psf       : (   50.02,    51.07)   28.51
                  (    0.01,     0.02)    0.00
 F277W: psf       : (   49.73,    51.24)   27.59
                  (    0.01,     0.02)    0.00
 F356W: psf       : (   49.44,    51.41)   26.35
                  (    0.01,     0.02)    0.00
 F410M: psf       : (   49.24,    51.53)   26.29
                  (    0.01,     0.02)    0.00
 F444W: psf       : (   49.11,    51.60)   25.87
                  (    0.01,     0.02)    0.00
 Chi^2 = 28829.59869,  ndof = 20796
 Chi^2/nu = 1.386 

-----------------------------------------------------------------------------
-----------------------------------------------------------------------------

Input images    : 12329_F090W_data.fits,12329_F115W_data.fits,12329_F150W_data.fits,12329_F200W_data.fits,12329_F277W_data.fits,12329_F356W_data.fits,12329_F410M_data.fits,12329_F444W_data.fits [25:75,25:75] 
Init. par. file : 12329_galfitm_psf.feedme 
Restart file    : 12329_result_psf.galfit.01 
Output image    : 12329_result_psf.fits 

 F090W: psf       : (   50.43,    50.82)   29.32
                  (    0.01,     0.02)    0.00
 F115W: psf       : (   50.33,    50.88)   28.88
                  (    0.01,     0.02)    0.00
 F150W: psf       : (   50.20,    50.96)   28.97
                  (    0.01,     0.02)    0.00
 F200W: psf       : (   50.02,    51.07)   28.51
                  (    0.01,     0.02)    0.00
 F277W: psf       : (   49.73,    51.24)   27.59
                  (    0.01,     0.02)    0.00
 F356W: psf       : (   49.44,    51.41)   26.35
                  (    0.01,     0.02)    0.00
 F410M: psf       : (   49.24,    51.53)   26.29
                  (    0.01,     0.02)    0.00
 F444W: psf       : (   49.11,    51.60)   25.87
                  (    0.01,     0.02)    0.00
 Chi^2 = 28829.59869,  ndof = 20796
 Chi^2/nu = 1.386 

-----------------------------------------------------------------------------
-----------------------------------------------------------------------------

Input images    : 12329_F090W_data.fits,12329_F115W_data.fits,12329_F150W_data.fits,12329_F200W_data.fits,12329_F277W_data.fits,12329_F356W_data.fits,12329_F410M_data.fits,12329_F444W_data.fits [25:75,25:75] 
Init. par. file : 12329_galfitm.feedme 
Restart file    : 12329_result.galfit.18 
Output image    : 12329_result.fits 

 F090W: psf       : (   49.51,    51.46)   29.46
                  (    0.01,     0.03)    0.00
 F115W: psf       : (   49.49,    51.47)   29.12
                  (    0.01,     0.03)    0.00
 F150W: psf       : (   49.47,    51.47)   28.95
                  (    0.01,     0.03)    0.00
 F200W: psf       : (   49.44,    51.47)   28.72
                  (    0.01,     0.03)    0.00
 F277W: psf       : (   49.40,    51.48)   29.00
                  (    0.01,     0.03)    0.00
 F356W: psf       : (   49.35,    51.48)   27.12
                  (    0.01,     0.03)    0.00
 F410M: psf       : (   49.32,    51.49)   26.43
                  (    0.01,     0.03)    0.00
 F444W: psf       : (   49.30,    51.49)   27.18
                  (    0.01,     0.03)    0.00
 F090W: sersic    : (   52.00,    49.13)   28.49      2.42    0.61    0.80   161.43
                  (    0.01,     0.03)    0.00      0.00    0.00    0.02     0.03
 F115W: sersic    : (   51.78,    49.32)   28.20      2.46    0.87    0.87   148.71
                  (    0.01,     0.03)    0.00      0.00    0.00    0.02     0.03
 F150W: sersic    : (   51.48,    49.59)   28.92      2.49    1.17    0.94   130.92
                  (    0.01,     0.03)    0.00      0.00    0.00    0.02     0.03
 F200W: sersic    : (   51.05,    49.97)   28.30      2.50    1.44    1.00   105.49
                  (    0.01,     0.03)    0.00      0.00    0.00    0.02     0.03
 F277W: sersic    : (   50.39,    50.56)   27.17      2.44    1.53    0.99    66.34
                  (    0.01,     0.03)    0.00      0.00    0.00    0.02     0.03
 F356W: sersic    : (   49.71,    51.16)   26.65      2.29    1.19    0.86    26.17
                  (    0.01,     0.03)    0.00      0.00    0.00    0.02     0.03
 F410M: sersic    : (   49.24,    51.57)   28.26      2.13    0.71    0.69    -1.29
                  (    0.01,     0.03)    0.00      0.00    0.00    0.02     0.03
 F444W: sersic    : (   48.95,    51.83)   26.12      2.00    0.30    0.56   -18.57
                  (    0.01,     0.03)    0.00      0.00    0.00    0.02     0.03
 Chi^2 = 26627.91371,  ndof = 20773
 Chi^2/nu = 1.282 

-----------------------------------------------------------------------------
-----------------------------------------------------------------------------

Input images    : 12329_F090W_data.fits,12329_F115W_data.fits,12329_F150W_data.fits,12329_F200W_data.fits,12329_F277W_data.fits,12329_F356W_data.fits,12329_F410M_data.fits,12329_F444W_data.fits [25:75,25:75] 
Init. par. file : 12329_galfitm.feedme 
Restart file    : 12329_result.galfit.19 
Output image    : 12329_result.fits 

 F090W: psf       : (   49.83,    51.19)   29.89
                  (    0.02,     0.02)    0.00
 F115W: psf       : (   49.79,    51.23)   29.35
                  (    0.02,     0.02)    0.00
 F150W: psf       : (   49.73,    51.28)   29.28
                  (    0.02,     0.02)    0.00
 F200W: psf       : (   49.65,    51.36)   28.78
                  (    0.02,     0.02)    0.00
 F277W: psf       : (   49.52,    51.47)   28.62
                  (    0.02,     0.02)    0.00
 F356W: psf       : (   49.39,    51.60)   26.74
                  (    0.02,     0.02)    0.00
 F410M: psf       : (   49.30,    51.68)   26.42
                  (    0.02,     0.02)    0.00
 F444W: psf       : (   49.24,    51.73)   26.02
                  (    0.02,     0.02)    0.00
 F090W: sersic    : (   52.00,    49.90)   27.85      4.27    0.30    0.59    45.81
                  (    0.02,     0.02)    0.00      0.00    0.00    0.02     0.03
 F115W: sersic    : (   51.78,    49.94)   27.69      4.40    0.43    0.58    45.81
                  (    0.02,     0.02)    0.00      0.00    0.00    0.02     0.03
 F150W: sersic    : (   51.48,    49.99)   27.71      4.59    0.60    0.56    45.81
                  (    0.02,     0.02)    0.00      0.00    0.00    0.02     0.03
 F200W: sersic    : (   51.05,    50.06)   27.87      4.87    0.85    0.54    45.81
                  (    0.02,     0.02)    0.00      0.00    0.00    0.02     0.03
 F277W: sersic    : (   50.39,    50.16)   27.02      5.29    1.23    0.50    45.81
                  (    0.02,     0.02)    0.00      0.00    0.00    0.02     0.03
 F356W: sersic    : (   49.72,    50.27)   26.71      5.72    1.62    0.45    45.81
                  (    0.02,     0.02)    0.00      0.00    0.00    0.02     0.03
 F410M: sersic    : (   49.25,    50.35)   27.67      6.01    1.89    0.43    45.81
                  (    0.02,     0.02)    0.00      0.00    0.00    0.02     0.03
 F444W: sersic    : (   48.96,    50.40)   27.24      6.20    2.06    0.41    45.81
                  (    0.02,     0.02)    0.00      0.00    0.00    0.02     0.03
 Chi^2 = 26156.88066,  ndof = 20777
 Chi^2/nu = 1.259 

-----------------------------------------------------------------------------
