!Sorted Bootstrap Resuls for 2000_8000
!No     rate_boot
   1    -1.494e-05
   2    -1.494e-05
   3    -1.494e-05
   4    -1.494e-05
   5    -1.494e-05
   6    -1.494e-05
   7    -1.494e-05
   8    -1.494e-05
   9    -1.494e-05
  10    -1.494e-05
  11    -1.494e-05
  12    -1.494e-05
  13    -1.494e-05
  14    -1.494e-05
  15    -1.494e-05
  16    -1.494e-05
  17    -1.494e-05
  18    -1.494e-05
  19    -1.494e-05
  20    -1.494e-05
  21    -1.494e-05
  22    -1.494e-05
  23    -1.494e-05
  24    -1.494e-05
  25    -1.494e-05
  26    -1.494e-05
  27    -1.494e-05
  28    -1.494e-05
  29    -1.049e-05
  30    -1.049e-05
  31    -1.049e-05
  32    -1.049e-05
  33    -1.049e-05
  34    -1.049e-05
  35    -1.049e-05
  36    -1.049e-05
  37    -1.049e-05
  38    -1.049e-05
  39    -1.049e-05
  40    -1.049e-05
  41    -1.049e-05
  42    -1.049e-05
  43    -1.049e-05
  44    -1.049e-05
  45    -1.049e-05
  46    -1.049e-05
  47    -1.049e-05
  48    -1.049e-05
  49    -1.049e-05
  50    -1.049e-05
  51    -1.049e-05
  52    -1.049e-05
  53    -1.049e-05
  54    -1.049e-05
  55    -1.049e-05
  56    -1.049e-05
  57    -1.049e-05
  58    -1.049e-05
  59    -1.049e-05
  60    -1.049e-05
  61    -1.049e-05
  62    -1.049e-05
  63    -1.049e-05
  64    -1.049e-05
  65    -1.049e-05
  66    -1.049e-05
  67    -1.049e-05
  68    -1.049e-05
  69    -1.049e-05
  70    -1.049e-05
  71    -1.049e-05
  72    -1.049e-05
  73    -1.049e-05
  74    -1.049e-05
  75    -1.049e-05
  76    -1.049e-05
  77    -1.049e-05
  78    -1.049e-05
  79    -1.049e-05
  80    -1.049e-05
  81    -1.049e-05
  82    -1.049e-05
  83    -1.049e-05
  84    -1.049e-05
  85    -1.049e-05
  86    -1.049e-05
  87    -1.049e-05
  88    -7.414e-06
  89    -7.414e-06
  90    -7.414e-06
  91    -7.414e-06
  92    -7.414e-06
  93    -7.414e-06
  94    -7.414e-06
  95    -7.414e-06
  96    -7.414e-06
  97    -7.414e-06
  98    -7.414e-06
  99    -7.414e-06
 100    -7.414e-06
 101    -7.414e-06
 102    -7.414e-06
 103    -7.414e-06
 104    -7.414e-06
 105    -7.414e-06
 106    -7.414e-06
 107    -7.414e-06
 108    -7.414e-06
 109    -7.414e-06
 110    -7.414e-06
 111    -7.414e-06
 112    -7.414e-06
 113    -7.414e-06
 114    -7.414e-06
 115    -7.414e-06
 116    -7.414e-06
 117    -7.414e-06
 118    -7.414e-06
 119    -7.414e-06
 120    -7.414e-06
 121    -7.414e-06
 122    -7.414e-06
 123    -7.414e-06
 124    -7.414e-06
 125    -7.414e-06
 126    -7.414e-06
 127    -7.414e-06
 128    -7.414e-06
 129    -7.414e-06
 130    -7.414e-06
 131    -7.414e-06
 132    -7.414e-06
 133    -7.414e-06
 134    -7.414e-06
 135    -7.414e-06
 136    -7.414e-06
 137    -7.414e-06
 138    -7.414e-06
 139    -7.414e-06
 140    -7.414e-06
 141    -7.414e-06
 142    -7.414e-06
 143    -7.414e-06
 144    -7.414e-06
 145    -7.414e-06
 146    -7.414e-06
 147    -7.414e-06
 148    -7.414e-06
 149    -5.167e-06
 150    -5.167e-06
 151    -5.167e-06
 152    -5.167e-06
 153    -5.167e-06
 154    -5.167e-06
 155    -5.167e-06
 156    -5.167e-06
 157    -5.167e-06
 158    -5.167e-06
 159    -5.167e-06
 160    -5.167e-06
 161    -5.167e-06
 162    -5.167e-06
 163    -5.167e-06
 164    -5.167e-06
 165    -5.167e-06
 166    -5.167e-06
 167    -5.167e-06
 168    -5.167e-06
 169    -5.167e-06
 170    -5.167e-06
 171    -5.167e-06
 172    -5.167e-06
 173    -5.167e-06
 174    -5.167e-06
 175    -5.167e-06
 176    -5.167e-06
 177    -5.167e-06
 178    -5.167e-06
 179    -5.167e-06
 180    -5.167e-06
 181    -5.167e-06
 182    -5.167e-06
 183    -5.167e-06
 184    -5.167e-06
 185    -5.167e-06
 186    -5.167e-06
 187    -5.167e-06
 188    -5.167e-06
 189    -5.167e-06
 190    -5.167e-06
 191    -5.167e-06
 192    -5.167e-06
 193    -5.167e-06
 194    -5.167e-06
 195    -5.167e-06
 196    -5.167e-06
 197    -5.167e-06
 198    -5.167e-06
 199    -5.167e-06
 200    -5.167e-06
 201    -5.167e-06
 202    -1.707e-06
 203    -1.707e-06
 204    -1.707e-06
 205    -1.707e-06
 206    -1.707e-06
 207    -1.707e-06
 208    -1.707e-06
 209    -1.707e-06
 210    -1.707e-06
 211    -1.707e-06
 212    -1.707e-06
 213    -1.707e-06
 214    -1.707e-06
 215    -1.707e-06
 216    -1.707e-06
 217    -1.707e-06
 218    -1.707e-06
 219    -1.707e-06
 220    -1.707e-06
 221    -1.707e-06
 222    -1.707e-06
 223    -1.707e-06
 224    -1.707e-06
 225    -1.707e-06
 226    -1.707e-06
 227    -1.707e-06
 228    -1.707e-06
 229    -1.707e-06
 230    -1.707e-06
 231    -1.707e-06
 232    -1.707e-06
 233    -1.707e-06
 234    -1.707e-06
 235    -1.707e-06
 236    -1.707e-06
 237    -1.707e-06
 238    -1.707e-06
 239    -1.707e-06
 240    -1.707e-06
 241    -1.707e-06
 242    -1.707e-06
 243    -1.707e-06
 244    -1.707e-06
 245    -1.707e-06
 246    -1.707e-06
 247    -1.707e-06
 248    -1.707e-06
 249    -1.707e-06
 250    -1.707e-06
 251    -1.707e-06
 252    -1.707e-06
 253    -1.707e-06
 254    -1.707e-06
 255    -1.707e-06
 256    -1.707e-06
 257    -1.707e-06
 258    -1.707e-06
 259    -1.707e-06
 260    -1.707e-06
 261    -1.707e-06
 262    -1.707e-06
 263    -1.707e-06
 264    -1.707e-06
 265    -1.707e-06
 266    -1.707e-06
 267    -1.707e-06
 268    -1.707e-06
 269    -1.707e-06
 270    -1.707e-06
 271    -1.707e-06
 272    -1.707e-06
 273    -1.707e-06
 274    -1.707e-06
 275    -1.707e-06
 276    -1.707e-06
 277    -1.707e-06
 278    -1.707e-06
 279    -1.707e-06
 280    -1.707e-06
 281    -1.707e-06
 282    -1.707e-06
 283    -1.707e-06
 284    -1.707e-06
 285    -1.707e-06
 286    -1.707e-06
 287    -1.707e-06
 288    -1.707e-06
 289    -1.707e-06
 290    -1.707e-06
 291    -1.707e-06
 292    -1.707e-06
 293    -1.707e-06
 294    -1.707e-06
 295    -1.707e-06
 296    -1.707e-06
 297    -1.707e-06
 298    -1.707e-06
 299    -1.707e-06
 300    -1.707e-06
 301    -1.707e-06
 302     1.327e-06
 303     1.327e-06
 304     1.327e-06
 305     1.327e-06
 306     1.327e-06
 307     1.327e-06
 308     1.327e-06
 309     1.327e-06
 310     1.327e-06
 311     1.327e-06
 312     1.327e-06
 313     1.849e-06
 314     1.849e-06
 315     1.849e-06
 316     1.849e-06
 317     1.849e-06
 318     1.849e-06
 319     1.849e-06
 320     1.849e-06
 321     1.849e-06
 322     1.849e-06
 323     1.849e-06
 324     1.849e-06
 325     1.849e-06
 326     1.849e-06
 327     1.849e-06
 328     1.849e-06
 329     1.849e-06
 330     1.849e-06
 331     1.849e-06
 332     1.849e-06
 333     1.849e-06
 334     1.849e-06
 335     1.849e-06
 336     1.849e-06
 337     1.849e-06
 338     1.849e-06
 339     1.849e-06
 340     1.849e-06
 341     1.849e-06
 342     1.849e-06
 343     1.849e-06
 344     1.849e-06
 345     1.849e-06
 346     1.849e-06
 347     1.849e-06
 348     1.849e-06
 349     1.849e-06
 350     1.849e-06
 351     1.849e-06
 352     1.849e-06
 353     1.849e-06
 354     1.849e-06
 355     1.849e-06
 356     1.849e-06
 357     1.849e-06
 358     1.849e-06
 359     1.849e-06
 360     1.849e-06
 361     1.849e-06
 362     1.849e-06
 363     1.849e-06
 364     1.849e-06
 365     5.272e-06
 366     5.272e-06
 367     5.272e-06
 368     5.272e-06
 369     5.272e-06
 370     5.272e-06
 371     5.272e-06
 372     5.272e-06
 373     5.272e-06
 374     5.272e-06
 375     5.272e-06
 376     5.272e-06
 377     5.272e-06
 378     5.272e-06
 379     5.272e-06
 380     5.272e-06
 381     5.272e-06
 382     5.272e-06
 383     5.272e-06
 384     5.272e-06
 385     5.272e-06
 386     5.272e-06
 387     5.272e-06
 388     5.272e-06
 389     5.272e-06
 390     5.272e-06
 391     5.272e-06
 392     5.272e-06
 393     5.272e-06
 394     5.272e-06
 395     5.272e-06
 396     5.272e-06
 397     5.272e-06
 398     5.272e-06
 399     5.272e-06
 400     5.272e-06
 401     5.272e-06
 402     5.272e-06
 403     5.272e-06
 404     5.272e-06
 405     5.272e-06
 406     5.272e-06
 407     5.272e-06
 408     5.272e-06
 409     5.272e-06
 410     5.272e-06
 411     5.272e-06
 412     5.272e-06
 413     5.272e-06
 414     5.272e-06
 415     5.272e-06
 416     5.272e-06
 417     5.272e-06
 418     5.272e-06
 419     5.272e-06
 420     9.340e-06
 421     9.340e-06
 422     9.340e-06
 423     9.340e-06
 424     9.340e-06
 425     9.340e-06
 426     9.340e-06
 427     9.340e-06
 428     9.340e-06
 429     9.340e-06
 430     9.340e-06
 431     9.340e-06
 432     9.340e-06
 433     9.340e-06
 434     9.340e-06
 435     9.340e-06
 436     9.340e-06
 437     9.340e-06
 438     9.340e-06
 439     9.340e-06
 440     9.340e-06
 441     9.340e-06
 442     9.340e-06
 443     9.340e-06
 444     9.340e-06
 445     9.340e-06
 446     9.340e-06
 447     9.340e-06
 448     9.340e-06
 449     9.340e-06
 450     9.340e-06
 451     9.340e-06
 452     9.340e-06
 453     9.340e-06
 454     9.340e-06
 455     9.340e-06
 456     9.340e-06
 457     9.340e-06
 458     9.340e-06
 459     9.340e-06
 460     9.340e-06
 461     9.340e-06
 462     9.340e-06
 463     9.340e-06
 464     9.340e-06
 465     9.340e-06
 466     9.340e-06
 467     9.340e-06
 468     9.340e-06
 469     9.340e-06
 470     9.340e-06
 471     9.340e-06
 472     9.340e-06
 473     9.340e-06
 474     9.340e-06
 475     9.340e-06
 476     9.340e-06
 477     9.340e-06
 478     1.354e-05
 479     1.354e-05
 480     1.354e-05
 481     1.354e-05
 482     1.354e-05
 483     1.354e-05
 484     1.354e-05
 485     1.354e-05
 486     1.354e-05
 487     1.354e-05
 488     1.354e-05
 489     1.354e-05
 490     1.354e-05
 491     1.354e-05
 492     1.354e-05
 493     1.354e-05
 494     1.354e-05
 495     1.354e-05
 496     1.354e-05
 497     1.354e-05
 498     1.354e-05
 499     1.354e-05
 500     1.354e-05
!Created by ./stackanalysis_v4.pl in Users/nalrd_wb072Ff
