!       **** Bootstrap Histogram for 500_2000 ************
!           From       To        Ctr        Freq     Cum.
         -7.787e-06 -7.662e-06 -7.724e-06     0       0
         -7.662e-06 -7.538e-06 -7.600e-06     0       0
         -7.538e-06 -7.414e-06 -7.476e-06    28      28
         -7.414e-06 -7.290e-06 -7.352e-06     0      28
         -7.290e-06 -7.165e-06 -7.227e-06     0      28
         -7.165e-06 -7.041e-06 -7.103e-06    61      89
         -7.041e-06 -6.917e-06 -6.979e-06     0      89
         -6.917e-06 -6.793e-06 -6.855e-06     0      89
         -6.793e-06 -6.668e-06 -6.731e-06   111     200
         -6.668e-06 -6.544e-06 -6.606e-06     0     200
         -6.544e-06 -6.420e-06 -6.482e-06     0     200
         -6.420e-06 -6.296e-06 -6.358e-06   100     300
         -6.296e-06 -6.172e-06 -6.234e-06     0     300
         -6.172e-06 -6.047e-06 -6.109e-06    23     323
         -6.047e-06 -5.923e-06 -5.985e-06    53     376
         -5.923e-06 -5.799e-06 -5.861e-06     0     376
         -5.799e-06 -5.675e-06 -5.737e-06    58     434
         -5.675e-06 -5.550e-06 -5.613e-06     0     434
         -5.550e-06 -5.426e-06 -5.488e-06     0     434
         -5.426e-06 -5.302e-06 -5.364e-06    55     489
         -5.302e-06 -5.178e-06 -5.240e-06     0     489
         -5.178e-06 -5.053e-06 -5.116e-06     0     489
         -5.053e-06 -4.929e-06 -4.991e-06    11     500
         -4.929e-06 -4.805e-06 -4.867e-06     0     500
         -4.805e-06 -4.681e-06 -4.743e-06     0     500
         -4.681e-06 -4.557e-06 -4.619e-06     0     500
!Created by ./stackanalysis_v4.pl in Users/nalrd_wb072Ff
