!Sorted Bootstrap Resuls for 500_2000
!No     rate_boot
   1    -7.488e-06
   2    -7.488e-06
   3    -7.488e-06
   4    -7.488e-06
   5    -7.488e-06
   6    -7.488e-06
   7    -7.488e-06
   8    -7.488e-06
   9    -7.488e-06
  10    -7.488e-06
  11    -7.488e-06
  12    -7.488e-06
  13    -7.488e-06
  14    -7.488e-06
  15    -7.488e-06
  16    -7.488e-06
  17    -7.488e-06
  18    -7.488e-06
  19    -7.488e-06
  20    -7.488e-06
  21    -7.488e-06
  22    -7.488e-06
  23    -7.488e-06
  24    -7.488e-06
  25    -7.488e-06
  26    -7.488e-06
  27    -7.488e-06
  28    -7.488e-06
  29    -7.134e-06
  30    -7.134e-06
  31    -7.134e-06
  32    -7.134e-06
  33    -7.134e-06
  34    -7.134e-06
  35    -7.134e-06
  36    -7.134e-06
  37    -7.134e-06
  38    -7.134e-06
  39    -7.134e-06
  40    -7.134e-06
  41    -7.134e-06
  42    -7.134e-06
  43    -7.134e-06
  44    -7.134e-06
  45    -7.134e-06
  46    -7.134e-06
  47    -7.134e-06
  48    -7.134e-06
  49    -7.134e-06
  50    -7.134e-06
  51    -7.134e-06
  52    -7.134e-06
  53    -7.134e-06
  54    -7.134e-06
  55    -7.134e-06
  56    -7.134e-06
  57    -7.134e-06
  58    -7.134e-06
  59    -7.134e-06
  60    -7.134e-06
  61    -7.134e-06
  62    -7.134e-06
  63    -7.134e-06
  64    -7.134e-06
  65    -7.134e-06
  66    -7.134e-06
  67    -7.134e-06
  68    -7.134e-06
  69    -7.134e-06
  70    -7.134e-06
  71    -7.134e-06
  72    -7.134e-06
  73    -7.134e-06
  74    -7.134e-06
  75    -7.134e-06
  76    -7.134e-06
  77    -7.134e-06
  78    -7.134e-06
  79    -7.134e-06
  80    -7.134e-06
  81    -7.134e-06
  82    -7.134e-06
  83    -7.134e-06
  84    -7.134e-06
  85    -7.134e-06
  86    -7.134e-06
  87    -7.134e-06
  88    -7.134e-06
  89    -7.134e-06
  90    -6.790e-06
  91    -6.790e-06
  92    -6.790e-06
  93    -6.790e-06
  94    -6.790e-06
  95    -6.790e-06
  96    -6.790e-06
  97    -6.790e-06
  98    -6.790e-06
  99    -6.790e-06
 100    -6.790e-06
 101    -6.790e-06
 102    -6.790e-06
 103    -6.790e-06
 104    -6.790e-06
 105    -6.790e-06
 106    -6.790e-06
 107    -6.790e-06
 108    -6.790e-06
 109    -6.790e-06
 110    -6.790e-06
 111    -6.790e-06
 112    -6.790e-06
 113    -6.790e-06
 114    -6.790e-06
 115    -6.790e-06
 116    -6.790e-06
 117    -6.790e-06
 118    -6.790e-06
 119    -6.790e-06
 120    -6.790e-06
 121    -6.790e-06
 122    -6.790e-06
 123    -6.790e-06
 124    -6.790e-06
 125    -6.790e-06
 126    -6.790e-06
 127    -6.790e-06
 128    -6.790e-06
 129    -6.790e-06
 130    -6.790e-06
 131    -6.790e-06
 132    -6.790e-06
 133    -6.790e-06
 134    -6.790e-06
 135    -6.790e-06
 136    -6.790e-06
 137    -6.790e-06
 138    -6.790e-06
 139    -6.790e-06
 140    -6.790e-06
 141    -6.790e-06
 142    -6.790e-06
 143    -6.790e-06
 144    -6.790e-06
 145    -6.790e-06
 146    -6.790e-06
 147    -6.790e-06
 148    -6.790e-06
 149    -6.692e-06
 150    -6.692e-06
 151    -6.692e-06
 152    -6.692e-06
 153    -6.692e-06
 154    -6.692e-06
 155    -6.692e-06
 156    -6.692e-06
 157    -6.692e-06
 158    -6.692e-06
 159    -6.692e-06
 160    -6.692e-06
 161    -6.692e-06
 162    -6.692e-06
 163    -6.692e-06
 164    -6.692e-06
 165    -6.692e-06
 166    -6.692e-06
 167    -6.692e-06
 168    -6.692e-06
 169    -6.692e-06
 170    -6.692e-06
 171    -6.692e-06
 172    -6.692e-06
 173    -6.692e-06
 174    -6.692e-06
 175    -6.692e-06
 176    -6.692e-06
 177    -6.692e-06
 178    -6.692e-06
 179    -6.692e-06
 180    -6.692e-06
 181    -6.692e-06
 182    -6.692e-06
 183    -6.692e-06
 184    -6.692e-06
 185    -6.692e-06
 186    -6.692e-06
 187    -6.692e-06
 188    -6.692e-06
 189    -6.692e-06
 190    -6.692e-06
 191    -6.692e-06
 192    -6.692e-06
 193    -6.692e-06
 194    -6.692e-06
 195    -6.692e-06
 196    -6.692e-06
 197    -6.692e-06
 198    -6.692e-06
 199    -6.692e-06
 200    -6.692e-06
 201    -6.321e-06
 202    -6.321e-06
 203    -6.321e-06
 204    -6.321e-06
 205    -6.321e-06
 206    -6.321e-06
 207    -6.321e-06
 208    -6.321e-06
 209    -6.321e-06
 210    -6.321e-06
 211    -6.321e-06
 212    -6.321e-06
 213    -6.321e-06
 214    -6.321e-06
 215    -6.321e-06
 216    -6.321e-06
 217    -6.321e-06
 218    -6.321e-06
 219    -6.321e-06
 220    -6.321e-06
 221    -6.321e-06
 222    -6.321e-06
 223    -6.321e-06
 224    -6.321e-06
 225    -6.321e-06
 226    -6.321e-06
 227    -6.321e-06
 228    -6.321e-06
 229    -6.321e-06
 230    -6.321e-06
 231    -6.321e-06
 232    -6.321e-06
 233    -6.321e-06
 234    -6.321e-06
 235    -6.321e-06
 236    -6.321e-06
 237    -6.321e-06
 238    -6.321e-06
 239    -6.321e-06
 240    -6.321e-06
 241    -6.321e-06
 242    -6.321e-06
 243    -6.321e-06
 244    -6.321e-06
 245    -6.321e-06
 246    -6.321e-06
 247    -6.321e-06
 248    -6.321e-06
 249    -6.321e-06
 250    -6.321e-06
 251    -6.321e-06
 252    -6.321e-06
 253    -6.321e-06
 254    -6.321e-06
 255    -6.321e-06
 256    -6.321e-06
 257    -6.321e-06
 258    -6.321e-06
 259    -6.321e-06
 260    -6.321e-06
 261    -6.321e-06
 262    -6.321e-06
 263    -6.321e-06
 264    -6.321e-06
 265    -6.321e-06
 266    -6.321e-06
 267    -6.321e-06
 268    -6.321e-06
 269    -6.321e-06
 270    -6.321e-06
 271    -6.321e-06
 272    -6.321e-06
 273    -6.321e-06
 274    -6.321e-06
 275    -6.321e-06
 276    -6.321e-06
 277    -6.321e-06
 278    -6.321e-06
 279    -6.321e-06
 280    -6.321e-06
 281    -6.321e-06
 282    -6.321e-06
 283    -6.321e-06
 284    -6.321e-06
 285    -6.321e-06
 286    -6.321e-06
 287    -6.321e-06
 288    -6.321e-06
 289    -6.321e-06
 290    -6.321e-06
 291    -6.321e-06
 292    -6.321e-06
 293    -6.321e-06
 294    -6.321e-06
 295    -6.321e-06
 296    -6.321e-06
 297    -6.321e-06
 298    -6.321e-06
 299    -6.321e-06
 300    -6.321e-06
 301    -6.128e-06
 302    -6.128e-06
 303    -6.128e-06
 304    -6.128e-06
 305    -6.128e-06
 306    -6.128e-06
 307    -6.128e-06
 308    -6.128e-06
 309    -6.128e-06
 310    -6.128e-06
 311    -6.128e-06
 312    -6.128e-06
 313    -6.128e-06
 314    -6.128e-06
 315    -6.128e-06
 316    -6.128e-06
 317    -6.128e-06
 318    -6.128e-06
 319    -6.128e-06
 320    -6.128e-06
 321    -6.128e-06
 322    -6.128e-06
 323    -6.128e-06
 324    -5.973e-06
 325    -5.973e-06
 326    -5.973e-06
 327    -5.973e-06
 328    -5.973e-06
 329    -5.973e-06
 330    -5.973e-06
 331    -5.973e-06
 332    -5.973e-06
 333    -5.973e-06
 334    -5.973e-06
 335    -5.973e-06
 336    -5.973e-06
 337    -5.973e-06
 338    -5.973e-06
 339    -5.973e-06
 340    -5.973e-06
 341    -5.973e-06
 342    -5.973e-06
 343    -5.973e-06
 344    -5.973e-06
 345    -5.973e-06
 346    -5.973e-06
 347    -5.973e-06
 348    -5.973e-06
 349    -5.973e-06
 350    -5.973e-06
 351    -5.973e-06
 352    -5.973e-06
 353    -5.973e-06
 354    -5.973e-06
 355    -5.973e-06
 356    -5.973e-06
 357    -5.973e-06
 358    -5.973e-06
 359    -5.973e-06
 360    -5.973e-06
 361    -5.973e-06
 362    -5.973e-06
 363    -5.973e-06
 364    -5.973e-06
 365    -5.973e-06
 366    -5.973e-06
 367    -5.973e-06
 368    -5.973e-06
 369    -5.973e-06
 370    -5.973e-06
 371    -5.973e-06
 372    -5.973e-06
 373    -5.973e-06
 374    -5.973e-06
 375    -5.973e-06
 376    -5.973e-06
 377    -5.727e-06
 378    -5.727e-06
 379    -5.727e-06
 380    -5.727e-06
 381    -5.727e-06
 382    -5.727e-06
 383    -5.727e-06
 384    -5.727e-06
 385    -5.727e-06
 386    -5.727e-06
 387    -5.727e-06
 388    -5.727e-06
 389    -5.727e-06
 390    -5.727e-06
 391    -5.727e-06
 392    -5.727e-06
 393    -5.727e-06
 394    -5.727e-06
 395    -5.727e-06
 396    -5.727e-06
 397    -5.727e-06
 398    -5.727e-06
 399    -5.727e-06
 400    -5.727e-06
 401    -5.727e-06
 402    -5.727e-06
 403    -5.727e-06
 404    -5.727e-06
 405    -5.727e-06
 406    -5.727e-06
 407    -5.727e-06
 408    -5.727e-06
 409    -5.727e-06
 410    -5.727e-06
 411    -5.727e-06
 412    -5.727e-06
 413    -5.727e-06
 414    -5.727e-06
 415    -5.727e-06
 416    -5.727e-06
 417    -5.727e-06
 418    -5.727e-06
 419    -5.727e-06
 420    -5.727e-06
 421    -5.727e-06
 422    -5.727e-06
 423    -5.727e-06
 424    -5.727e-06
 425    -5.727e-06
 426    -5.727e-06
 427    -5.727e-06
 428    -5.727e-06
 429    -5.727e-06
 430    -5.727e-06
 431    -5.727e-06
 432    -5.727e-06
 433    -5.727e-06
 434    -5.727e-06
 435    -5.353e-06
 436    -5.353e-06
 437    -5.353e-06
 438    -5.353e-06
 439    -5.353e-06
 440    -5.353e-06
 441    -5.353e-06
 442    -5.353e-06
 443    -5.353e-06
 444    -5.353e-06
 445    -5.353e-06
 446    -5.353e-06
 447    -5.353e-06
 448    -5.353e-06
 449    -5.353e-06
 450    -5.353e-06
 451    -5.353e-06
 452    -5.353e-06
 453    -5.353e-06
 454    -5.353e-06
 455    -5.353e-06
 456    -5.353e-06
 457    -5.353e-06
 458    -5.353e-06
 459    -5.353e-06
 460    -5.353e-06
 461    -5.353e-06
 462    -5.353e-06
 463    -5.353e-06
 464    -5.353e-06
 465    -5.353e-06
 466    -5.353e-06
 467    -5.353e-06
 468    -5.353e-06
 469    -5.353e-06
 470    -5.353e-06
 471    -5.353e-06
 472    -5.353e-06
 473    -5.353e-06
 474    -5.353e-06
 475    -5.353e-06
 476    -5.353e-06
 477    -5.353e-06
 478    -5.353e-06
 479    -5.353e-06
 480    -5.353e-06
 481    -5.353e-06
 482    -5.353e-06
 483    -5.353e-06
 484    -5.353e-06
 485    -5.353e-06
 486    -5.353e-06
 487    -5.353e-06
 488    -5.353e-06
 489    -5.353e-06
 490    -5.004e-06
 491    -5.004e-06
 492    -5.004e-06
 493    -5.004e-06
 494    -5.004e-06
 495    -5.004e-06
 496    -5.004e-06
 497    -5.004e-06
 498    -5.004e-06
 499    -5.004e-06
 500    -5.004e-06
!Created by ./stackanalysis_v4.pl in Users/nalrd_wb072Ff
