-----------------------------------------------------------------------------

Input images    : 8219_F090W_data.fits,8219_F115W_data.fits,8219_F150W_data.fits,8219_F200W_data.fits,8219_F277W_data.fits,8219_F356W_data.fits,8219_F410M_data.fits,8219_F444W_data.fits [25:75,25:75] 
Init. par. file : 8219_galfitm.feedme 
Restart file    : 8219_result_sersic.galfit.01 
Output image    : 8219_result_sersic.fits 

 F090W: psf       : (   49.98,    49.71)   29.67
                  (    0.02,     0.03)    0.00
 F115W: psf       : (   49.99,    49.70)   28.38
                  (    0.02,     0.03)    0.00
 F150W: psf       : (   50.00,    49.69)   28.37
                  (    0.02,     0.03)    0.00
 F200W: psf       : (   50.02,    49.68)   28.24
                  (    0.02,     0.03)    0.00
 F277W: psf       : (   50.05,    49.65)   27.96
                  (    0.02,     0.03)    0.00
 F356W: psf       : (   50.09,    49.62)   27.20
                  (    0.02,     0.03)    0.00
 F410M: psf       : (   50.11,    49.60)   27.09
                  (    0.02,     0.03)    0.00
 F444W: psf       : (   50.12,    49.59)   26.31
                  (    0.02,     0.03)    0.00
 F090W: sersic    : (   50.98,    50.39)   28.95     15.00    8.00    1.00    57.04
                  (    0.02,     0.03)    0.00      0.00    0.00    0.01     0.02
 F115W: sersic    : (   51.00,    50.41)   28.10     13.11    8.00    0.86    56.08
                  (    0.02,     0.03)    0.00      0.00    0.00    0.01     0.02
 F150W: sersic    : (   51.01,    50.44)   28.23     10.72    8.00    0.70    54.73
                  (    0.02,     0.03)    0.00      0.00    0.00    0.01     0.02
 F200W: sersic    : (   51.04,    50.48)   28.17      7.78    8.00    0.53    52.82
                  (    0.02,     0.03)    0.00      0.00    0.00    0.01     0.02
 F277W: sersic    : (   51.07,    50.55)   27.99      4.39    8.00    0.40    49.86
                  (    0.02,     0.03)    0.00      0.00    0.00    0.01     0.02
 F356W: sersic    : (   51.11,    50.61)   26.64      2.34    8.00    0.44    46.83
                  (    0.02,     0.03)    0.00      0.00    0.00    0.01     0.02
 F410M: sersic    : (   51.13,    50.66)   26.15      1.76    8.00    0.57    44.75
                  (    0.02,     0.03)    0.00      0.00    0.00    0.01     0.02
 F444W: sersic    : (   51.15,    50.69)   28.29      1.74    8.00    0.69    43.45
                  (    0.02,     0.03)    0.00      0.00    0.00    0.01     0.02
 Chi^2 = 22228.13579,  ndof = 20773
 Chi^2/nu = 1.070 

-----------------------------------------------------------------------------
-----------------------------------------------------------------------------

Input images    : 8219_F090W_data.fits,8219_F115W_data.fits,8219_F150W_data.fits,8219_F200W_data.fits,8219_F277W_data.fits,8219_F356W_data.fits,8219_F410M_data.fits,8219_F444W_data.fits [25:75,25:75] 
Init. par. file : 8219_galfitm_sersic.feedme 
Restart file    : 8219_result_sersic.galfit.01 
Output image    : 8219_result_sersic.fits 

 F090W: sersic    : (   50.08,    49.78)   28.48      6.37    8.00    0.53    45.24
                  (    0.02,     0.04)    0.00      0.00    0.00    0.02     0.04
 F115W: sersic    : (   50.13,    49.81)   27.09      5.72    8.00    0.42    46.60
                  (    0.02,     0.04)    0.00      0.00    0.00    0.02     0.04
 F150W: sersic    : (   50.18,    49.84)   27.20      4.86    8.00    0.30    48.51
                  (    0.02,     0.04)    0.00      0.00    0.00    0.02     0.04
 F200W: sersic    : (   50.27,    49.89)   27.22      3.75    8.00    0.21    51.23
                  (    0.02,     0.04)    0.00      0.00    0.00    0.02     0.04
 F277W: sersic    : (   50.40,    49.97)   27.05      2.29    8.00    0.23    55.43
                  (    0.02,     0.04)    0.00      0.00    0.00    0.02     0.04
 F356W: sersic    : (   50.53,    50.05)   26.14      1.12    8.00    0.47    59.74
                  (    0.02,     0.04)    0.00      0.00    0.00    0.02     0.04
 F410M: sersic    : (   50.62,    50.10)   25.84      0.52    8.00    0.76    62.68
                  (    0.02,     0.04)    0.00      0.00    0.00    0.02     0.04
 F444W: sersic    : (   50.67,    50.14)   26.14     *0.22*   8.00    1.00    64.54
                  (    0.02,     0.04)    0.00     *0.00*   0.00    0.02     0.04
 Chi^2 = 23159.32405,  ndof = 20785
 Chi^2/nu = 1.114 

-----------------------------------------------------------------------------
-----------------------------------------------------------------------------

Input images    : 8219_F090W_data.fits,8219_F115W_data.fits,8219_F150W_data.fits,8219_F200W_data.fits,8219_F277W_data.fits,8219_F356W_data.fits,8219_F410M_data.fits,8219_F444W_data.fits [25:75,25:75] 
Init. par. file : 8219_galfitm_sersic.feedme 
Restart file    : 8219_result_sersic.galfit.02 
Output image    : 8219_result_sersic.fits 

 F090W: sersic    : (   50.09,    49.84)   28.21      6.61    6.36    0.62    43.32
                  (    0.02,     0.04)    0.00      0.00    0.00    0.03     0.04
 F115W: sersic    : (   50.13,    49.85)   27.05      5.68    6.78    0.50    44.94
                  (    0.02,     0.04)    0.00      0.00    0.00    0.03     0.04
 F150W: sersic    : (   50.18,    49.88)   27.24      4.50    7.26    0.37    47.21
                  (    0.02,     0.04)    0.00      0.00    0.00    0.03     0.04
 F200W: sersic    : (   50.26,    49.91)   27.24      3.06    7.73    0.26    50.45
                  (    0.02,     0.04)    0.00      0.00    0.00    0.03     0.04
 F277W: sersic    : (   50.38,    49.96)   27.18      1.42    8.00    0.26    55.45
                  (    0.02,     0.04)    0.00      0.00    0.00    0.03     0.04
 F356W: sersic    : (   50.51,    50.01)   26.28     *0.45*   7.67    0.48    60.57
                  (    0.02,     0.04)    0.00     *0.00*   0.00    0.03     0.04
 F410M: sersic    : (   50.59,    50.04)   26.00     *0.20*   7.11    0.76    64.08
                  (    0.02,     0.04)    0.00     *0.00*   0.00    0.03     0.04
 F444W: sersic    : (   50.64,    50.06)   26.16     *0.22*   6.61    0.99    66.28
                  (    0.02,     0.04)    0.00     *0.00*   0.00    0.03     0.04
 Chi^2 = 22900.94352,  ndof = 20785
 Chi^2/nu = 1.102 

-----------------------------------------------------------------------------
-----------------------------------------------------------------------------

Input images    : 8219_F090W_data.fits,8219_F115W_data.fits,8219_F150W_data.fits,8219_F200W_data.fits,8219_F277W_data.fits,8219_F356W_data.fits,8219_F410M_data.fits,8219_F444W_data.fits [25:75,25:75] 
Init. par. file : 8219_galfitm_sersic.feedme 
Restart file    : 8219_result_sersic.galfit.03 
Output image    : 8219_result_sersic.fits 

 F090W: sersic    : (   50.15,    49.87)   28.15      6.13    6.19    0.65    41.53
                  (    0.02,     0.04)    0.00      0.00    0.00    0.02     0.04
 F115W: sersic    : (   50.18,    49.88)   27.07      5.21    6.81    0.53    43.64
                  (    0.02,     0.04)    0.00      0.00    0.00    0.02     0.04
 F150W: sersic    : (   50.22,    49.90)   27.28      4.04    7.48    0.40    46.58
                  (    0.02,     0.04)    0.00      0.00    0.00    0.02     0.04
 F200W: sersic    : (   50.28,    49.91)   27.28      2.65    8.00    0.29    50.79
                  (    0.02,     0.04)    0.00      0.00    0.00    0.02     0.04
 F277W: sersic    : (   50.36,    49.94)   27.24      1.12    7.81    0.29    57.27
                  (    0.02,     0.04)    0.00      0.00    0.00    0.02     0.04
 F356W: sersic    : (   50.46,    49.97)   26.33     *0.33*   6.37    0.50    63.92
                  (    0.02,     0.04)    0.00     *0.00*   0.00    0.02     0.04
 F410M: sersic    : (   50.52,    49.99)   26.04     *0.24*   4.65    0.78    68.46
                  (    0.02,     0.04)    0.00     *0.00*   0.00    0.02     0.04
 F444W: sersic    : (   50.56,    50.00)   26.18     *0.38*   3.28    1.00    71.33
                  (    0.02,     0.04)    0.00     *0.00*   0.00    0.02     0.04
 Chi^2 = 22872.50727,  ndof = 20785
 Chi^2/nu = 1.100 

-----------------------------------------------------------------------------
-----------------------------------------------------------------------------

Input images    : 8219_F090W_data.fits,8219_F115W_data.fits,8219_F150W_data.fits,8219_F200W_data.fits,8219_F277W_data.fits,8219_F356W_data.fits,8219_F410M_data.fits,8219_F444W_data.fits [25:75,25:75] 
Init. par. file : 8219_galfitm.feedme 
Restart file    : 8219_result.galfit.02 
Output image    : 8219_result.fits 

 F090W: psf       : (   49.98,    49.71)   29.67
                  (    0.02,     0.03)    0.00
 F115W: psf       : (   49.99,    49.70)   28.38
                  (    0.02,     0.03)    0.00
 F150W: psf       : (   50.00,    49.69)   28.37
                  (    0.02,     0.03)    0.00
 F200W: psf       : (   50.02,    49.68)   28.24
                  (    0.02,     0.03)    0.00
 F277W: psf       : (   50.05,    49.65)   27.96
                  (    0.02,     0.03)    0.00
 F356W: psf       : (   50.09,    49.62)   27.20
                  (    0.02,     0.03)    0.00
 F410M: psf       : (   50.11,    49.60)   27.09
                  (    0.02,     0.03)    0.00
 F444W: psf       : (   50.12,    49.59)   26.31
                  (    0.02,     0.03)    0.00
 F090W: sersic    : (   50.98,    50.39)   28.95     15.00    8.00    1.00    57.04
                  (    0.02,     0.03)    0.00      0.00    0.00    0.01     0.02
 F115W: sersic    : (   51.00,    50.41)   28.10     13.11    8.00    0.86    56.08
                  (    0.02,     0.03)    0.00      0.00    0.00    0.01     0.02
 F150W: sersic    : (   51.01,    50.44)   28.23     10.72    8.00    0.70    54.73
                  (    0.02,     0.03)    0.00      0.00    0.00    0.01     0.02
 F200W: sersic    : (   51.04,    50.48)   28.17      7.78    8.00    0.53    52.82
                  (    0.02,     0.03)    0.00      0.00    0.00    0.01     0.02
 F277W: sersic    : (   51.07,    50.55)   27.99      4.39    8.00    0.40    49.86
                  (    0.02,     0.03)    0.00      0.00    0.00    0.01     0.02
 F356W: sersic    : (   51.11,    50.61)   26.64      2.34    8.00    0.44    46.83
                  (    0.02,     0.03)    0.00      0.00    0.00    0.01     0.02
 F410M: sersic    : (   51.13,    50.66)   26.15      1.76    8.00    0.57    44.75
                  (    0.02,     0.03)    0.00      0.00    0.00    0.01     0.02
 F444W: sersic    : (   51.15,    50.69)   28.29      1.74    8.00    0.69    43.45
                  (    0.02,     0.03)    0.00      0.00    0.00    0.01     0.02
 Chi^2 = 22228.13579,  ndof = 20773
 Chi^2/nu = 1.070 

-----------------------------------------------------------------------------
-----------------------------------------------------------------------------

Input images    : 8219_F090W_data.fits,8219_F115W_data.fits,8219_F150W_data.fits,8219_F200W_data.fits,8219_F277W_data.fits,8219_F356W_data.fits,8219_F410M_data.fits,8219_F444W_data.fits [25:75,25:75] 
Init. par. file : 8219_galfitm.feedme 
Restart file    : 8219_result.galfit.03 
Output image    : 8219_result.fits 

 F090W: psf       : (   49.98,    49.71)   29.67
                  (    0.02,     0.03)    0.00
 F115W: psf       : (   49.99,    49.70)   28.38
                  (    0.02,     0.03)    0.00
 F150W: psf       : (   50.00,    49.69)   28.37
                  (    0.02,     0.03)    0.00
 F200W: psf       : (   50.02,    49.68)   28.24
                  (    0.02,     0.03)    0.00
 F277W: psf       : (   50.05,    49.65)   27.96
                  (    0.02,     0.03)    0.00
 F356W: psf       : (   50.09,    49.62)   27.20
                  (    0.02,     0.03)    0.00
 F410M: psf       : (   50.11,    49.60)   27.09
                  (    0.02,     0.03)    0.00
 F444W: psf       : (   50.12,    49.59)   26.31
                  (    0.02,     0.03)    0.00
 F090W: sersic    : (   50.98,    50.39)   28.95     15.00    8.00    1.00    57.04
                  (    0.02,     0.03)    0.00      0.00    0.00    0.01     0.02
 F115W: sersic    : (   51.00,    50.41)   28.10     13.11    8.00    0.86    56.08
                  (    0.02,     0.03)    0.00      0.00    0.00    0.01     0.02
 F150W: sersic    : (   51.01,    50.44)   28.23     10.72    8.00    0.70    54.73
                  (    0.02,     0.03)    0.00      0.00    0.00    0.01     0.02
 F200W: sersic    : (   51.04,    50.48)   28.17      7.78    8.00    0.53    52.82
                  (    0.02,     0.03)    0.00      0.00    0.00    0.01     0.02
 F277W: sersic    : (   51.07,    50.55)   27.99      4.39    8.00    0.40    49.86
                  (    0.02,     0.03)    0.00      0.00    0.00    0.01     0.02
 F356W: sersic    : (   51.11,    50.61)   26.64      2.34    8.00    0.44    46.83
                  (    0.02,     0.03)    0.00      0.00    0.00    0.01     0.02
 F410M: sersic    : (   51.13,    50.66)   26.15      1.76    8.00    0.57    44.75
                  (    0.02,     0.03)    0.00      0.00    0.00    0.01     0.02
 F444W: sersic    : (   51.15,    50.69)   28.29      1.74    8.00    0.69    43.45
                  (    0.02,     0.03)    0.00      0.00    0.00    0.01     0.02
 Chi^2 = 22228.13579,  ndof = 20773
 Chi^2/nu = 1.070 

-----------------------------------------------------------------------------
-----------------------------------------------------------------------------

Input images    : 8219_F090W_data.fits,8219_F115W_data.fits,8219_F150W_data.fits,8219_F200W_data.fits,8219_F277W_data.fits,8219_F356W_data.fits,8219_F410M_data.fits,8219_F444W_data.fits [25:75,25:75] 
Init. par. file : 8219_galfitm.feedme 
Restart file    : 8219_result.galfit.04 
Output image    : 8219_result.fits 

 F090W: psf       : (   49.98,    49.71)   29.67
                  (    0.02,     0.03)    0.00
 F115W: psf       : (   49.99,    49.70)   28.38
                  (    0.02,     0.03)    0.00
 F150W: psf       : (   50.00,    49.69)   28.37
                  (    0.02,     0.03)    0.00
 F200W: psf       : (   50.02,    49.68)   28.24
                  (    0.02,     0.03)    0.00
 F277W: psf       : (   50.05,    49.65)   27.96
                  (    0.02,     0.03)    0.00
 F356W: psf       : (   50.09,    49.62)   27.20
                  (    0.02,     0.03)    0.00
 F410M: psf       : (   50.11,    49.60)   27.09
                  (    0.02,     0.03)    0.00
 F444W: psf       : (   50.12,    49.59)   26.31
                  (    0.02,     0.03)    0.00
 F090W: sersic    : (   50.98,    50.39)   28.95     15.00    8.00    1.00    57.04
                  (    0.02,     0.03)    0.00      0.00    0.00    0.01     0.02
 F115W: sersic    : (   51.00,    50.41)   28.10     13.11    8.00    0.86    56.08
                  (    0.02,     0.03)    0.00      0.00    0.00    0.01     0.02
 F150W: sersic    : (   51.01,    50.44)   28.23     10.72    8.00    0.70    54.73
                  (    0.02,     0.03)    0.00      0.00    0.00    0.01     0.02
 F200W: sersic    : (   51.04,    50.48)   28.17      7.78    8.00    0.53    52.82
                  (    0.02,     0.03)    0.00      0.00    0.00    0.01     0.02
 F277W: sersic    : (   51.07,    50.55)   27.99      4.39    8.00    0.40    49.86
                  (    0.02,     0.03)    0.00      0.00    0.00    0.01     0.02
 F356W: sersic    : (   51.11,    50.61)   26.64      2.34    8.00    0.44    46.83
                  (    0.02,     0.03)    0.00      0.00    0.00    0.01     0.02
 F410M: sersic    : (   51.13,    50.66)   26.15      1.76    8.00    0.57    44.75
                  (    0.02,     0.03)    0.00      0.00    0.00    0.01     0.02
 F444W: sersic    : (   51.15,    50.69)   28.29      1.74    8.00    0.69    43.45
                  (    0.02,     0.03)    0.00      0.00    0.00    0.01     0.02
 Chi^2 = 22228.13579,  ndof = 20773
 Chi^2/nu = 1.070 

-----------------------------------------------------------------------------
-----------------------------------------------------------------------------

Input images    : 8219_F090W_data.fits,8219_F115W_data.fits,8219_F150W_data.fits,8219_F200W_data.fits,8219_F277W_data.fits,8219_F356W_data.fits,8219_F410M_data.fits,8219_F444W_data.fits [25:75,25:75] 
Init. par. file : 8219_galfitm.feedme 
Restart file    : 8219_result.galfit.05 
Output image    : 8219_result.fits 

 F090W: psf       : (   49.95,    49.70)   29.75
                  (    0.01,     0.03)    0.00
 F115W: psf       : (   49.95,    49.69)   28.41
                  (    0.01,     0.03)    0.00
 F150W: psf       : (   49.97,    49.67)   28.33
                  (    0.01,     0.03)    0.00
 F200W: psf       : (   49.98,    49.64)   28.27
                  (    0.01,     0.03)    0.00
 F277W: psf       : (   50.01,    49.60)   28.00
                  (    0.01,     0.03)    0.00
 F356W: psf       : (   50.03,    49.56)   27.23
                  (    0.01,     0.03)    0.00
 F410M: psf       : (   50.05,    49.53)   27.16
                  (    0.01,     0.03)    0.00
 F444W: psf       : (   50.06,    49.51)   26.33
                  (    0.01,     0.03)    0.00
 F090W: sersic    : (   50.90,    50.35)   28.96     14.85    8.00    0.82    65.80
                  (    0.01,     0.03)    0.00      0.00    0.00    0.01     0.02
 F115W: sersic    : (   50.92,    50.38)   27.99     12.93    8.00    0.66    64.09
                  (    0.01,     0.03)    0.00      0.00    0.00    0.01     0.02
 F150W: sersic    : (   50.95,    50.42)   28.34     10.56    8.00    0.48    61.71
                  (    0.01,     0.03)    0.00      0.00    0.00    0.01     0.02
 F200W: sersic    : (   50.99,    50.48)   28.18      7.80    8.00    0.27    58.30
                  (    0.01,     0.03)    0.00      0.00    0.00    0.01     0.02
 F277W: sersic    : (   51.05,    50.57)   27.93      4.97    8.00    0.10    53.05
                  (    0.01,     0.03)    0.00      0.00    0.00    0.01     0.02
 F356W: sersic    : (   51.12,    50.67)   26.56      3.88    8.00    0.11    47.67
                  (    0.01,     0.03)    0.00      0.00    0.00    0.01     0.02
 F410M: sersic    : (   51.17,    50.73)   25.99      4.18    8.00    0.22    43.99
                  (    0.01,     0.03)    0.00      0.00    0.00    0.01     0.02
 F444W: sersic    : (   51.19,    50.77)   27.83      4.81    8.00    0.33    41.67
                  (    0.01,     0.03)    0.00      0.00    0.00    0.01     0.02
 Chi^2 = 22432.85572,  ndof = 20773
 Chi^2/nu = 1.080 

-----------------------------------------------------------------------------
-----------------------------------------------------------------------------

Input images    : 8219_F090W_data.fits,8219_F115W_data.fits,8219_F150W_data.fits,8219_F200W_data.fits,8219_F277W_data.fits,8219_F356W_data.fits,8219_F410M_data.fits,8219_F444W_data.fits [25:75,25:75] 
Init. par. file : 8219_galfitm.feedme 
Restart file    : 8219_result.galfit.06 
Output image    : 8219_result.fits 

 F090W: psf       : (   50.02,    49.67)   29.74
                  (    0.01,     0.03)    0.00
 F115W: psf       : (   50.03,    49.67)   28.43
                  (    0.01,     0.03)    0.00
 F150W: psf       : (   50.04,    49.66)   28.35
                  (    0.01,     0.03)    0.00
 F200W: psf       : (   50.06,    49.65)   28.26
                  (    0.01,     0.03)    0.00
 F277W: psf       : (   50.09,    49.63)   27.97
                  (    0.01,     0.03)    0.00
 F356W: psf       : (   50.12,    49.61)   27.13
                  (    0.01,     0.03)    0.00
 F410M: psf       : (   50.14,    49.59)   27.05
                  (    0.01,     0.03)    0.00
 F444W: psf       : (   50.16,    49.58)   26.30
                  (    0.01,     0.03)    0.00
 F090W: sersic    : (   50.49,    50.46)   29.18     10.00    8.00    0.73    69.18
                  (    0.01,     0.03)    0.00      0.00    0.00    0.01     0.02
 F115W: sersic    : (   50.55,    50.48)   28.12      9.63    8.00    0.58    67.28
                  (    0.01,     0.03)    0.00      0.00    0.00    0.01     0.02
 F150W: sersic    : (   50.62,    50.51)   28.40      9.16    8.00    0.41    64.62
                  (    0.01,     0.03)    0.00      0.00    0.00    0.01     0.02
 F200W: sersic    : (   50.73,    50.56)   28.19      8.55    8.00    0.23    60.82
                  (    0.01,     0.03)    0.00      0.00    0.00    0.01     0.02
 F277W: sersic    : (   50.89,    50.62)   27.82      7.77    8.00    0.10    54.97
                  (    0.01,     0.03)    0.00      0.00    0.00    0.01     0.02
 F356W: sersic    : (   51.06,    50.69)   26.47      7.16    8.00    0.15    48.96
                  (    0.01,     0.03)    0.00      0.00    0.00    0.01     0.02
 F410M: sersic    : (   51.17,    50.74)   25.84      6.87    8.00    0.30    44.86
                  (    0.01,     0.03)    0.00      0.00    0.00    0.01     0.02
 F444W: sersic    : (   51.24,    50.77)   27.93      6.73    8.00    0.43    42.28
                  (    0.01,     0.03)    0.00      0.00    0.00    0.01     0.02
 Chi^2 = 22663.96964,  ndof = 20773
 Chi^2/nu = 1.091 

-----------------------------------------------------------------------------
-----------------------------------------------------------------------------

Input images    : 8219_F090W_data.fits,8219_F115W_data.fits,8219_F150W_data.fits,8219_F200W_data.fits,8219_F277W_data.fits,8219_F356W_data.fits,8219_F410M_data.fits,8219_F444W_data.fits [25:75,25:75] 
Init. par. file : 8219_galfitm.feedme 
Restart file    : 8219_result.galfit.07 
Output image    : 8219_result.fits 

 F090W: psf       : (   50.12,    49.84)  *30.95*
                  (    0.02,     0.02)   *0.00*
 F115W: psf       : (   50.11,    49.82)   28.43
                  (    0.02,     0.02)    0.00
 F150W: psf       : (   50.08,    49.79)   28.50
                  (    0.02,     0.02)    0.00
 F200W: psf       : (   50.05,    49.75)   29.49
                  (    0.02,     0.02)    0.00
 F277W: psf       : (   50.00,    49.69)   28.79
                  (    0.02,     0.02)    0.00
 F356W: psf       : (   49.96,    49.62)   27.80
                  (    0.02,     0.02)    0.00
 F410M: psf       : (   49.92,    49.58)   27.09
                  (    0.02,     0.02)    0.00
 F444W: psf       : (   49.90,    49.55)   26.24
                  (    0.02,     0.02)    0.00
 F090W: sersic    : (   49.63,    49.14)   29.99      5.94    3.16    0.78    45.54
                  (    0.02,     0.02)    0.00      0.00    0.00    0.03     0.03
 F115W: sersic    : (   49.75,    49.26)   28.81      4.98    3.45    0.63    45.90
                  (    0.02,     0.02)    0.00      0.00    0.00    0.03     0.03
 F150W: sersic    : (   49.93,    49.42)   28.48      3.79    3.76    0.46    46.40
                  (    0.02,     0.02)    0.00      0.00    0.00    0.03     0.03
 F200W: sersic    : (   50.18,    49.65)   27.66      2.40    4.00    0.27    47.12
                  (    0.02,     0.02)    0.00      0.00    0.00    0.03     0.03
 F277W: sersic    : (   50.56,    50.01)   27.77      1.01    3.90    0.11    48.23
                  (    0.02,     0.02)    0.00      0.00    0.00    0.03     0.03
 F356W: sersic    : (   50.96,    50.38)   26.71      0.50    3.23    0.11    49.36
                  (    0.02,     0.02)    0.00      0.00    0.00    0.03     0.03
 F410M: sersic    : (   51.23,    50.64)   26.50      0.69    2.43    0.22    50.14
                  (    0.02,     0.02)    0.00      0.00    0.00    0.03     0.03
 F444W: sersic    : (   51.40,    50.80)   29.81      1.04    1.79    0.33    50.63
                  (    0.02,     0.02)    0.00      0.00    0.00    0.03     0.03
 Chi^2 = 21710.27994,  ndof = 20773
 Chi^2/nu = 1.045 

-----------------------------------------------------------------------------
-----------------------------------------------------------------------------

Input images    : 8219_F090W_data.fits,8219_F115W_data.fits,8219_F150W_data.fits,8219_F200W_data.fits,8219_F277W_data.fits,8219_F356W_data.fits,8219_F410M_data.fits,8219_F444W_data.fits [25:75,25:75] 
Init. par. file : 8219_galfitm.feedme 
Restart file    : 8219_result.galfit.08 
Output image    : 8219_result.fits 

 F090W: psf       : (   49.96,    49.76)  *30.03*
                  (    0.01,     0.03)   *0.00*
 F115W: psf       : (   49.97,    49.74)   28.42
                  (    0.01,     0.03)    0.00
 F150W: psf       : (   49.98,    49.72)   28.29
                  (    0.01,     0.03)    0.00
 F200W: psf       : (   50.00,    49.69)   28.26
                  (    0.01,     0.03)    0.00
 F277W: psf       : (   50.03,    49.63)   28.00
                  (    0.01,     0.03)    0.00
 F356W: psf       : (   50.06,    49.58)   27.22
                  (    0.01,     0.03)    0.00
 F410M: psf       : (   50.08,    49.54)   27.20
                  (    0.01,     0.03)    0.00
 F444W: psf       : (   50.10,    49.52)   26.30
                  (    0.01,     0.03)    0.00
 F090W: sersic    : (   51.49,    49.91)   29.37     10.00    4.00    1.00    47.59
                  (    0.01,     0.03)    0.00      0.00    0.00    0.01     0.02
 F115W: sersic    : (   51.46,    49.98)   28.10      8.63    4.00    0.85    47.84
                  (    0.01,     0.03)    0.00      0.00    0.00    0.01     0.02
 F150W: sersic    : (   51.41,    50.07)   28.77      6.92    4.00    0.67    48.20
                  (    0.01,     0.03)    0.00      0.00    0.00    0.01     0.02
 F200W: sersic    : (   51.34,    50.20)   28.37      4.91    4.00    0.45    48.72
                  (    0.01,     0.03)    0.00      0.00    0.00    0.01     0.02
 F277W: sersic    : (   51.23,    50.39)   28.18      2.83    4.00    0.22    49.51
                  (    0.01,     0.03)    0.00      0.00    0.00    0.01     0.02
 F356W: sersic    : (   51.12,    50.60)   26.80      1.96    4.00    0.12    50.33
                  (    0.01,     0.03)    0.00      0.00    0.00    0.01     0.02
 F410M: sersic    : (   51.04,    50.74)   26.21      2.10    4.00    0.12    50.88
                  (    0.01,     0.03)    0.00      0.00    0.00    0.01     0.02
 F444W: sersic    : (   50.99,    50.82)   28.53      2.49    4.00    0.16    51.23
                  (    0.01,     0.03)    0.00      0.00    0.00    0.01     0.02
 Chi^2 = 21986.09786,  ndof = 20773
 Chi^2/nu = 1.058 

-----------------------------------------------------------------------------
-----------------------------------------------------------------------------

Input images    : 8219_F090W_data.fits,8219_F115W_data.fits,8219_F150W_data.fits,8219_F200W_data.fits,8219_F277W_data.fits,8219_F356W_data.fits,8219_F410M_data.fits,8219_F444W_data.fits [25:75,25:75] 
Init. par. file : 8219_galfitm.feedme 
Restart file    : 8219_result.galfit.09 
Output image    : 8219_result.fits 

 F090W: psf       : (   50.11,    49.88)  *33.21*
                  (    0.01,     0.02)   *0.00*
 F115W: psf       : (   50.10,    49.85)   28.30
                  (    0.01,     0.02)    0.00
 F150W: psf       : (   50.09,    49.81)   28.34
                  (    0.01,     0.02)    0.00
 F200W: psf       : (   50.08,    49.76)   28.08
                  (    0.01,     0.02)    0.00
 F277W: psf       : (   50.07,    49.68)   27.62
                  (    0.01,     0.02)    0.00
 F356W: psf       : (   50.06,    49.59)   28.02
                  (    0.01,     0.02)    0.00
 F410M: psf       : (   50.05,    49.54)  *30.65*
                  (    0.01,     0.02)   *0.00*
 F444W: psf       : (   50.04,    49.50)   26.36
                  (    0.01,     0.02)    0.00
 F090W: sersic    : (   53.07,    48.66)  *31.06*     6.23    4.00    0.18    63.87
                  (    0.01,     0.02)   *0.00*     0.00    0.00    0.01     0.02
 F115W: sersic    : (   52.87,    48.80)   29.36      5.43    4.00    0.24    62.50
                  (    0.01,     0.02)    0.00      0.00    0.00    0.01     0.02
 F150W: sersic    : (   52.59,    49.01)  *30.08*     4.43    4.00    0.31    60.58
                  (    0.01,     0.02)   *0.00*     0.00    0.00    0.01     0.02
 F200W: sersic    : (   52.19,    49.30)   29.27      3.26    4.00    0.38    57.83
                  (    0.01,     0.02)    0.00      0.00    0.00    0.01     0.02
 F277W: sersic    : (   51.58,    49.75)  *31.13*     2.03    4.00    0.41    53.60
                  (    0.01,     0.02)   *0.00*     0.00    0.00    0.01     0.02
 F356W: sersic    : (   50.94,    50.21)   26.47      1.50    4.00    0.36    49.26
                  (    0.01,     0.02)    0.00      0.00    0.00    0.01     0.02
 F410M: sersic    : (   50.51,    50.53)   25.85      1.57    4.00    0.27    46.30
                  (    0.01,     0.02)    0.00      0.00    0.00    0.01     0.02
 F444W: sersic    : (   50.24,    50.73)   28.09      1.79    4.00    0.19    44.43
                  (    0.01,     0.02)    0.00      0.00    0.00    0.01     0.02
 Chi^2 = 22025.97702,  ndof = 20773
 Chi^2/nu = 1.060 

-----------------------------------------------------------------------------
-----------------------------------------------------------------------------

Input images    : 8219_F090W_data.fits,8219_F115W_data.fits,8219_F150W_data.fits,8219_F200W_data.fits,8219_F277W_data.fits,8219_F356W_data.fits,8219_F410M_data.fits,8219_F444W_data.fits [25:75,25:75] 
Init. par. file : 8219_galfitm.feedme 
Restart file    : 8219_result.galfit.10 
Output image    : 8219_result.fits 

 F090W: psf       : (   50.26,    49.90)  *30.44*
                  (    0.01,     0.03)   *0.00*
 F115W: psf       : (   50.25,    49.88)   28.61
                  (    0.01,     0.03)    0.00
 F150W: psf       : (   50.23,    49.84)   29.11
                  (    0.01,     0.03)    0.00
 F200W: psf       : (   50.21,    49.79)   28.94
                  (    0.01,     0.03)    0.00
 F277W: psf       : (   50.17,    49.72)   27.80
                  (    0.01,     0.03)    0.00
 F356W: psf       : (   50.13,    49.65)   27.45
                  (    0.01,     0.03)    0.00
 F410M: psf       : (   50.10,    49.59)   27.22
                  (    0.01,     0.03)    0.00
 F444W: psf       : (   50.08,    49.56)   26.23
                  (    0.01,     0.03)    0.00
 F090W: sersic    : (   49.73,    49.39)   29.30      5.23    2.38    0.27    45.78
                  (    0.01,     0.03)    0.00      0.00    0.00    0.02     0.03
 F115W: sersic    : (   49.84,    49.49)   28.28      4.68    3.17    0.30    46.45
                  (    0.01,     0.03)    0.00      0.00    0.00    0.02     0.03
 F150W: sersic    : (   50.00,    49.63)   28.09      3.99    4.05    0.34    47.40
                  (    0.01,     0.03)    0.00      0.00    0.00    0.02     0.03
 F200W: sersic    : (   50.22,    49.83)   27.70      3.16    4.87    0.37    48.76
                  (    0.01,     0.03)    0.00      0.00    0.00    0.02     0.03
 F277W: sersic    : (   50.57,    50.14)   29.03      2.22    5.10    0.36    50.84
                  (    0.01,     0.03)    0.00      0.00    0.00    0.02     0.03
 F356W: sersic    : (   50.93,    50.46)   26.70      1.68    4.05    0.28    52.98
                  (    0.01,     0.03)    0.00      0.00    0.00    0.02     0.03
 F410M: sersic    : (   51.17,    50.67)   26.33      1.56    2.57    0.18    54.45
                  (    0.01,     0.03)    0.00      0.00    0.00    0.02     0.03
 F444W: sersic    : (   51.32,    50.81)  *30.23*     1.59    1.33    0.11    55.37
                  (    0.01,     0.03)   *0.00*     0.00    0.00    0.02     0.03
 Chi^2 = 21931.53042,  ndof = 20773
 Chi^2/nu = 1.056 

-----------------------------------------------------------------------------
-----------------------------------------------------------------------------

Input images    : 8219_F090W_data.fits,8219_F115W_data.fits,8219_F150W_data.fits,8219_F200W_data.fits,8219_F277W_data.fits,8219_F356W_data.fits,8219_F410M_data.fits,8219_F444W_data.fits [25:75,25:75] 
Init. par. file : 8219_galfitm.feedme 
Restart file    : 8219_result.galfit.11 
Output image    : 8219_result.fits 

 F090W: psf       : (   50.28,    49.97)  *30.68*
                  (    0.01,     0.02)   *0.00*
 F115W: psf       : (   50.27,    49.95)   28.49
                  (    0.01,     0.02)    0.00
 F150W: psf       : (   50.26,    49.91)   28.96
                  (    0.01,     0.02)    0.00
 F200W: psf       : (   50.24,    49.87)   29.15
                  (    0.01,     0.02)    0.00
 F277W: psf       : (   50.21,    49.79)   28.10
                  (    0.01,     0.02)    0.00
 F356W: psf       : (   50.18,    49.72)   27.16
                  (    0.01,     0.02)    0.00
 F410M: psf       : (   50.16,    49.66)   26.75
                  (    0.01,     0.02)    0.00
 F444W: psf       : (   50.15,    49.63)   26.22
                  (    0.01,     0.02)    0.00
 F090W: sersic    : (   49.43,    49.15)   29.55      5.48    1.60    0.25    46.01
                  (    0.01,     0.02)    0.00      0.00    0.00    0.02     0.02
 F115W: sersic    : (   49.58,    49.29)   28.51      4.91    2.43    0.28    46.63
                  (    0.01,     0.02)    0.00      0.00    0.00    0.02     0.02
 F150W: sersic    : (   49.80,    49.47)   27.82      4.22    3.36    0.31    47.50
                  (    0.01,     0.02)    0.00      0.00    0.00    0.02     0.02
 F200W: sersic    : (   50.12,    49.74)   27.61      3.43    4.21    0.33    48.75
                  (    0.01,     0.02)    0.00      0.00    0.00    0.02     0.02
 F277W: sersic    : (   50.60,    50.14)   28.07      2.68    4.42    0.32    50.66
                  (    0.01,     0.02)    0.00      0.00    0.00    0.02     0.02
 F356W: sersic    : (   51.10,    50.56)   26.83      2.50    3.25    0.25    52.63
                  (    0.01,     0.02)    0.00      0.00    0.00    0.02     0.02
 F410M: sersic    : (   51.44,    50.85)   26.55      2.71    1.65    0.17    53.97
                  (    0.01,     0.02)    0.00      0.00    0.00    0.02     0.02
 F444W: sersic    : (   51.65,    51.03)  *30.62*     2.99    0.30    0.10    54.82
                  (    0.01,     0.02)   *0.00*     0.00    0.00    0.02     0.02
 Chi^2 = 22036.64252,  ndof = 20773
 Chi^2/nu = 1.061 

-----------------------------------------------------------------------------
-----------------------------------------------------------------------------

Input images    : 8219_F090W_data.fits,8219_F115W_data.fits,8219_F150W_data.fits,8219_F200W_data.fits,8219_F277W_data.fits,8219_F356W_data.fits,8219_F410M_data.fits,8219_F444W_data.fits [25:75,25:75] 
Init. par. file : 8219_galfitm.feedme 
Restart file    : 8219_result.galfit.12 
Output image    : 8219_result.fits 

 F090W: psf       : (   50.30,    49.91)  *31.13*
                  (    0.01,     0.02)   *0.00*
 F115W: psf       : (   50.30,    49.89)   28.38
                  (    0.01,     0.02)    0.00
 F150W: psf       : (   50.29,    49.86)   28.81
                  (    0.01,     0.02)    0.00
 F200W: psf       : (   50.28,    49.83)   29.68
                  (    0.01,     0.02)    0.00
 F277W: psf       : (   50.27,    49.77)   28.05
                  (    0.01,     0.02)    0.00
 F356W: psf       : (   50.26,    49.72)   26.94
                  (    0.01,     0.02)    0.00
 F410M: psf       : (   50.25,    49.68)   26.64
                  (    0.01,     0.02)    0.00
 F444W: psf       : (   50.24,    49.66)   26.23
                  (    0.01,     0.02)    0.00
 F090W: sersic    : (   49.29,    49.10)   29.67      3.30    0.81    0.28    39.15
                  (    0.01,     0.02)    0.00      0.00    0.00    0.01     0.02
 F115W: sersic    : (   49.47,    49.26)   29.15      3.84    2.12    0.27    40.66
                  (    0.01,     0.02)    0.00      0.00    0.00    0.01     0.02
 F150W: sersic    : (   49.71,    49.48)   28.01      4.44    3.63    0.26    42.76
                  (    0.01,     0.02)    0.00      0.00    0.00    0.01     0.02
 F200W: sersic    : (   50.05,    49.79)   27.27      5.00    5.15    0.24    45.76
                  (    0.01,     0.02)    0.00      0.00    0.00    0.01     0.02
 F277W: sersic    : (   50.58,    50.27)   27.94      5.14    5.99    0.21    50.39
                  (    0.01,     0.02)    0.00      0.00    0.00    0.01     0.02
 F356W: sersic    : (   51.13,    50.76)   26.87      4.40    4.99    0.16    55.14
                  (    0.01,     0.02)    0.00      0.00    0.00    0.01     0.02
 F410M: sersic    : (   51.50,    51.09)   26.55      3.37    3.21    0.13    58.38
                  (    0.01,     0.02)    0.00      0.00    0.00    0.01     0.02
 F444W: sersic    : (   51.74,    51.30)  *30.12*     2.50    1.63    0.10    60.43
                  (    0.01,     0.02)   *0.00*     0.00    0.00    0.01     0.02
 Chi^2 = 22132.35611,  ndof = 20775
 Chi^2/nu = 1.065 

-----------------------------------------------------------------------------
-----------------------------------------------------------------------------

Input images    : 8219_F115W_data.fits,8219_F150W_data.fits,8219_F200W_data.fits,8219_F277W_data.fits,8219_F356W_data.fits,8219_F410M_data.fits,8219_F444W_data.fits [25:75,25:75] 
Init. par. file : 8219_galfitm.feedme 
Restart file    : 8219_result.galfit.13 
Output image    : 8219_result.fits 

 F115W: psf       : (   50.28,    49.99)   28.55
                  (    0.01,     0.02)    0.00
 F150W: psf       : (   50.26,    49.95)   28.88
                  (    0.01,     0.02)    0.00
 F200W: psf       : (   50.24,    49.90)   29.02
                  (    0.01,     0.02)    0.00
 F277W: psf       : (   50.20,    49.81)   27.79
                  (    0.01,     0.02)    0.00
 F356W: psf       : (   50.17,    49.73)   27.26
                  (    0.01,     0.02)    0.00
 F410M: psf       : (   50.14,    49.67)   26.83
                  (    0.01,     0.02)    0.00
 F444W: psf       : (   50.13,    49.63)   26.25
                  (    0.01,     0.02)    0.00
 F115W: sersic    : (   49.63,    49.30)   28.25      5.83    2.09    0.23    50.86
                  (    0.01,     0.02)    0.00      0.00    0.00    0.02     0.00
 F150W: sersic    : (   49.83,    49.47)   27.88      4.87    3.55    0.34    50.96
                  (    0.01,     0.02)    0.00      0.00    0.00    0.02     0.00
 F200W: sersic    : (   50.13,    49.72)   27.54      3.78    5.05    0.45    51.10
                  (    0.01,     0.02)    0.00      0.00    0.00    0.02     0.00
 F277W: sersic    : (   50.58,    50.10)   28.80      2.75    6.00    0.49    51.31
                  (    0.01,     0.02)    0.00      0.00    0.00    0.02     0.00
 F356W: sersic    : (   51.05,    50.50)   26.65      2.50    5.27    0.39    51.54
                  (    0.01,     0.02)    0.00      0.00    0.00    0.02     0.00
 F410M: sersic    : (   51.37,    50.76)   26.38      2.80    3.78    0.23    51.69
                  (    0.01,     0.02)    0.00      0.00    0.00    0.02     0.00
 F444W: sersic    : (   51.57,    50.93)   29.31      3.19    2.42    0.10    51.79
                  (    0.01,     0.02)    0.00      0.00    0.00    0.02     0.00
 Chi^2 = 19532.05502,  ndof = 18174
 Chi^2/nu = 1.075 

-----------------------------------------------------------------------------
-----------------------------------------------------------------------------

Input images    : 8219_F115W_data.fits,8219_F150W_data.fits,8219_F200W_data.fits,8219_F277W_data.fits,8219_F356W_data.fits,8219_F410M_data.fits,8219_F444W_data.fits [25:75,25:75] 
Init. par. file : 8219_galfitm.feedme 
Restart file    : 8219_result.galfit.14 
Output image    : 8219_result.fits 

 F115W: psf       : (   50.29,    49.92)   28.64
                  (    0.01,     0.02)    0.00
 F150W: psf       : (   50.28,    49.90)   28.87
                  (    0.01,     0.02)    0.00
 F200W: psf       : (   50.27,    49.88)   28.91
                  (    0.01,     0.02)    0.00
 F277W: psf       : (   50.26,    49.84)   27.90
                  (    0.01,     0.02)    0.00
 F356W: psf       : (   50.24,    49.80)   27.08
                  (    0.01,     0.02)    0.00
 F410M: psf       : (   50.23,    49.78)   26.64
                  (    0.01,     0.02)    0.00
 F444W: psf       : (   50.22,    49.76)   26.24
                  (    0.01,     0.02)    0.00
 F115W: sersic    : (   49.44,    49.54)   28.06      4.16    2.84    0.82  [-81.49]
                  (    0.01,     0.02)    0.00      0.00    0.00    0.03    [0.00]
 F150W: sersic    : (   49.69,    49.68)   27.90      3.98    3.18    0.80  [-81.49]
                  (    0.01,     0.02)    0.00      0.00    0.00    0.03    [0.00]
 F200W: sersic    : (   50.04,    49.89)   27.55      3.73    3.66    0.78  [-81.49]
                  (    0.01,     0.02)    0.00      0.00    0.00    0.03    [0.00]
 F277W: sersic    : (   50.58,    50.20)   28.28      3.34    4.40    0.75  [-81.49]
                  (    0.01,     0.02)    0.00      0.00    0.00    0.03    [0.00]
 F356W: sersic    : (   51.14,    50.53)   26.70      2.94    5.15    0.71  [-81.49]
                  (    0.01,     0.02)    0.00      0.00    0.00    0.03    [0.00]
 F410M: sersic    : (   51.52,    50.75)   26.49      2.67    5.67    0.69  [-81.49]
                  (    0.01,     0.02)    0.00      0.00    0.00    0.03    [0.00]
 F444W: sersic    : (   51.76,    50.89)   29.77      2.50    6.00    0.67  [-81.49]
                  (    0.01,     0.02)    0.00      0.00    0.00    0.03    [0.00]
 Chi^2 = 19798.14172,  ndof = 18179
 Chi^2/nu = 1.089 

-----------------------------------------------------------------------------
-----------------------------------------------------------------------------

Input images    : 8219_F115W_data.fits,8219_F150W_data.fits,8219_F200W_data.fits,8219_F277W_data.fits,8219_F356W_data.fits,8219_F410M_data.fits,8219_F444W_data.fits [25:75,25:75] 
Init. par. file : 8219_galfitm_psf.feedme 
Restart file    : 8219_result_psf.galfit.01 
Output image    : 8219_result_psf.fits 

 F115W: psf       : (   50.21,    49.80)   28.26
                  (    0.01,     0.01)    0.00
 F150W: psf       : (   50.25,    49.83)   28.20
                  (    0.01,     0.01)    0.00
 F200W: psf       : (   50.31,    49.87)   28.05
                  (    0.01,     0.01)    0.00
 F277W: psf       : (   50.40,    49.94)   27.57
                  (    0.01,     0.01)    0.00
 F356W: psf       : (   50.49,    50.00)   26.45
                  (    0.01,     0.01)    0.00
 F410M: psf       : (   50.56,    50.05)   26.09
                  (    0.01,     0.01)    0.00
 F444W: psf       : (   50.60,    50.08)   26.25
                  (    0.01,     0.01)    0.00
 Chi^2 = 20294.27906,  ndof = 18196
 Chi^2/nu = 1.115 

-----------------------------------------------------------------------------
-----------------------------------------------------------------------------

Input images    : 8219_F115W_data.fits,8219_F150W_data.fits,8219_F200W_data.fits,8219_F277W_data.fits,8219_F356W_data.fits,8219_F410M_data.fits,8219_F444W_data.fits [25:75,25:75] 
Init. par. file : 8219_galfitm_psf.feedme 
Restart file    : 8219_result_psf.galfit.02 
Output image    : 8219_result_psf.fits 

 F115W: psf       : (   50.21,    49.80)   28.26
                  (    0.01,     0.01)    0.00
 F150W: psf       : (   50.25,    49.83)   28.20
                  (    0.01,     0.01)    0.00
 F200W: psf       : (   50.31,    49.87)   28.05
                  (    0.01,     0.01)    0.00
 F277W: psf       : (   50.40,    49.94)   27.57
                  (    0.01,     0.01)    0.00
 F356W: psf       : (   50.49,    50.00)   26.45
                  (    0.01,     0.01)    0.00
 F410M: psf       : (   50.56,    50.05)   26.09
                  (    0.01,     0.01)    0.00
 F444W: psf       : (   50.60,    50.08)   26.25
                  (    0.01,     0.01)    0.00
 Chi^2 = 20294.27906,  ndof = 18196
 Chi^2/nu = 1.115 

-----------------------------------------------------------------------------
-----------------------------------------------------------------------------

Input images    : 8219_F115W_data.fits,8219_F150W_data.fits,8219_F200W_data.fits,8219_F277W_data.fits,8219_F356W_data.fits,8219_F410M_data.fits,8219_F444W_data.fits [25:75,25:75] 
Init. par. file : 8219_galfitm_sersic.feedme 
Restart file    : 8219_result_sersic.galfit.04 
Output image    : 8219_result_sersic.fits 

 F115W: sersic    : (   50.14,    49.84)   27.19      5.58    8.00    0.29    47.44
                  (    0.02,     0.04)    0.00      0.00    0.00    0.04     0.00
 F150W: sersic    : (   50.19,    49.87)   27.27      4.37    7.71    0.26    49.12
                  (    0.02,     0.04)    0.00      0.00    0.00    0.04     0.00
 F200W: sersic    : (   50.27,    49.90)   27.26      2.92    7.30    0.26    51.52
                  (    0.02,     0.04)    0.00      0.00    0.00    0.04     0.00
 F277W: sersic    : (   50.38,    49.94)   27.20      1.29    6.67    0.36    55.21
                  (    0.02,     0.04)    0.00      0.00    0.00    0.04     0.00
 F356W: sersic    : (   50.49,    49.99)   26.33     *0.38*   6.03    0.59    58.99
                  (    0.02,     0.04)    0.00     *0.00*   0.00    0.04     0.00
 F410M: sersic    : (   50.57,    50.02)   26.03     *0.20*   5.58    0.82    61.58
                  (    0.02,     0.04)    0.00     *0.00*   0.00    0.04     0.00
 F444W: sersic    : (   50.61,    50.04)   26.17     *0.27*   5.30    1.00    63.21
                  (    0.02,     0.04)    0.00     *0.00*   0.00    0.04     0.00
 Chi^2 = 20153.59371,  ndof = 18185
 Chi^2/nu = 1.108 

-----------------------------------------------------------------------------
-----------------------------------------------------------------------------

Input images    : 8219_F115W_data.fits,8219_F150W_data.fits,8219_F200W_data.fits,8219_F277W_data.fits,8219_F356W_data.fits,8219_F410M_data.fits,8219_F444W_data.fits [25:75,25:75] 
Init. par. file : 8219_galfitm_sersic.feedme 
Restart file    : 8219_result_sersic.galfit.05 
Output image    : 8219_result_sersic.fits 

 F115W: sersic    : (   50.15,    49.84)   27.16      4.51    8.00    0.41    55.54
                  (    0.02,     0.04)    0.00      0.00    0.00    0.04     0.00
 F150W: sersic    : (   50.20,    49.87)   27.17      4.05    7.82    0.42    55.54
                  (    0.02,     0.04)    0.00      0.00    0.00    0.04     0.00
 F200W: sersic    : (   50.28,    49.91)   27.12      3.40    7.57    0.43    55.54
                  (    0.02,     0.04)    0.00      0.00    0.00    0.04     0.00
 F277W: sersic    : (   50.40,    49.98)   27.01      2.39    7.19    0.45    55.54
                  (    0.02,     0.04)    0.00      0.00    0.00    0.04     0.00
 F356W: sersic    : (   50.52,    50.05)   26.11      1.35    6.79    0.47    55.54
                  (    0.02,     0.04)    0.00      0.00    0.00    0.04     0.00
 F410M: sersic    : (   50.60,    50.10)   25.91      0.65    6.52    0.48    55.54
                  (    0.02,     0.04)    0.00      0.00    0.00    0.04     0.00
 F444W: sersic    : (   50.66,    50.13)   26.19     *0.20*   6.35    0.49    55.54
                  (    0.02,     0.04)    0.00     *0.00*   0.00    0.04     0.00
 Chi^2 = 20576.56975,  ndof = 18189
 Chi^2/nu = 1.131 

-----------------------------------------------------------------------------
