-----------------------------------------------------------------------------

Input images    : 20547_f090w_data.fits,20547_f115w_data.fits,20547_f150w_data.fits,20547_f277w_data.fits,20547_f356w_data.fits,20547_f410m_data.fits,20547_f444w_data.fits [25:75,25:75] 
Init. par. file : 20547_galfitm.feedme 
Restart file    : 20547_result.galfit.01 
Output image    : 20547_result.fits 

 F090W: psf       : (   47.89,    52.34)  *31.00*
                  (    0.09,     0.12)   *0.00*
 F115W: psf       : (   47.79,    52.35)  *31.06*
                  (    0.09,     0.12)   *0.00*
 F150W: psf       : (   47.65,    52.37)  *30.79*
                  (    0.09,     0.12)   *0.00*
 F277W: psf       : (   47.13,    52.43)   28.79
                  (    0.09,     0.12)    0.00
 F356W: psf       : (   46.81,    52.48)   27.00
                  (    0.09,     0.12)    0.00
 F410M: psf       : (   46.60,    52.50)   26.37
                  (    0.09,     0.12)    0.00
 F444W: psf       : (   46.46,    52.52)   26.54
                  (    0.09,     0.12)    0.00
 F090W: sersic    : (   50.34,    50.06)  *30.34*     4.61    8.00    0.36    75.73
                  (    0.09,     0.12)   *0.00*     0.00    0.00    0.12     0.00
 F115W: sersic    : (   50.17,    50.19)   29.73      6.33    8.00    0.26    72.40
                  (    0.09,     0.12)    0.00      0.00    0.00    0.12     0.00
 F150W: sersic    : (   49.94,    50.39)  *30.00*     8.24    8.00    0.16    67.73
                  (    0.09,     0.12)   *0.00*     0.00    0.00    0.12     0.00
 F277W: sersic    : (   49.10,    51.08)   27.97     10.35    8.00    0.10    50.79
                  (    0.09,     0.12)    0.00      0.00    0.00    0.12     0.00
 F356W: sersic    : (   48.58,    51.52)   28.68      7.84    8.00    0.29    40.26
                  (    0.09,     0.12)    0.00      0.00    0.00    0.12     0.00
 F410M: sersic    : (   48.22,    51.81)   27.91      4.45    8.00    0.53    33.06
                  (    0.09,     0.12)    0.00      0.00    0.00    0.12     0.00
 F444W: sersic    : (   48.00,    52.00)   27.16      1.60    8.00    0.72    28.52
                  (    0.09,     0.12)    0.00      0.00    0.00    0.12     0.00
 Chi^2 = 18921.84876,  ndof = 18174
 Chi^2/nu = 1.041 

-----------------------------------------------------------------------------
-----------------------------------------------------------------------------

Input images    : 20547_f090w_data.fits,20547_f115w_data.fits,20547_f150w_data.fits,20547_f277w_data.fits,20547_f356w_data.fits,20547_f410m_data.fits,20547_f444w_data.fits [25:75,25:75] 
Init. par. file : 20547_galfitm.feedme 
Restart file    : 20547_result.galfit.02 
Output image    : 20547_result.fits 

 F090W: psf       : (   47.70,    52.43)  *31.06*
                  (    0.09,     0.12)   *0.00*
 F115W: psf       : (   47.62,    52.43)  *31.11*
                  (    0.09,     0.12)   *0.00*
 F150W: psf       : (   47.50,    52.44)  *30.84*
                  (    0.09,     0.12)   *0.00*
 F277W: psf       : (   47.07,    52.47)   28.79
                  (    0.09,     0.12)    0.00
 F356W: psf       : (   46.81,    52.49)   27.00
                  (    0.09,     0.12)    0.00
 F410M: psf       : (   46.63,    52.51)   26.36
                  (    0.09,     0.12)    0.00
 F444W: psf       : (   46.51,    52.52)   26.50
                  (    0.09,     0.12)    0.00
 F090W: sersic    : (   50.41,    49.82)  *30.29*     4.38    8.00    0.37    72.12
                  (    0.09,     0.12)   *0.00*     0.00    0.00    0.11     0.00
 F115W: sersic    : (   50.24,    49.97)   29.80      5.86    8.00    0.28    69.18
                  (    0.09,     0.12)    0.00      0.00    0.00    0.11     0.00
 F150W: sersic    : (   50.01,    50.19)  *30.01*     7.51    8.00    0.18    65.06
                  (    0.09,     0.12)   *0.00*     0.00    0.00    0.11     0.00
 F277W: sersic    : (   49.14,    50.97)   27.96      9.50    8.00    0.10    50.13
                  (    0.09,     0.12)    0.00      0.00    0.00    0.11     0.00
 F356W: sersic    : (   48.60,    51.46)   28.70      7.57    8.00    0.28    40.83
                  (    0.09,     0.12)    0.00      0.00    0.00    0.11     0.00
 F410M: sersic    : (   48.23,    51.79)   28.02      4.85    8.00    0.50    34.48
                  (    0.09,     0.12)    0.00      0.00    0.00    0.11     0.00
 F444W: sersic    : (   48.00,    52.00)   27.15      2.56    8.00    0.68    30.48
                  (    0.09,     0.12)    0.00      0.00    0.00    0.11     0.00
 Chi^2 = 18916.82189,  ndof = 18174
 Chi^2/nu = 1.041 

-----------------------------------------------------------------------------
-----------------------------------------------------------------------------

Input images    : 20547_f090w_data.fits,20547_f115w_data.fits,20547_f150w_data.fits,20547_f277w_data.fits,20547_f356w_data.fits,20547_f410m_data.fits,20547_f444w_data.fits [25:75,25:75] 
Init. par. file : 20547_galfitm.feedme 
Restart file    : 20547_result.galfit.03 
Output image    : 20547_result.fits 

 F090W: psf       : (   47.46,    53.19)  *31.78*
                  (    0.07,     0.13)   *0.00*
 F115W: psf       : (   47.39,    53.12)  *31.22*
                  (    0.07,     0.13)   *0.00*
 F150W: psf       : (   47.29,    53.03)  *30.62*
                  (    0.07,     0.13)   *0.00*
 F277W: psf       : (   46.95,    52.68)   28.66
                  (    0.07,     0.13)    0.00
 F356W: psf       : (   46.73,    52.47)   27.02
                  (    0.07,     0.13)    0.00
 F410M: psf       : (   46.58,    52.32)   26.37
                  (    0.07,     0.13)    0.00
 F444W: psf       : (   46.49,    52.23)   27.06
                  (    0.07,     0.13)    0.00
 F090W: sersic    : (   53.99,    49.12)  *30.13*     1.35    2.84    0.11   125.67
                  (    0.07,     0.13)   *0.00*     0.00    0.00    0.14     0.00
 F115W: sersic    : (   53.51,    49.38)   29.69      2.42    2.17    0.12   117.39
                  (    0.07,     0.13)    0.00      0.00    0.00    0.14     0.00
 F150W: sersic    : (   52.83,    49.74)   29.92      3.64    1.42    0.13   105.80
                  (    0.07,     0.13)    0.00      0.00    0.00    0.14     0.00
 F277W: sersic    : (   50.38,    51.03)   28.37      5.30    0.39    0.20    63.74
                  (    0.07,     0.13)    0.00      0.00    0.00    0.14     0.00
 F356W: sersic    : (   48.85,    51.84)   28.78      4.15    1.10    0.28    37.58
                  (    0.07,     0.13)    0.00      0.00    0.00    0.14     0.00
 F410M: sersic    : (   47.81,    52.39)   28.30      2.39    2.18    0.34    19.69
                  (    0.07,     0.13)    0.00      0.00    0.00    0.14     0.00
 F444W: sersic    : (   47.15,    52.74)   26.73      0.89    3.11    0.39     8.43
                  (    0.07,     0.13)    0.00      0.00    0.00    0.14     0.00
 Chi^2 = 18836.78904,  ndof = 18174
 Chi^2/nu = 1.036 

-----------------------------------------------------------------------------
-----------------------------------------------------------------------------

Input images    : 20547_f277w_data.fits,20547_f356w_data.fits,20547_f410m_data.fits,20547_f444w_data.fits [25:75,25:75] 
Init. par. file : 20547_galfitm.feedme 
Restart file    : 20547_result.galfit.04 
Output image    : 20547_result.fits 

 F277W: psf       : (   47.07,    52.98)   28.59
                  (    0.06,     0.08)    0.00
 F356W: psf       : (   46.64,    52.49)   27.08
                  (    0.06,     0.08)    0.00
 F410M: psf       : (   46.52,    52.35)   26.61
                  (    0.06,     0.08)    0.00
 F444W: psf       : (   46.44,    52.25)   27.55
                  (    0.06,     0.08)    0.00
 F277W: sersic    : (   51.06,    50.60)   28.46      5.17    0.34    0.10    67.95
                  (    0.06,     0.08)    0.00      0.00    0.04    0.26     0.11
 F356W: sersic    : (   48.28,    51.96)   28.34      3.11    3.59    0.47    25.49
                  (    0.06,     0.08)    0.00      0.00    0.04    0.26     0.11
 F410M: sersic    : (   47.49,    52.34)   27.28      1.93    2.78    0.33    13.38
                  (    0.06,     0.08)    0.00      0.00    0.04    0.26     0.11
 F444W: sersic    : (   46.95,    52.61)   26.49      0.97    1.79    0.17     5.10
                  (    0.06,     0.08)    0.00      0.00    0.04    0.26     0.11
 Chi^2 = 10706.64124,  ndof = 10377
 Chi^2/nu = 1.032 

-----------------------------------------------------------------------------
-----------------------------------------------------------------------------

Input images    : 20547_f277w_data.fits,20547_f356w_data.fits,20547_f410m_data.fits,20547_f444w_data.fits [25:75,25:75] 
Init. par. file : 20547_galfitm.feedme 
Restart file    : 20547_result.galfit.05 
Output image    : 20547_result.fits 

 F277W: psf       : (   46.91,    52.78)   28.56
                  (    0.04,     0.06)    0.00
 F356W: psf       : (   46.69,    52.45)   27.07
                  (    0.04,     0.06)    0.00
 F410M: psf       : (   46.62,    52.35)   26.45
                  (    0.04,     0.06)    0.00
 F444W: psf       : (   46.58,    52.29)   26.86
                  (    0.04,     0.06)    0.00
 F277W: sersic    : (   52.09,    51.10)   28.03      4.93    0.30    0.96  [-74.04]
                  (    0.04,     0.06)    0.00      0.00    0.04    0.18    [0.09]
 F356W: sersic    : (   48.71,    52.23)   28.35      2.95    5.18    0.96  [-74.04]
                  (    0.04,     0.06)    0.00      0.00    0.04    0.18    [0.09]
 F410M: sersic    : (   47.75,    52.55)   27.52      2.39    5.78    0.96  [-74.04]
                  (    0.04,     0.06)    0.00      0.00    0.04    0.18    [0.09]
 F444W: sersic    : (   47.09,    52.77)   26.57      2.00    5.99    0.96  [-74.04]
                  (    0.04,     0.06)    0.00      0.00    0.04    0.18    [0.09]
 Chi^2 = 10605.46818,  ndof = 10382
 Chi^2/nu = 1.022 

-----------------------------------------------------------------------------
-----------------------------------------------------------------------------

Input images    : 20547_f277w_data.fits,20547_f356w_data.fits,20547_f410m_data.fits,20547_f444w_data.fits [25:75,25:75] 
Init. par. file : 20547_galfitm_psf.feedme 
Restart file    : 20547_result_psf.galfit.01 
Output image    : 20547_result_psf.fits 

 F277W: psf       : (   47.14,    52.62)   28.20
                  (    0.04,     0.05)    0.00
 F356W: psf       : (   46.87,    52.48)   26.92
                  (    0.04,     0.05)    0.00
 F410M: psf       : (   46.79,    52.44)   26.25
                  (    0.04,     0.05)    0.00
 F444W: psf       : (   46.74,    52.41)   26.21
                  (    0.04,     0.05)    0.00
 Chi^2 = 10686.56891,  ndof = 10396
 Chi^2/nu = 1.028 

-----------------------------------------------------------------------------
