-----------------------------------------------------------------------------

Input images    : 15500_f090w_data.fits,15500_f115w_data.fits,15500_f150w_data.fits,15500_f277w_data.fits,15500_f356w_data.fits,15500_f410m_data.fits,15500_f444w_data.fits [1:100,1:100] 
Init. par. file : 15500_galfitm.feedme 
Restart file    : 15500_result.galfit.01 
Output image    : 15500_result.fits 

 F090W: psf       : (   50.34,    51.45)   28.92
                  (    0.03,     0.05)    0.00
 F115W: psf       : (   50.47,    51.32)   29.12
                  (    0.03,     0.05)    0.00
 F150W: psf       : (   50.64,    51.15)   29.17
                  (    0.03,     0.05)    0.00
 F277W: psf       : (   51.27,    50.53)   28.11
                  (    0.03,     0.05)    0.00
 F356W: psf       : (   51.66,    50.14)   27.21
                  (    0.03,     0.05)    0.00
 F410M: psf       : (   51.92,    49.87)   26.76
                  (    0.03,     0.05)    0.00
 F444W: psf       : (   52.09,    49.71)   26.58
                  (    0.03,     0.05)    0.00
 F090W: sersic    : (   49.48,    51.00)   29.90      7.72    1.71    0.70   -87.33
                  (    0.03,     0.05)    0.00      0.00    0.00    0.05     0.00
 F115W: sersic    : (   49.58,    50.98)  *30.98*     8.86    3.09    0.71   -83.71
                  (    0.03,     0.05)   *0.00*     0.00    0.00    0.05     0.00
 F150W: sersic    : (   49.73,    50.96)  *31.21*    10.04    4.75    0.70   -78.64
                  (    0.03,     0.05)   *0.00*     0.00    0.00    0.05     0.00
 F277W: sersic    : (   50.27,    50.89)   29.42     10.23    7.98    0.57   -60.26
                  (    0.03,     0.05)    0.00      0.00    0.00    0.05     0.00
 F356W: sersic    : (   50.61,    50.85)   29.89      7.11    7.81    0.40   -48.82
                  (    0.03,     0.05)    0.00      0.00    0.00    0.05     0.00
 F410M: sersic    : (   50.84,    50.82)   29.21      3.55    6.72    0.25   -41.01
                  (    0.03,     0.05)    0.00      0.00    0.00    0.05     0.00
 F444W: sersic    : (   50.99,    50.80)   27.00      0.72    5.64    0.14   -36.08
                  (    0.03,     0.05)    0.00      0.00    0.00    0.05     0.00
 Chi^2 = 27531.89735,  ndof = 69971
 Chi^2/nu = 0.393 

-----------------------------------------------------------------------------
-----------------------------------------------------------------------------

Input images    : 15500_f090w_data.fits,15500_f115w_data.fits,15500_f150w_data.fits,15500_f277w_data.fits,15500_f356w_data.fits,15500_f410m_data.fits,15500_f444w_data.fits [25:75,25:75] 
Init. par. file : 15500_galfitm.feedme 
Restart file    : 15500_result.galfit.02 
Output image    : 15500_result.fits 

 F090W: psf       : (   50.53,    50.97)   29.54
                  (    0.03,     0.07)    0.00
 F115W: psf       : (   50.63,    50.89)   29.06
                  (    0.03,     0.07)    0.00
 F150W: psf       : (   50.77,    50.78)   28.82
                  (    0.03,     0.07)    0.00
 F277W: psf       : (   51.29,    50.38)   28.32
                  (    0.03,     0.07)    0.00
 F356W: psf       : (   51.61,    50.13)   27.17
                  (    0.03,     0.07)    0.00
 F410M: psf       : (   51.83,    49.96)   26.88
                  (    0.03,     0.07)    0.00
 F444W: psf       : (   51.97,    49.85)   27.53
                  (    0.03,     0.07)    0.00
 F090W: sersic    : (   48.43,    52.00)   28.27      7.11    2.14    0.99    68.11
                  (    0.03,     0.07)    0.00      0.00    0.00    0.10     0.00
 F115W: sersic    : (   48.66,    51.88)   29.32      7.71    2.24    0.79    55.42
                  (    0.03,     0.07)    0.00      0.00    0.00    0.10     0.00
 F150W: sersic    : (   48.97,    51.71)   29.65      8.30    2.33    0.55    37.64
                  (    0.03,     0.07)    0.00      0.00    0.00    0.10     0.00
 F277W: sersic    : (   50.11,    51.08)   28.96      7.90    2.05    0.10   -26.84
                  (    0.03,     0.07)    0.00      0.00    0.00    0.10     0.00
 F356W: sersic    : (   50.82,    50.70)   29.88      5.68    1.42    0.15   -66.95
                  (    0.03,     0.07)    0.00      0.00    0.00    0.10     0.00
 F410M: sersic    : (   51.30,    50.43)   29.00      3.29    0.79    0.33   -94.37
                  (    0.03,     0.07)    0.00      0.00    0.00    0.10     0.00
 F444W: sersic    : (   51.61,    50.27)   26.33      1.42    0.30    0.51  -111.64
                  (    0.03,     0.07)    0.00      0.00    0.00    0.10     0.00
 Chi^2 = 7107.94563,  ndof = 18178
 Chi^2/nu = 0.391 

-----------------------------------------------------------------------------
-----------------------------------------------------------------------------

Input images    : 15500_f090w_data.fits,15500_f115w_data.fits,15500_f150w_data.fits,15500_f277w_data.fits,15500_f356w_data.fits,15500_f410m_data.fits,15500_f444w_data.fits [25:75,25:75] 
Init. par. file : 15500_galfitm.feedme 
Restart file    : 15500_result.galfit.03 
Output image    : 15500_result.fits 

 F090W: psf       : (   50.52,    50.77)   28.94
                  (    0.02,     0.04)    0.00
 F115W: psf       : (   50.63,    50.70)   28.98
                  (    0.02,     0.04)    0.00
 F150W: psf       : (   50.77,    50.61)   28.52
                  (    0.02,     0.04)    0.00
 F277W: psf       : (   51.30,    50.27)   28.36
                  (    0.02,     0.04)    0.00
 F356W: psf       : (   51.63,    50.06)   27.20
                  (    0.02,     0.04)    0.00
 F410M: psf       : (   51.86,    49.91)   26.83
                  (    0.02,     0.04)    0.00
 F444W: psf       : (   52.00,    49.82)   26.28
                  (    0.02,     0.04)    0.00
 F090W: sersic    : (   49.68,    52.00)   29.38      7.29    2.27    0.73  -111.71
                  (    0.02,     0.04)    0.00      0.00    0.00    0.05     0.00
 F115W: sersic    : (   49.74,    51.98)   29.31      7.44    3.81    0.63   -99.00
                  (    0.02,     0.04)    0.00      0.00    0.00    0.05     0.00
 F150W: sersic    : (   49.81,    51.96)   29.94      7.49    5.55    0.53   -81.21
                  (    0.02,     0.04)    0.00      0.00    0.00    0.05     0.00
 F277W: sersic    : (   50.08,    51.89)   28.80      6.15    7.89    0.44   -16.67
                  (    0.02,     0.04)    0.00      0.00    0.00    0.05     0.00
 F356W: sersic    : (   50.25,    51.84)   29.04      4.10    6.19    0.60    23.47
                  (    0.02,     0.04)    0.00      0.00    0.00    0.05     0.00
 F410M: sersic    : (   50.36,    51.81)   29.58      2.17    3.62    0.81    50.92
                  (    0.02,     0.04)    0.00      0.00    0.00    0.05     0.00
 F444W: sersic    : (   50.43,    51.79)   27.70      0.73    1.43    0.98    68.20
                  (    0.02,     0.04)    0.00      0.00    0.00    0.05     0.00
 Chi^2 = 7115.04108,  ndof = 18174
 Chi^2/nu = 0.391 

-----------------------------------------------------------------------------
-----------------------------------------------------------------------------

Input images    : 15500_f090w_data.fits,15500_f115w_data.fits,15500_f150w_data.fits,15500_f277w_data.fits,15500_f356w_data.fits,15500_f410m_data.fits,15500_f444w_data.fits [25:75,25:75] 
Init. par. file : 15500_galfitm.feedme 
Restart file    : 15500_result.galfit.04 
Output image    : 15500_result.fits 

 F090W: psf       : (   50.51,    50.79)   28.90
                  (    0.02,     0.04)    0.00
 F115W: psf       : (   50.62,    50.72)   28.95
                  (    0.02,     0.04)    0.00
 F150W: psf       : (   50.77,    50.62)   28.50
                  (    0.02,     0.04)    0.00
 F277W: psf       : (   51.32,    50.26)   28.33
                  (    0.02,     0.04)    0.00
 F356W: psf       : (   51.66,    50.03)   27.22
                  (    0.02,     0.04)    0.00
 F410M: psf       : (   51.89,    49.88)   26.85
                  (    0.02,     0.04)    0.00
 F444W: psf       : (   52.03,    49.78)   26.29
                  (    0.02,     0.04)    0.00
 F090W: sersic    : (   49.70,    51.99)   29.33      8.73    2.19    0.71    -8.32
                  (    0.02,     0.04)    0.00      0.00    0.00    0.05     0.00
 F115W: sersic    : (   49.75,    51.98)   29.19      8.29    3.64    0.70   -10.50
                  (    0.02,     0.04)    0.00      0.00    0.00    0.05     0.00
 F150W: sersic    : (   49.83,    51.96)   29.76      7.66    5.31    0.68   -13.54
                  (    0.02,     0.04)    0.00      0.00    0.00    0.05     0.00
 F277W: sersic    : (   50.12,    51.89)   28.78      5.26    7.99    0.52   -24.60
                  (    0.02,     0.04)    0.00      0.00    0.00    0.05     0.00
 F356W: sersic    : (   50.30,    51.85)   28.90      3.67    6.98    0.35   -31.47
                  (    0.02,     0.04)    0.00      0.00    0.00    0.05     0.00
 F410M: sersic    : (   50.42,    51.82)   29.30      2.55    5.10    0.21   -36.17
                  (    0.02,     0.04)    0.00      0.00    0.00    0.05     0.00
 F444W: sersic    : (   50.50,    51.80)   27.42      1.83    3.42    0.10   -39.13
                  (    0.02,     0.04)    0.00      0.00    0.00    0.05     0.00
 Chi^2 = 7110.24750,  ndof = 18174
 Chi^2/nu = 0.391 

-----------------------------------------------------------------------------
-----------------------------------------------------------------------------

Input images    : 15500_f090w_data.fits,15500_f115w_data.fits,15500_f150w_data.fits,15500_f277w_data.fits,15500_f356w_data.fits,15500_f410m_data.fits,15500_f444w_data.fits [25:75,25:75] 
Init. par. file : 15500_galfitm_measuresize.feedme 
Restart file    : 15500_result_sersic.galfit.01 
Output image    : 15500_result_sersic.fits 

 F090W: sersic    : (   50.61,    50.95)   27.55      5.76    5.69    0.97    69.22
                  (    0.12,     0.14)    0.00      0.00    0.00    0.14     0.00
 F115W: sersic    : (   50.69,    50.89)   27.67      4.81    9.39    0.90    57.02
                  (    0.12,     0.14)    0.00      0.00    0.00    0.14     0.00
 F150W: sersic    : (   50.81,    50.80)   27.51      3.63  *13.61*   0.82    39.95
                  (    0.12,     0.14)    0.00      0.00   *0.00*   0.14     0.00
 F277W: sersic    : (   51.22,    50.49)   27.57      0.74  *19.46*   0.63   -22.00
                  (    0.12,     0.14)    0.00      0.00   *0.00*   0.14     0.00
 F356W: sersic    : (   51.47,    50.29)   26.82     *0.05* *15.62*   0.61   -60.53
                  (    0.12,     0.14)    0.00     *0.00*  *0.00*   0.14     0.00
 F410M: sersic    : (   51.64,    50.16)   26.62     *0.07*   9.70    0.63   -86.87
                  (    0.12,     0.14)    0.00     *0.00*   0.00    0.14     0.00
 F444W: sersic    : (   51.75,    50.07)   26.03     *0.28*   4.60    0.66  -103.45
                  (    0.12,     0.14)    0.00     *0.00*   0.00    0.14     0.00
 Chi^2 = 7126.46365,  ndof = 18185
 Chi^2/nu = 0.392 

-----------------------------------------------------------------------------
-----------------------------------------------------------------------------

Input images    : 15500_f090w_data.fits,15500_f115w_data.fits,15500_f150w_data.fits,15500_f277w_data.fits,15500_f356w_data.fits,15500_f410m_data.fits,15500_f444w_data.fits [25:75,25:75] 
Init. par. file : 15500_galfitm_measuresize.feedme 
Restart file    : 15500_result_sersic.galfit.02 
Output image    : 15500_result_sersic.fits 

 F090W: sersic    : (   50.63,    50.86)   27.66      4.60    3.74    1.00  -101.37
                  (    0.09,     0.11)    0.00      0.00    0.00    0.13     0.00
 F115W: sersic    : (   50.71,    50.80)   27.67      4.59    4.76    0.88   -97.97
                  (    0.09,     0.11)    0.00      0.00    0.00    0.13     0.00
 F150W: sersic    : (   50.83,    50.72)   27.53      4.50    5.96    0.74   -93.22
                  (    0.09,     0.11)    0.00      0.00    0.00    0.13     0.00
 F277W: sersic    : (   51.24,    50.44)   27.44      3.48    7.98    0.42   -75.97
                  (    0.09,     0.11)    0.00      0.00    0.00    0.13     0.00
 F356W: sersic    : (   51.50,    50.27)   26.66      2.31    7.41    0.37   -65.23
                  (    0.09,     0.11)    0.00      0.00    0.00    0.13     0.00
 F410M: sersic    : (   51.67,    50.15)   26.53      1.26    6.21    0.40   -57.90
                  (    0.09,     0.11)    0.00      0.00    0.00    0.13     0.00
 F444W: sersic    : (   51.78,    50.07)   25.99      0.50    5.11    0.44   -53.28
                  (    0.09,     0.11)    0.00      0.00    0.00    0.13     0.00
 Chi^2 = 7181.30282,  ndof = 18185
 Chi^2/nu = 0.395 

-----------------------------------------------------------------------------
-----------------------------------------------------------------------------

Input images    : 15500_f090w_data.fits,15500_f115w_data.fits,15500_f150w_data.fits,15500_f277w_data.fits,15500_f356w_data.fits,15500_f410m_data.fits,15500_f444w_data.fits [25:75,25:75] 
Init. par. file : 15500_galfitm_measuresize.feedme 
Restart file    : 15500_result_sersic.galfit.03 
Output image    : 15500_result_sersic.fits 

 F090W: sersic    : (   50.64,    50.88)   27.82      1.85    3.43    0.99  -113.14
                  (    0.07,     0.08)    0.00      0.00    0.00    0.08     0.00
 F115W: sersic    : (   50.72,    50.82)   27.82      1.76    3.21    0.97  -101.43
                  (    0.07,     0.08)    0.00      0.00    0.00    0.08     0.00
 F150W: sersic    : (   50.83,    50.74)   27.69      1.64    2.90    0.94   -85.03
                  (    0.07,     0.08)    0.00      0.00    0.00    0.08     0.00
 F277W: sersic    : (   51.24,    50.44)   27.85      1.21    1.78    0.84   -25.52
                  (    0.07,     0.08)    0.00      0.00    0.00    0.08     0.00
 F356W: sersic    : (   51.49,    50.26)   27.03      0.93    1.09    0.78    11.50
                  (    0.07,     0.08)    0.00      0.00    0.00    0.08     0.00
 F410M: sersic    : (   51.67,    50.13)   26.76      0.75    0.61    0.73    36.80
                  (    0.07,     0.08)    0.00      0.00    0.00    0.08     0.00
 F444W: sersic    : (   51.78,    50.05)   26.06      0.63    0.31    0.71    52.74
                  (    0.07,     0.08)    0.00      0.00    0.00    0.08     0.00
 Chi^2 = 7132.94314,  ndof = 18188
 Chi^2/nu = 0.392 

-----------------------------------------------------------------------------
-----------------------------------------------------------------------------

Input images    : 15500_f090w_data.fits,15500_f115w_data.fits,15500_f150w_data.fits,15500_f277w_data.fits,15500_f356w_data.fits,15500_f410m_data.fits,15500_f444w_data.fits [25:75,25:75] 
Init. par. file : 15500_galfitm_measuresize.feedme 
Restart file    : 15500_result_sersic.galfit.04 
Output image    : 15500_result_sersic.fits 

 F090W: sersic    : (   50.69,    50.86)   29.20      0.87    0.32    0.69  -158.95
                  (    0.06,     0.07)    0.00      0.00    0.00    0.08     0.00
 F115W: sersic    : (   50.77,    50.80)   28.84      0.87    0.33    0.69  -146.26
                  (    0.06,     0.07)    0.00      0.00    0.00    0.08     0.00
 F150W: sersic    : (   50.88,    50.72)   28.52      0.87    0.36    0.70  -128.48
                  (    0.06,     0.07)    0.00      0.00    0.00    0.08     0.00
 F277W: sersic    : (   51.27,    50.44)   28.04      0.87    0.44    0.72   -63.99
                  (    0.06,     0.07)    0.00      0.00    0.00    0.08     0.00
 F356W: sersic    : (   51.51,    50.26)   27.05      0.87    0.50    0.74   -23.87
                  (    0.06,     0.07)    0.00      0.00    0.00    0.08     0.00
 F410M: sersic    : (   51.67,    50.13)   26.74      0.87    0.54    0.75     3.55
                  (    0.06,     0.07)    0.00      0.00    0.00    0.08     0.00
 F444W: sersic    : (   51.78,    50.06)   26.04      0.87    0.56    0.76    20.81
                  (    0.06,     0.07)    0.00      0.00    0.00    0.08     0.00
 Chi^2 = 7119.05410,  ndof = 18189
 Chi^2/nu = 0.391 

-----------------------------------------------------------------------------
